D/TidaProvider( 5860): TidaProvider()
W/ResourceType( 5860): No package identifier when getting name for resource number 0x00000000
W/System  ( 5860): ClassLoader referenced unknown path: /data/app/com.detoxtest.test-1/lib/arm64
W/ResourceType( 5860): No package identifier when getting name for resource number 0x00000000
I/MonitoringInstr( 5860): Instrumentation started!
I/MonitoringInstr( 5860): Setting context classloader to 'dalvik.system.PathClassLoader[DexPathList[[zip file "/system/framework/android.test.runner.jar", zip file "/data/app/com.detoxtest.test-1/base.apk", zip file "/data/app/com.detoxtest-1/base.apk"],nativeLibraryDirectories=[/data/app/com.detoxtest.test-1/lib/arm64, /data/app/com.detoxtest-1/lib/arm64, /data/app/com.detoxtest.test-1/base.apk!/lib/arm64-v8a, /data/app/com.detoxtest-1/base.apk!/lib/arm64-v8a, /vendor/lib64, /system/lib64]]]', Original: 'dalvik.system.PathClassLoader[DexPathList[[zip file "/system/framework/android.test.runner.jar", zip file "/data/app/com.detoxtest.test-1/base.apk", zip file "/data/app/com.detoxtest-1/base.apk"],nativeLibraryDirectories=[/data/app/com.detoxtest.test-1/lib/arm64, /data/app/com.detoxtest-1/lib/arm64, /data/app/com.detoxtest.test-1/base.apk!/lib/arm64-v8a, /data/app/com.detoxtest-1/base.apk!/lib/arm64-v8a, /vendor/lib64, /system/lib64]]]'
D/SoLoader( 5860): init start
D/SoLoader( 5860): adding system library source: /vendor/lib64
D/SoLoader( 5860): adding system library source: /system/lib64
D/SoLoader( 5860): adding application source: com.facebook.soloader.DirectorySoSource[root = /data/app/com.detoxtest-1/lib/arm64 flags = 0]
D/SoLoader( 5860): adding backup source from : com.facebook.soloader.ApkSoSource[root = /data/data/com.detoxtest/lib-main flags = 1]
D/SoLoader( 5860): Preparing SO source: com.facebook.soloader.DirectorySoSource[root = /system/lib64 flags = 2]
D/SoLoader( 5860): Preparing SO source: com.facebook.soloader.DirectorySoSource[root = /system/vendor/lib64 flags = 2]
D/SoLoader( 5860): Preparing SO source: com.facebook.soloader.DirectorySoSource[root = /data/app/com.detoxtest-1/lib/arm64 flags = 0]
D/SoLoader( 5860): Preparing SO source: com.facebook.soloader.ApkSoSource[root = /data/data/com.detoxtest/lib-main flags = 1]
V/fb-UnpackingSoSource( 5860): locked dso store /data/user/0/com.detoxtest/lib-main
V/fb-UnpackingSoSource( 5860): deps mismatch on deps store: regenerating
V/fb-UnpackingSoSource( 5860): so store dirty: regenerating
I/ADB_SERVICES(  489): service_to_fd shell:logcat -T "04-13 10:08:54.000" -v brief | grep "( 5860):" >> /sdcard/10822244_0.log
D/ApkSoSource( 5860): not allowing consideration of lib/arm64-v8a/libc++_shared.so: deferring to libdir
D/ApkSoSource( 5860): not allowing consideration of lib/arm64-v8a/libfb.so: deferring to libdir
D/ApkSoSource( 5860): not allowing consideration of lib/arm64-v8a/libfbjni.so: deferring to libdir
D/ApkSoSource( 5860): not allowing consideration of lib/arm64-v8a/libfolly_futures.so: deferring to libdir
D/ApkSoSource( 5860): not allowing consideration of lib/arm64-v8a/libfolly_json.so: deferring to libdir
D/ApkSoSource( 5860): not allowing consideration of lib/arm64-v8a/libglog.so: deferring to libdir
D/ApkSoSource( 5860): not allowing consideration of lib/arm64-v8a/libglog_init.so: deferring to libdir
D/ApkSoSource( 5860): not allowing consideration of lib/arm64-v8a/libhermes-executor-common-debug.so: deferring to libdir
D/ApkSoSource( 5860): not allowing consideration of lib/arm64-v8a/libhermes-executor-common-release.so: deferring to libdir
D/ApkSoSource( 5860): not allowing consideration of lib/arm64-v8a/libhermes-executor-debug.so: deferring to libdir
D/ApkSoSource( 5860): not allowing consideration of lib/arm64-v8a/libhermes-executor-release.so: deferring to libdir
D/ApkSoSource( 5860): not allowing consideration of lib/arm64-v8a/libhermes-inspector.so: deferring to libdir
D/ApkSoSource( 5860): not allowing consideration of lib/arm64-v8a/libimagepipeline.so: deferring to libdir
D/ApkSoSource( 5860): not allowing consideration of lib/arm64-v8a/libjsc.so: deferring to libdir
D/ApkSoSource( 5860): not allowing consideration of lib/arm64-v8a/libjscexecutor.so: deferring to libdir
D/ApkSoSource( 5860): not allowing consideration of lib/arm64-v8a/libjsijniprofiler.so: deferring to libdir
D/ApkSoSource( 5860): not allowing consideration of lib/arm64-v8a/libjsinspector.so: deferring to libdir
D/ApkSoSource( 5860): not allowing consideration of lib/arm64-v8a/libnative-filters.so: deferring to libdir
D/ApkSoSource( 5860): not allowing consideration of lib/arm64-v8a/libnative-imagetranscoder.so: deferring to libdir
D/ApkSoSource( 5860): not allowing consideration of lib/arm64-v8a/libreact_codegen_reactandroidspec.so: deferring to libdir
D/ApkSoSource( 5860): not allowing consideration of lib/arm64-v8a/libreact_nativemodule_core.so: deferring to libdir
D/ApkSoSource( 5860): not allowing consideration of lib/arm64-v8a/libreactnativeblob.so: deferring to libdir
D/ApkSoSource( 5860): not allowing consideration of lib/arm64-v8a/libreactnativejni.so: deferring to libdir
D/ApkSoSource( 5860): not allowing consideration of lib/arm64-v8a/libreactnativeutilsjni.so: deferring to libdir
D/ApkSoSource( 5860): not allowing consideration of lib/arm64-v8a/libreactperfloggerjni.so: deferring to libdir
D/ApkSoSource( 5860): not allowing consideration of lib/arm64-v8a/libturbomodulejsijni.so: deferring to libdir
D/ApkSoSource( 5860): not allowing consideration of lib/arm64-v8a/libyoga.so: deferring to libdir
V/fb-UnpackingSoSource( 5860): regenerating DSO store com.facebook.soloader.ApkSoSource
V/fb-UnpackingSoSource( 5860): Finished regenerating DSO store com.facebook.soloader.ApkSoSource
V/fb-UnpackingSoSource( 5860): starting syncer worker
V/fb-UnpackingSoSource( 5860): releasing dso store lock for /data/user/0/com.detoxtest/lib-main (from syncer thread)
V/fb-UnpackingSoSource( 5860): not releasing dso store lock for /data/user/0/com.detoxtest/lib-main (syncer thread started)
D/SoLoader( 5860): init finish: 4 SO sources prepared
D/SoLoader( 5860): init exiting
D/SoLoader( 5860): init exiting
D/SoLoader( 5860): About to load: libjscexecutor.so
D/SoLoader( 5860): libjscexecutor.so not found on /data/data/com.detoxtest/lib-main
D/SoLoader( 5860): libjscexecutor.so found on /data/app/com.detoxtest-1/lib/arm64
D/SoLoader( 5860): Not resolving dependencies for libjscexecutor.so
D/JavaScriptCore.Version( 5860): 245459.0.0
D/SoLoader( 5860): Loaded: libjscexecutor.so
D/SoLoader( 5860): init exiting
I/MonitoringInstr( 5860): No JSBridge.
I/MonitoringInstr( 5860): Setting context classloader to 'dalvik.system.PathClassLoader[DexPathList[[zip file "/system/framework/android.test.runner.jar", zip file "/data/app/com.detoxtest.test-1/base.apk", zip file "/data/app/com.detoxtest-1/base.apk"],nativeLibraryDirectories=[/data/app/com.detoxtest.test-1/lib/arm64, /data/app/com.detoxtest-1/lib/arm64, /data/app/com.detoxtest.test-1/base.apk!/lib/arm64-v8a, /data/app/com.detoxtest-1/base.apk!/lib/arm64-v8a, /vendor/lib64, /system/lib64]]]', Original: 'dalvik.system.PathClassLoader[DexPathList[[zip file "/system/framework/android.test.runner.jar", zip file "/data/app/com.detoxtest.test-1/base.apk", zip file "/data/app/com.detoxtest-1/base.apk"],nativeLibraryDirectories=[/data/app/com.detoxtest.test-1/lib/arm64, /data/app/com.detoxtest-1/lib/arm64, /data/app/com.detoxtest.test-1/base.apk!/lib/arm64-v8a, /data/app/com.detoxtest-1/base.apk!/lib/arm64-v8a, /vendor/lib64, /system/lib64]]]'
I/UsageTrackerFacilitator( 5860): Usage tracking enabled
I/TestRequestBuilder( 5860): Scanning classpath to find tests in paths [/data/app/com.detoxtest.test-1/base.apk]
I/art     ( 5860): Background sticky concurrent mark sweep GC freed 36577(2MB) AllocSpace objects, 2(56KB) LOS objects, 14% free, 11MB/13MB, paused 5.696ms total 32.170ms
W/AndroidJUnit4Builder( 5860): java.lang.NoClassDefFoundError: java.util.stream.DoubleStream in hasTestMethods for kotlin.streams.jdk8.StreamsKt
D/TestExecutor( 5860): Adding listener androidx.test.internal.runner.listener.LogRunListener
D/TestExecutor( 5860): Adding listener androidx.test.internal.runner.listener.InstrumentationResultPrinter
D/TestExecutor( 5860): Adding listener androidx.test.internal.runner.listener.ActivityFinisherRunListener
I/TestRunner( 5860): run started: 1 tests
I/TestRunner( 5860): started: runDetoxTests(com.detoxtest.DetoxTest)
I/MonitoringInstr( 5860): Activities that are still in CREATED to STOPPED: 0
D/EventInjectionStrategy( 5860): Creating injection strategy with input manager.
I/Timeline( 5860): Timeline: Activity_launch_request time:221960310
E/THREAD_STATE( 5860):   Thread[Binder:5860_2,5,main]
E/THREAD_STATE( 5860): 
E/THREAD_STATE( 5860):   Thread[FileObserver,5,main]
E/THREAD_STATE( 5860):     android.os.FileObserver$ObserverThread.observe(Native Method)
E/THREAD_STATE( 5860):     android.os.FileObserver$ObserverThread.run(FileObserver.java:85)
E/THREAD_STATE( 5860): 
E/THREAD_STATE( 5860):   Thread[Instr: androidx.test.runner.AndroidJUnitRunner,5,main]
E/THREAD_STATE( 5860):     dalvik.system.VMStack.getThreadStackTrace(Native Method)
E/THREAD_STATE( 5860):     java.lang.Thread.getStackTrace(Thread.java:580)
E/THREAD_STATE( 5860):     java.lang.Thread.getAllStackTraces(Thread.java:522)
E/THREAD_STATE( 5860):     androidx.test.runner.MonitoringInstrumentation.getThreadState(MonitoringInstrumentation.java:671)
E/THREAD_STATE( 5860):     androidx.test.runner.MonitoringInstrumentation.dumpThreadStateToOutputs(MonitoringInstrumentation.java:666)
E/THREAD_STATE( 5860):     androidx.test.runner.MonitoringInstrumentation.startActivitySync(MonitoringInstrumentation.java:478)
E/THREAD_STATE( 5860):     androidx.test.rule.ActivityTestRule.launchActivity(ActivityTestRule.java:358)
E/THREAD_STATE( 5860):     com.wix.detox.Detox.runTests(Detox.java:201)
E/THREAD_STATE( 5860):     com.wix.detox.Detox.runTests(Detox.java:132)
E/THREAD_STATE( 5860):     com.detoxtest.DetoxTest.runDetoxTests(DetoxTest.java:26)
E/THREAD_STATE( 5860):     java.lang.reflect.Method.invoke(Native Method)
E/THREAD_STATE( 5860):     org.junit.runners.model.FrameworkMethod$1.runReflectiveCall(FrameworkMethod.java:50)
E/THREAD_STATE( 5860):     org.junit.internal.runners.model.ReflectiveCallable.run(ReflectiveCallable.java:12)
E/THREAD_STATE( 5860):     org.junit.runners.model.FrameworkMethod.invokeExplosively(FrameworkMethod.java:47)
E/THREAD_STATE( 5860):     org.junit.internal.runners.statements.InvokeMethod.evaluate(InvokeMethod.java:17)
E/THREAD_STATE( 5860):     androidx.test.rule.ActivityTestRule$ActivityStatement.evaluate(ActivityTestRule.java:531)
E/THREAD_STATE( 5860):     org.junit.rules.RunRules.evaluate(RunRules.java:20)
E/THREAD_STATE( 5860):     org.junit.runners.ParentRunner.runLeaf(ParentRunner.java:325)
E/THREAD_STATE( 5860):     org.junit.runners.BlockJUnit4ClassRunner.runChild(BlockJUnit4ClassRunner.java:78)
E/THREAD_STATE( 5860):     org.junit.runners.BlockJUnit4ClassRunner.runChild(BlockJUnit4ClassRunner.java:57)
E/THREAD_STATE( 5860):     org.junit.runners.ParentRunner$3.run(ParentRunner.java:290)
E/THREAD_STATE( 5860):     org.junit.runners.ParentRunner$1.schedule(ParentRunner.java:71)
E/THREAD_STATE( 5860):     org.junit.runners.ParentRunner.runChildren(ParentRunner.java:288)
E/THREAD_STATE( 5860):     org.junit.runners.ParentRunner.access$000(ParentRunner.java:58)
E/THREAD_STATE( 5860):     org.junit.runners.ParentRunner$2.evaluate(ParentRunner.java:268)
E/THREAD_STATE( 5860):     org.junit.runners.ParentRunner.run(ParentRunner.java:363)
E/THREAD_STATE( 5860):     androidx.test.ext.junit.runners.AndroidJUnit4.run(AndroidJUnit4.java:104)
E/THREAD_STATE( 5860):     org.junit.runners.Suite.runChild(Suite.java:128)
E/THREAD_STATE( 5860):     org.junit.runners.Suite.runChild(Suite.java:27)
E/THREAD_STATE( 5860):     org.junit.runners.ParentRunner$3.run(ParentRunner.java:290)
E/THREAD_STATE( 5860):     org.junit.runners.ParentRunner$1.schedule(ParentRunner.java:71)
E/THREAD_STATE( 5860):     org.junit.runners.ParentRunner.runChildren(ParentRunner.java:288)
E/THREAD_STATE( 5860):     org.junit.runners.ParentRunner.access$000(ParentRunner.java:58)
E/THREAD_STATE( 5860):     org.junit.runners.ParentRunner$2.evaluate(ParentRunner.java:268)
E/THREAD_STATE( 5860):     org.junit.runners.ParentRunner.run(ParentRunner.java:363)
E/THREAD_STATE( 5860):     org.junit.runner.JUnitCore.run(JUnitCore.java:137)
E/THREAD_STATE( 5860):     org.junit.runner.JUnitCore.run(JUnitCore.java:115)
E/THREAD_STATE( 5860):     androidx.test.internal.runner.TestExecutor.execute(TestExecutor.java:56)
E/THREAD_STATE( 5860):     androidx.test.runner.AndroidJUnitRunner.onStart(AndroidJUnitRunner.java:392)
E/THREAD_STATE( 5860):     android.app.Instrumentation$InstrumentationThread.run(Instrumentation.java:1893)
E/THREAD_STATE( 5860): 
E/THREAD_STATE( 5860):   Thread[ReferenceQueueDaemon,5,system]
E/THREAD_STATE( 5860):     java.lang.Object.wait(Native Method)
E/THREAD_STATE( 5860):     java.lang.Daemons$ReferenceQueueDaemon.run(Daemons.java:168)
E/THREAD_STATE( 5860):     java.lang.Thread.run(Thread.java:818)
E/THREAD_STATE( 5860): 
E/THREAD_STATE( 5860):   Thread[FinalizerWatchdogDaemon,5,system]
E/THREAD_STATE( 5860):     java.lang.Thread.sleep(Native Method)
E/THREAD_STATE( 5860):     java.lang.Thread.sleep(Thread.java:1031)
E/THREAD_STATE( 5860):     java.lang.Thread.sleep(Thread.java:985)
E/THREAD_STATE( 5860):     java.lang.Daemons$FinalizerWatchdogDaemon.sleepFor(Daemons.java:325)
E/THREAD_STATE( 5860):     java.lang.Daemons$FinalizerWatchdogDaemon.waitForFinalization(Daemons.java:340)
E/THREAD_STATE( 5860):     java.lang.Daemons$FinalizerWatchdogDaemon.run(Daemons.java:279)
E/THREAD_STATE( 5860):     java.lang.Thread.run(Thread.java:818)
E/THREAD_STATE( 5860): 
E/THREAD_STATE( 5860):   Thread[main,5,main]
E/THREAD_STATE( 5860):     android.os.MessageQueue.nativePollOnce(Native Method)
E/THREAD_STATE( 5860):     android.os.MessageQueue.next(MessageQueue.java:328)
E/THREAD_STATE( 5860):     android.os.Looper.loop(Looper.java:164)
E/THREAD_STATE( 5860):     android.app.ActivityThread.main(ActivityThread.java:5845)
E/THREAD_STATE( 5860):     java.lang.reflect.Method.invoke(Native Method)
E/THREAD_STATE( 5860):     com.android.in
E/TestRunner( 5860): failed: runDetoxTests(com.detoxtest.DetoxTest)
E/TestRunner( 5860): ----- begin exception -----
E/TestRunner( 5860): java.lang.RuntimeException: Could not launch intent Intent { act=android.intent.action.MAIN flg=0x14000000 cmp=com.detoxtest/.MainActivity (has extras) } within 45 seconds. Perhaps the main thread has not gone idle within a reasonable amount of time? There could be an animation or something constantly repainting the screen. Or the activity is doing network calls on creation? See the threaddump logs. For your reference the last time the event queue was idle before your activity launch request was 1618297736863 and now the last time the queue went idle was: 1618297736863. If these numbers are the same your activity might be hogging the event queue.
E/TestRunner( 5860): 	at androidx.test.runner.MonitoringInstrumentation.startActivitySync(MonitoringInstrumentation.java:481)
E/TestRunner( 5860): 	at androidx.test.rule.ActivityTestRule.launchActivity(ActivityTestRule.java:358)
E/TestRunner( 5860): 	at com.wix.detox.Detox.runTests(Detox.java:201)
E/TestRunner( 5860): 	at com.wix.detox.Detox.runTests(Detox.java:132)
E/TestRunner( 5860): 	at com.detoxtest.DetoxTest.runDetoxTests(DetoxTest.java:26)
E/TestRunner( 5860): 	at java.lang.reflect.Method.invoke(Native Method)
E/TestRunner( 5860): 	at org.junit.runners.model.FrameworkMethod$1.runReflectiveCall(FrameworkMethod.java:50)
E/TestRunner( 5860): 	at org.junit.internal.runners.model.ReflectiveCallable.run(ReflectiveCallable.java:12)
E/TestRunner( 5860): 	at org.junit.runners.model.FrameworkMethod.invokeExplosively(FrameworkMethod.java:47)
E/TestRunner( 5860): 	at org.junit.internal.runners.statements.InvokeMethod.evaluate(InvokeMethod.java:17)
E/TestRunner( 5860): 	at androidx.test.rule.ActivityTestRule$ActivityStatement.evaluate(ActivityTestRule.java:531)
E/TestRunner( 5860): 	at org.junit.rules.RunRules.evaluate(RunRules.java:20)
E/TestRunner( 5860): 	at org.junit.runners.ParentRunner.runLeaf(ParentRunner.java:325)
E/TestRunner( 5860): 	at org.junit.runners.BlockJUnit4ClassRunner.runChild(BlockJUnit4ClassRunner.java:78)
E/TestRunner( 5860): 	at org.junit.runners.BlockJUnit4ClassRunner.runChild(BlockJUnit4ClassRunner.java:57)
E/TestRunner( 5860): 	at org.junit.runners.ParentRunner$3.run(ParentRunner.java:290)
E/TestRunner( 5860): 	at org.junit.runners.ParentRunner$1.schedule(ParentRunner.java:71)
E/TestRunner( 5860): 	at org.junit.runners.ParentRunner.runChildren(ParentRunner.java:288)
E/TestRunner( 5860): 	at org.junit.runners.ParentRunner.access$000(ParentRunner.java:58)
E/TestRunner( 5860): 	at org.junit.runners.ParentRunner$2.evaluate(ParentRunner.java:268)
E/TestRunner( 5860): 	at org.junit.runners.ParentRunner.run(ParentRunner.java:363)
E/TestRunner( 5860): 	at androidx.test.ext.junit.runners.AndroidJUnit4.run(AndroidJUnit4.java:104)
E/TestRunner( 5860): 	at org.junit.runners.Suite.runChild(Suite.java:128)
E/TestRunner( 5860): 	at org.junit.runners.Suite.runChild(Suite.java:27)
E/TestRunner( 5860): 	at org.junit.runners.ParentRunner$3.run(ParentRunner.java:290)
E/TestRunner( 5860): 	at org.junit.runners.ParentRunner$1.schedule(ParentRunner.java:71)
E/TestRunner( 5860): 	at org.junit.runners.ParentRunner.runChildren(ParentRunner.java:288)
E/TestRunner( 5860): 	at org.junit.runners.ParentRunner.access$000(ParentRunner.java:58)
E/TestRunner( 5860): 	at org.junit.runners.ParentRunner$2.evaluate(ParentRunner.java:268)
E/TestRunner( 5860): 	at org.junit.runners.ParentRunner.run(ParentRunner.java:363)
E/TestRunner( 5860): 	at org.junit.runner.JUnitCore.run(JUnitCore.java:137)
E/TestRunner( 5860): 	at org.junit.runner.JUnitCore.run(JUnitCore.java:115)
E/TestRunner( 5860): 	at androidx.test.internal.runner.TestExecutor.execute(TestExecutor.java:56)
E/TestRunner( 5860): 	at androidx.test.runner.AndroidJUnitRunner.onStart(AndroidJUnitRunner.java:392)
E/TestRunner( 5860): 	at android.app.Instrumentation$InstrumentationThread.run(Instrumentation.java:1893)
E/TestRunner( 5860): ----- end exception -----
I/TestRunner( 5860): finished: runDetoxTests(com.detoxtest.DetoxTest)
I/MonitoringInstr( 5860): Activities that are still in CREATED to STOPPED: 0
I/TestRunner( 5860): run finished: 1 tests, 1 failed, 0 ignored
I/System.out( 5860): [CDS][DNS] getAllByNameImpl netId = 0
D/libc-netbsd( 5860): [getaddrinfo]: hostname = x.x.x.x; servname = x.x.x.x; netid=0; mark=0
D/libc-netbsd( 5860): getaddrinfo( app_uid:10547
D/libc-netbsd( 5860): getaddrinfo() uid prop:
D/libc-netbsd( 5860): getaddrinfo() getuid():10547
D/libc-netbsd( 5860): [getaddrinfo]: mtk ai_addrlen=0; ai_canonname=(null); ai_flags=4; ai_family=0
D/libc-netbsd( 5860): [getaddrinfo]: hostname = x.x.x.x; servname = x.x.x.x; netid=0; mark=0
D/libc-netbsd( 5860): getaddrinfo( app_uid:10547
D/libc-netbsd( 5860): getaddrinfo() uid prop:
D/libc-netbsd( 5860): getaddrinfo() getuid():10547
D/libc-netbsd( 5860): [getaddrinfo]: mtk ai_addrlen=0; ai_canonname=(null); ai_flags=1024; ai_family=0
D/libc-netbsd( 5860): getaddrinfo: www.google-analytics.com get result from proxy gai_error = 0
I/System.out( 5860): [CDS]rx timeout:5000
E/NetworkUtilities( 5860): [MTK_net]ss.ss_family:10
I/System.out( 5860): [socket][0] connection ********;LocalPort=54372(3000)
E/NetworkUtilities( 5860): [MTK_net]ss.ss_family:2
I/System.out( 5860): [CDS]connect[www.google-analytics.com/142.250.186.110:443] tm:3
D/Posix   ( 5860): [Posix_connect Debug]Process com.detoxtest :443 
E/NetworkUtilities( 5860): [MTK_net]ss.ss_family:2
I/System.out( 5860): [socket][********] connected
D/libc-netbsd( 5860): [getaddrinfo]: hostname = x.x.x.x; servname = x.x.x.x; netid=0; mark=0
D/libc-netbsd( 5860): getaddrinfo( app_uid:10547
D/libc-netbsd( 5860): getaddrinfo() uid prop:
D/libc-netbsd( 5860): getaddrinfo() getuid():10547
D/libc-netbsd( 5860): [getaddrinfo]: mtk ai_addrlen=0; ai_canonname=(null); ai_flags=4; ai_family=0
D/NativeCrypto( 5860): ssl=0x7f7b2ac800 NativeCrypto_SSL_do_handshake fd=0x7f7b23e858 shc=0x7f7b23e85c timeout_millis=5000 client_mode=1 npn=0x0
D/NativeCrypto( 5860): doing handshake ++
D/NativeCrypto( 5860): ssl=0x7f7b2ac800 info_callback where=0x10 ret=1
D/NativeCrypto( 5860): ssl=0x7f7b2ac800 handshake start in CINIT  before connect initialization
D/NativeCrypto( 5860): ssl=0x7f7b2ac800 info_callback calling handshakeCompleted
D/NativeCrypto( 5860): ssl=0x7f7b2ac800 info_callback completed
D/NativeCrypto( 5860): ssl=0x7f7b2ac800 info_callback where=0x1001 ret=1
D/NativeCrypto( 5860): ssl=0x7f7b2ac800 SSL_connect:CINIT  before connect initialization
D/NativeCrypto( 5860): ssl=0x7f7b2ac800 info_callback ignored
D/NativeCrypto( 5860): ssl=0x7f7b2ac800 info_callback where=0x1001 ret=1
D/NativeCrypto( 5860): ssl=0x7f7b2ac800 SSL_connect:3WCH_A SSLv3 write client hello A
D/NativeCrypto( 5860): ssl=0x7f7b2ac800 info_callback ignored
D/NativeCrypto( 5860): ssl=0x7f7b2ac800 info_callback where=0x1002 ret=-1
D/NativeCrypto( 5860): ssl=0x7f7b2ac800 SSL_connect:error exit in 3RSH_A SSLv3 read server hello A
D/NativeCrypto( 5860): ssl=0x7f7b2ac800 info_callback ignored
D/NativeCrypto( 5860): doing handshake -- ret=-1
D/NativeCrypto( 5860): ssl=0x7f7b2ac800 NativeCrypto_SSL_do_handshake ret=-1 errno=11 sslError=2 timeout_millis=5000
D/NativeCrypto( 5860): doing handshake ++
D/NativeCrypto( 5860): ssl=0x7f7b2ac800 info_callback where=0x1001 ret=1
D/NativeCrypto( 5860): ssl=0x7f7b2ac800 SSL_connect:3RSH_A SSLv3 read server hello A
D/NativeCrypto( 5860): ssl=0x7f7b2ac800 info_callback ignored
E/NativeCrypto( 5860): ssl=0x7f7b2ac800 cert_verify_callback x509_store_ctx=0x7f7b23e520 arg=0x0
E/NativeCrypto( 5860): ssl=0x7f7b2ac800 cert_verify_callback calling verifyCertificateChain authMethod=ECDHE_ECDSA
I/System  ( 5860): FinalizerDaemon: finalize objects = 580
D/NativeCrypto( 5860): ssl=0x7f7b2ac800 cert_verify_callback => 1
D/NativeCrypto( 5860): ssl=0x7f7b2ac800 info_callback where=0x1001 ret=1
D/NativeCrypto( 5860): ssl=0x7f7b2ac800 SSL_connect:3RSC_A SSLv3 read server certificate A
D/NativeCrypto( 5860): ssl=0x7f7b2ac800 info_callback ignored
D/NativeCrypto( 5860): ssl=0x7f7b2ac800 info_callback where=0x1001 ret=1
D/NativeCrypto( 5860): ssl=0x7f7b2ac800 SSL_connect:3RSKEA SSLv3 read server key exchange A
D/NativeCrypto( 5860): ssl=0x7f7b2ac800 info_callback ignored
D/NativeCrypto( 5860): ssl=0x7f7b2ac800 info_callback where=0x1001 ret=1
D/NativeCrypto( 5860): ssl=0x7f7b2ac800 SSL_connect:3RSD_A SSLv3 read server done A
D/NativeCrypto( 5860): ssl=0x7f7b2ac800 info_callback ignored
D/NativeCrypto( 5860): ssl=0x7f7b2ac800 info_callback where=0x1001 ret=1
D/NativeCrypto( 5860): ssl=0x7f7b2ac800 SSL_connect:3WCKEA SSLv3 write client key exchange A
D/NativeCrypto( 5860): ssl=0x7f7b2ac800 info_callback ignored
D/NativeCrypto( 5860): ssl=0x7f7b2ac800 info_callback where=0x1001 ret=1
D/NativeCrypto( 5860): ssl=0x7f7b2ac800 SSL_connect:3WCCSA SSLv3 write change cipher spec A
D/NativeCrypto( 5860): ssl=0x7f7b2ac800 info_callback ignored
D/NativeCrypto( 5860): ssl=0x7f7b2ac800 info_callback where=0x1001 ret=1
D/NativeCrypto( 5860): ssl=0x7f7b2ac800 SSL_connect:3WFINA SSLv3 write finished A
D/NativeCrypto( 5860): ssl=0x7f7b2ac800 info_callback ignored
D/NativeCrypto( 5860): ssl=0x7f7b2ac800 info_callback where=0x1001 ret=1
D/NativeCrypto( 5860): ssl=0x7f7b2ac800 SSL_connect:3FLUSH SSLv3 flush data
D/NativeCrypto( 5860): ssl=0x7f7b2ac800 info_callback ignored
D/NativeCrypto( 5860): ssl=0x7f7b2ac800 info_callback where=0x1002 ret=-1
D/NativeCrypto( 5860): ssl=0x7f7b2ac800 SSL_connect:error exit in UNKWN  SSLv3 read server session ticket A
D/NativeCrypto( 5860): ssl=0x7f7b2ac800 info_callback ignored
D/NativeCrypto( 5860): doing handshake -- ret=-1
D/NativeCrypto( 5860): ssl=0x7f7b2ac800 NativeCrypto_SSL_do_handshake ret=-1 errno=11 sslError=2 timeout_millis=5000
D/NativeCrypto( 5860): doing handshake ++
D/NativeCrypto( 5860): ssl=0x7f7b2ac800 info_callback where=0x1001 ret=1
D/NativeCrypto( 5860): ssl=0x7f7b2ac800 SSL_connect:UNKWN  SSLv3 read server session ticket A
D/NativeCrypto( 5860): ssl=0x7f7b2ac800 info_callback ignored
D/NativeCrypto( 5860): ssl=0x7f7b2ac800 info_callback where=0x1001 ret=1
D/NativeCrypto( 5860): ssl=0x7f7b2ac800 SSL_connect:3RCCS_ SSLv3 read change cipher spec
D/NativeCrypto( 5860): ssl=0x7f7b2ac800 info_callback ignored
D/NativeCrypto( 5860): ssl=0x7f7b2ac800 info_callback where=0x1001 ret=1
D/NativeCrypto( 5860): ssl=0x7f7b2ac800 SSL_connect:3RFINA SSLv3 read finished A
D/NativeCrypto( 5860): ssl=0x7f7b2ac800 info_callback ignored
D/NativeCrypto( 5860): ssl=0x7f7b2ac800 info_callback where=0x20 ret=1
D/NativeCrypto( 5860): ssl=0x7f7b2ac800 handshake done in SSLOK  SSL negotiation finished successfully
D/NativeCrypto( 5860): ssl=0x7f7b2ac800 info_callback calling handshakeCompleted
D/NativeCrypto( 5860): ssl=0x7f7b2ac800 info_callback completed
D/NativeCrypto( 5860): ssl=0x7f7b2ac800 info_callback where=0x1002 ret=1
D/NativeCrypto( 5860): ssl=0x7f7b2ac800 SSL_connect:ok exit in SSLOK  SSL negotiation finished successfully
D/NativeCrypto( 5860): ssl=0x7f7b2ac800 info_callback ignored
D/NativeCrypto( 5860): doing handshake -- ret=1
D/NativeCrypto( 5860): ssl=0x7f7b2ac800 NativeCrypto_SSL_get_certificate => NULL
I/System.out( 5860): gba_cipher_suite:TLS_ECDHE_ECDSA_WITH_AES_128_GCM_SHA256
I/System.out( 5860): [CDS]rx timeout:5000
I/System.out( 5860): [CDS]rx timeout:5000
I/System.out( 5860): [CDS]SO_SND_TIMEOUT:0
I/System.out( 5860): [OkHttp] sendRequest<<
D/NativeCrypto( 5860): ssl=0x7f7b2ac800 sslWrite buf=0x7f6249d800 len=491 write_timeout_millis=0
D/NativeCrypto( 5860): ssl=0x7f7b2ac800 sslRead buf=0x7f6249d800 len=2048,timeo=5000
I/System.out( 5860): Close in OkHttp
D/NativeCrypto( 5860): ssl=0x7f7b2ac800 NativeCrypto_SSL_interrupt
D/NativeCrypto( 5860):  sslNotify, appData=0x7f7b2973e0 ret=1
D/NativeCrypto( 5860):  sslNotify, appData=0x7f7b2973e0 ret=1
D/NativeCrypto( 5860): ssl=0x7f7b2ac800 info_callback where=0x4008 ret=256
D/NativeCrypto( 5860): ssl=0x7f7b2ac800 SSL3 alert write:W:CN warning close notify
D/NativeCrypto( 5860): ssl=0x7f7b2ac800 info_callback ignored
I/System.out( 5860): close [socket][********]
I/System.out( 5860): [CDS][DNS] getAllByNameImpl netId = 0
D/libc-netbsd( 5860): [getaddrinfo]: hostname = x.x.x.x; servname = x.x.x.x; netid=0; mark=0
D/libc-netbsd( 5860): getaddrinfo( app_uid:10547
D/libc-netbsd( 5860): getaddrinfo() uid prop:
D/libc-netbsd( 5860): getaddrinfo() getuid():10547
D/libc-netbsd( 5860): [getaddrinfo]: mtk ai_addrlen=0; ai_canonname=(null); ai_flags=4; ai_family=0
I/System.out( 5860): [CDS]rx timeout:5000
E/NetworkUtilities( 5860): [MTK_net]ss.ss_family:10
I/System.out( 5860): [socket][1] connection ********;LocalPort=50258(3000)
E/NetworkUtilities( 5860): [MTK_net]ss.ss_family:2
I/System.out( 5860): [CDS]connect[www.google-analytics.com/142.250.186.110:443] tm:3
D/Posix   ( 5860): [Posix_connect Debug]Process com.detoxtest :443 
E/NetworkUtilities( 5860): [MTK_net]ss.ss_family:2
I/System.out( 5860): [socket][********] connected
D/libc-netbsd( 5860): [getaddrinfo]: hostname = x.x.x.x; servname = x.x.x.x; netid=0; mark=0
D/libc-netbsd( 5860): getaddrinfo( app_uid:10547
D/libc-netbsd( 5860): getaddrinfo() uid prop:
D/libc-netbsd( 5860): getaddrinfo() getuid():10547
D/libc-netbsd( 5860): [getaddrinfo]: mtk ai_addrlen=0; ai_canonname=(null); ai_flags=4; ai_family=0
D/NativeCrypto( 5860): ssl=0x7f7b2ac800 NativeCrypto_SSL_do_handshake fd=0x7f7b23e858 shc=0x7f7b23e85c timeout_millis=5000 client_mode=1 npn=0x0
D/NativeCrypto( 5860): doing handshake ++
D/NativeCrypto( 5860): ssl=0x7f7b2ac800 info_callback where=0x10 ret=1
D/NativeCrypto( 5860): ssl=0x7f7b2ac800 handshake start in CINIT  before connect initialization
D/NativeCrypto( 5860): ssl=0x7f7b2ac800 info_callback calling handshakeCompleted
D/NativeCrypto( 5860): ssl=0x7f7b2ac800 info_callback completed
D/NativeCrypto( 5860): ssl=0x7f7b2ac800 info_callback where=0x1001 ret=1
D/NativeCrypto( 5860): ssl=0x7f7b2ac800 SSL_connect:CINIT  before connect initialization
D/NativeCrypto( 5860): ssl=0x7f7b2ac800 info_callback ignored
D/NativeCrypto( 5860): ssl=0x7f7b2ac800 info_callback where=0x1001 ret=1
D/NativeCrypto( 5860): ssl=0x7f7b2ac800 SSL_connect:3WCH_A SSLv3 write client hello A
D/NativeCrypto( 5860): ssl=0x7f7b2ac800 info_callback ignored
D/NativeCrypto( 5860): ssl=0x7f7b2ac800 info_callback where=0x1002 ret=-