detox[81343] TRACE: [DETOX_CREATE] created a Detox instance with config:
{"artifactsConfig":{"rootDir":"artifacts/android.2021-04-13 08-53-35Z","plugins":{"log":{"enabled":true,"keepOnlyFailedTestsArtifacts":false},"screenshot":{"enabled":true,"shouldTakeAutomaticSnapshots":false,"keepOnlyFailedTestsArtifacts":false},"video":{"enabled":false,"keepOnlyFailedTestsArtifacts":false},"instruments":{"enabled":false,"keepOnlyFailedTestsArtifacts":false},"timeline":{"enabled":false},"uiHierarchy":{"enabled":false,"keepOnlyFailedTestsArtifacts":false}},"pathBuilder":{"_rootDir":"artifacts/android.2021-04-13 08-53-35Z"}},"appsConfig":{"default":{"type":"android.apk","binaryPath":"android/app/build/outputs/apk/release/app-release.apk","build":"cd android ; ./gradlew assembleRelease assembleAndroidTest -DtestBuildType=release ; cd .."}},"behaviorConfig":{"init":{"reinstallApp":true,"exposeGlobals":true},"cleanup":{"shutdownDevice":false},"launchApp":"auto"},"cliConfig":{"recordLogs":"all","configuration":"android","forceAdbInstall":"false","useCustomLogger":"true"},"deviceConfig":{"type":"android.emulator","device":{"avdName":"Nexus_5"}},"runnerConfig":{"testRunner":"jest","runnerConfig":"e2e/config.json","specs":"e2e"},"sessionConfig":{"autoStart":true,"server":"ws://localhost:63454","sessionId":"ab1c1ce2-9974-d925-36c5-a9ba13bc9a71","debugSynchronization":10000},"errorComposer":{"configurationName":"android","filepath":"/Users/amitkremer/AppsFlyer/projects/REACT-NATIVE/detoxTest/.detoxrc.json","contents":{"testRunner":"jest","runnerConfig":"e2e/config.json","apps":{"ios":{"type":"ios.app","binaryPath":"SPECIFY_PATH_TO_YOUR_APP_BINARY"},"android":{"type":"android.apk","binaryPath":"android/app/build/outputs/apk/release/app-release.apk","build":"cd android ; ./gradlew assembleRelease assembleAndroidTest -DtestBuildType=release ; cd .."}},"devices":{"simulator":{"type":"ios.simulator","device":{"type":"iPhone 11"}},"amit-device":{"type":"android.emulator","device":{"avdName":"Nexus_5"}}},"configurations":{"ios":{"device":"simulator","app":"ios"},"android":{"device":"amit-device","app":"android"}}},"_extends":false}}
detox[81343] DEBUG: [DetoxServer.js] Detox server listening on localhost:63454...
detox[81343] TRACE: [WS_OPEN] opened web socket to: ws://localhost:63454
detox[81343] TRACE: [WS_SEND] {"type":"login","params":{"sessionId":"ab1c1ce2-9974-d925-36c5-a9ba13bc9a71","role":"tester"},"messageId":0}
detox[81343] TRACE: [GET_FROM, #63455] {"type":"login","params":{"sessionId":"ab1c1ce2-9974-d925-36c5-a9ba13bc9a71","role":"tester"},"messageId":0}
detox[81343] TRACE: [SESSION_CREATED] created session ab1c1ce2-9974-d925-36c5-a9ba13bc9a71
detox[81343] TRACE: [SEND_TO, #tester] {"type":"loginSuccess","params":{"testerConnected":true,"appConnected":false},"messageId":0}
detox[81343] TRACE: [SESSION_JOINED] tester joined session ab1c1ce2-9974-d925-36c5-a9ba13bc9a71
detox[81343] TRACE: [WS_MESSAGE] {"type":"loginSuccess","params":{"testerConnected":true,"appConnected":false},"messageId":0}
 
detox[81343] DEBUG: [EXEC_CMD, #0] "/Users/amitkremer/Library/Android/sdk/emulator/emulator" -list-avds --verbose
detox[81343] TRACE: [EXEC_SUCCESS, #0] Nexus_5

detox[81343] DEBUG: [EXEC_CMD, #1] "/Users/amitkremer/Library/Android/sdk/emulator/emulator" -version 
detox[81343] TRACE: [EXEC_SUCCESS, #1] Android emulator version 30.1.5.0 (build_id 6855416) (CL:N/A)
Copyright (C) 2006-2017 The Android Open Source Project and many others.
This program is a derivative of the QEMU CPU emulator (www.qemu.org).

  This software is licensed under the terms of the GNU General Public
  License version 2, as published by the Free Software Foundation, and
  may be copied, distributed, and modified under those terms.

  This program is distributed in the hope that it will be useful,
  but WITHOUT ANY WARRANTY; without even the implied warranty of
  MERCHANTABILITY or FITNESS FOR A PARTICULAR PURPOSE.  See the
  GNU General Public License for more details.


detox[81343] DEBUG: [EMU_BIN_VERSION_DETECT] Detected emulator binary version { major: 30, minor: 1, patch: 5, toString: [Function: toString] }
detox[81343] DEBUG: [ALLOCATE_DEVICE] Trying to allocate a device based on "Nexus_5"
detox[81343] DEBUG: [EXEC_CMD, #2] "/Users/amitkremer/Library/Android/sdk/platform-tools/adb"  devices
detox[81343] DEBUG: [EXEC_SUCCESS, #2] List of devices attached
emulator-5554	device


detox[81343] TRACE: [TELNET_CONNECTING] port: 5554, host: localhost
detox[81343] DEBUG: [DEVICE_LOOKUP] Found a matching & free device emulator-5554
detox[81343] DEBUG: [ALLOCATE_DEVICE] Settled on emulator-5554
detox[81343] DEBUG: [EXEC_CMD, #3] "/Users/amitkremer/Library/Android/sdk/platform-tools/adb" -s emulator-5554 shell "getprop dev.bootcomplete"
detox[81343] TRACE: [EXEC_SUCCESS, #3] 1

detox[81343] TRACE: [ARTIFACTS_LIFECYCLE] artifactsManager.onBootDevice({ coldBoot: false, deviceId: 'emulator-5554', type: 'Nexus_5' })
detox[81343] DEBUG: [EXEC_CMD, #4] "/Users/amitkremer/Library/Android/sdk/platform-tools/adb" -s emulator-5554 shell "getprop ro.build.version.sdk"
detox[81343] TRACE: [EXEC_SUCCESS, #4] 29

detox[81343] DEBUG: [EXEC_CMD, #5] "/Users/amitkremer/Library/Android/sdk/platform-tools/adb" -s emulator-5554 shell "settings put global animator_duration_scale 0"
detox[81343] TRACE: [EXEC_SUCCESS, #5] 
detox[81343] DEBUG: [EXEC_CMD, #6] "/Users/amitkremer/Library/Android/sdk/platform-tools/adb" -s emulator-5554 shell "settings put global window_animation_scale 0"
detox[81343] TRACE: [EXEC_SUCCESS, #6] 
detox[81343] DEBUG: [EXEC_CMD, #7] "/Users/amitkremer/Library/Android/sdk/platform-tools/adb" -s emulator-5554 shell "settings put global transition_animation_scale 0"
detox[81343] TRACE: [EXEC_SUCCESS, #7] 
detox[81343] DEBUG: [EXEC_CMD, #8] "/Users/amitkremer/Library/Android/sdk/platform-tools/adb" -s emulator-5554 shell "dumpsys power | grep \"^[ ]*m[UW].*=\""
detox[81343] TRACE: [EXEC_SUCCESS, #8]   mWakefulness=Awake
  mWakefulnessChanging=false
  mWakeLockSummary=0x1
  mUserActivitySummary=0x1
  mWakeUpWhenPluggedOrUnpluggedConfig=false
  mWakeUpWhenPluggedOrUnpluggedInTheaterModeConfig=false
  mUserActivityTimeoutOverrideFromWindowManager=-1
  mUserInactiveOverrideFromWindowManager=false
  mUserId=0

detox[81343] DEBUG: [EXEC_CMD, #9] "/Users/amitkremer/Library/Android/sdk/build-tools/30.0.3/aapt" dump badging "/Users/amitkremer/AppsFlyer/projects/REACT-NATIVE/detoxTest/android/app/build/outputs/apk/release/app-release.apk" | grep -e "package: name="
detox[81343] TRACE: [EXEC_SUCCESS, #9] package: name='com.detoxtest' versionCode='1' versionName='1.0' compileSdkVersion='29' compileSdkVersionCodename='10'

detox[81343] TRACE: [ARTIFACTS_LIFECYCLE] artifactsManager.onBeforeTerminateApp({ deviceId: 'emulator-5554', bundleId: 'com.detoxtest' })
detox[81343] DEBUG: [EXEC_CMD, #10] "/Users/amitkremer/Library/Android/sdk/platform-tools/adb" -s emulator-5554 shell "am force-stop com.detoxtest"
detox[81343] TRACE: [EXEC_SUCCESS, #10] 
detox[81343] TRACE: [ARTIFACTS_LIFECYCLE] artifactsManager.onTerminateApp({ deviceId: 'emulator-5554', bundleId: 'com.detoxtest' })
detox[81343] TRACE: [ARTIFACTS_LIFECYCLE] artifactsManager.onBeforeUninstallApp({ deviceId: 'emulator-5554', bundleId: 'com.detoxtest' })
detox[81343] DEBUG: [EXEC_CMD, #11] "/Users/amitkremer/Library/Android/sdk/platform-tools/adb" -s emulator-5554 shell "pm list packages com.detoxtest"
detox[81343] TRACE: [EXEC_SUCCESS, #11] package:com.detoxtest
package:com.detoxtest.test

detox[81343] DEBUG: [EXEC_CMD, #12] "/Users/amitkremer/Library/Android/sdk/platform-tools/adb" -s emulator-5554 uninstall com.detoxtest
detox[81343] TRACE: [EXEC_SUCCESS, #12] Success

detox[81343] DEBUG: [EXEC_CMD, #13] "/Users/amitkremer/Library/Android/sdk/platform-tools/adb" -s emulator-5554 shell "pm list packages com.detoxtest.test"
detox[81343] TRACE: [EXEC_SUCCESS, #13] package:com.detoxtest.test

detox[81343] DEBUG: [EXEC_CMD, #14] "/Users/amitkremer/Library/Android/sdk/platform-tools/adb" -s emulator-5554 uninstall com.detoxtest.test
detox[81343] TRACE: [EXEC_SUCCESS, #14] Success

detox[81343] DEBUG: [EXEC_CMD, #15] "/Users/amitkremer/Library/Android/sdk/platform-tools/adb" -s emulator-5554 shell "rm -fr /data/local/tmp/detox"
detox[81343] TRACE: [EXEC_SUCCESS, #15] 
detox[81343] DEBUG: [EXEC_CMD, #16] "/Users/amitkremer/Library/Android/sdk/platform-tools/adb" -s emulator-5554 shell "mkdir -p /data/local/tmp/detox"
detox[81343] TRACE: [EXEC_SUCCESS, #16] 
detox[81343] DEBUG: [EXEC_CMD, #17] "/Users/amitkremer/Library/Android/sdk/platform-tools/adb" -s emulator-5554 push "/Users/amitkremer/AppsFlyer/projects/REACT-NATIVE/detoxTest/android/app/build/outputs/apk/release/app-release.apk" "/data/local/tmp/detox/Application.apk"
detox[81343] TRACE: [EXEC_SUCCESS, #17] /Users/amitkremer/AppsFlyer/projects/REACT-NATIVE/detoxTest/android/app/build/outputs/apk/release/app-release.apk: 1 file pushed, 0 skipped. 95.3 MB/s (26409698 bytes in 0.264s)

detox[81343] DEBUG: [EXEC_CMD, #18] "/Users/amitkremer/Library/Android/sdk/platform-tools/adb" -s emulator-5554 shell "pm install -r -g -t /data/local/tmp/detox/Application.apk"
detox[81343] TRACE: [EXEC_SUCCESS, #18] Success

detox[81343] DEBUG: [EXEC_CMD, #19] "/Users/amitkremer/Library/Android/sdk/platform-tools/adb" -s emulator-5554 push "/Users/amitkremer/AppsFlyer/projects/REACT-NATIVE/detoxTest/android/app/build/outputs/apk/androidTest/release/app-release-androidTest.apk" "/data/local/tmp/detox/Test.apk"
detox[81343] TRACE: [EXEC_SUCCESS, #19] /Users/amitkremer/AppsFlyer/projects/REACT-NATIVE/detoxTest/android/app/build/outputs/apk/androidTest/release/app-release-androidTest.apk: 1 file pushed, 0 skipped. 310.6 MB/s (1330433 bytes in 0.004s)

detox[81343] DEBUG: [EXEC_CMD, #20] "/Users/amitkremer/Library/Android/sdk/platform-tools/adb" -s emulator-5554 shell "pm install -r -g -t /data/local/tmp/detox/Test.apk"
detox[81343] TRACE: [EXEC_SUCCESS, #20] Success

ROOT_DESCRIBE_BLOCK[81343] TRACE: [ARTIFACTS_LIFECYCLE] artifactsManager.onRunDescribeStart({ name: 'ROOT_DESCRIBE_BLOCK' })
React-Native AppsFlyer Plugin[81343] TRACE: [ARTIFACTS_LIFECYCLE] artifactsManager.onRunDescribeStart({ name: 'React-Native AppsFlyer Plugin' })
detox[81343] INFO:  [97mReact-Native AppsFlyer Plugin[39m is assigned to [94memulator-5554 (Nexus_5)[39m
detox[81343] TRACE: [ARTIFACTS_LIFECYCLE] artifactsManager.onBeforeTerminateApp({ deviceId: 'emulator-5554', bundleId: 'com.detoxtest' })
detox[81343] DEBUG: [EXEC_CMD, #21] "/Users/amitkremer/Library/Android/sdk/platform-tools/adb" -s emulator-5554 shell "am force-stop com.detoxtest"
detox[81343] TRACE: [EXEC_SUCCESS, #21] 
detox[81343] TRACE: [ARTIFACTS_LIFECYCLE] artifactsManager.onTerminateApp({ deviceId: 'emulator-5554', bundleId: 'com.detoxtest' })
detox[81343] TRACE: [ARTIFACTS_LIFECYCLE] artifactsManager.onBeforeLaunchApp({
  deviceId: 'emulator-5554',
  bundleId: 'com.detoxtest',
  launchArgs: {
    detoxServer: 'ws://localhost:63454',
    detoxSessionId: 'ab1c1ce2-9974-d925-36c5-a9ba13bc9a71'
  }
})
detox[81343] DEBUG: [EXEC_CMD, #22] "/Users/amitkremer/Library/Android/sdk/platform-tools/adb" -s emulator-5554 shell "date +\"%m-%d %T.000\""
detox[81343] TRACE: [EXEC_SUCCESS, #22] 04-13 11:53:40.000

detox[81343] DEBUG: [EXEC_CMD, #23] "/Users/amitkremer/Library/Android/sdk/platform-tools/adb" -s emulator-5554 reverse tcp:63454 tcp:63454
detox[81343] TRACE: [EXEC_SUCCESS, #23] 63454

detox[81343] DEBUG: [EXEC_CMD, #24] "/Users/amitkremer/Library/Android/sdk/platform-tools/adb" -s emulator-5554 shell "pm list instrumentation"
detox[81343] TRACE: [EXEC_SUCCESS, #24] instrumentation:com.appsflyer.reactnative.test/android.test.InstrumentationTestRunner (target=com.appsflyer.reactnative.test)
instrumentation:com.detoxtest.test/androidx.test.runner.AndroidJUnitRunner (target=com.detoxtest)

detox[81343] DEBUG: [SPAWN_CMD, #81383] /Users/amitkremer/Library/Android/sdk/platform-tools/adb -s emulator-5554 shell am instrument -w -r -e detoxServer ws://localhost:63454 -e detoxSessionId ab1c1ce2-9974-d925-36c5-a9ba13bc9a71 -e debug false com.detoxtest.test/androidx.test.runner.AndroidJUnitRunner
detox[81343] DEBUG: [EXEC_CMD, #25] "/Users/amitkremer/Library/Android/sdk/platform-tools/adb" -s emulator-5554 shell "ps | grep \"com\.detoxtest$\""
detox[81343] TRACE: [EXEC_SUCCESS, #25] u0_a278       24122    359 1275492  98852 0                   0 R com.detoxtest

detox[24122] TRACE: [ARTIFACTS_LIFECYCLE] artifactsManager.onLaunchApp({
  deviceId: 'emulator-5554',
  bundleId: 'com.detoxtest',
  launchArgs: {
    detoxServer: 'ws://localhost:63454',
    detoxSessionId: 'ab1c1ce2-9974-d925-36c5-a9ba13bc9a71'
  },
  pid: 24122
})
detox[81343] TRACE: [ARTIFACT_START] starting ADBLogcatRecording
detox[81343] DEBUG: [SPAWN_CMD, #81385] /Users/amitkremer/Library/Android/sdk/platform-tools/adb -s emulator-5554 shell "logcat -T \"04-13 11:53:40.000\" --pid=24122 -f /sdcard/115336671_0.log"
detox[81343] TRACE: [SPAWN_STDOUT, #81383] INSTRUMENTATION_STATUS: class=com.detoxtest.DetoxTest
INSTRUMENTATION_STATUS: current=1
INSTRUMENTATION_STATUS: id=AndroidJUnitRunner
INSTRUMENTATION_STATUS: numtests=1
INSTRUMENTATION_STATUS: stream=
com.detoxtest.DetoxTest:
INSTRUMENTATION_STATUS: test=runDetoxTests
INSTRUMENTATION_STATUS_CODE: 1

detox[81343] DEBUG: [EXEC_CMD, #26] "/Users/amitkremer/Library/Android/sdk/platform-tools/adb" -s emulator-5554 shell du /sdcard/115336671_0.log
detox[81343] TRACE: [EXEC_SUCCESS, #26] 4	/sdcard/115336671_0.log

detox[81343] TRACE: [GET_FROM, #63535] {"messageId":0,"type":"login","params":{"role":"app","sessionId":"ab1c1ce2-9974-d925-36c5-a9ba13bc9a71"}}
detox[81343] TRACE: [SEND_TO, #app] {"messageId":0,"type":"loginSuccess","params":{"testerConnected":true,"appConnected":true}}
detox[81343] TRACE: [SESSION_JOINED] app joined session ab1c1ce2-9974-d925-36c5-a9ba13bc9a71
detox[81343] TRACE: [SEND_TO, #tester] {"type":"appConnected"}
detox[81343] TRACE: [WS_MESSAGE] {"type":"appConnected"}
 
detox[81343] TRACE: [WS_SEND] {"type":"isReady","params":{},"messageId":-1000}
detox[81343] TRACE: [GET_FROM, #app] {"messageId":-1000,"type":"ready","params":{}}
detox[81343] TRACE: [SEND_TO, #tester] {"messageId":-1000,"type":"ready","params":{}}
detox[81343] TRACE: [GET_FROM, #tester] {"type":"isReady","params":{},"messageId":-1000}
detox[81343] TRACE: [SEND_TO, #app] {"type":"isReady","params":{},"messageId":-1000}
detox[81343] TRACE: [WS_MESSAGE] {"messageId":-1000,"type":"ready","params":{}}
 
detox[24122] TRACE: [ARTIFACTS_LIFECYCLE] artifactsManager.onAppReady({ deviceId: 'emulator-5554', bundleId: 'com.detoxtest', pid: 24122 })
detox[81343] INFO:  [1m[37mReact-Native AppsFlyer Plugin: [39m[22m[90minitSdk should return Success[39m
detox[81343] TRACE: [DETOX_BEFORE_EACH] running test: "React-Native AppsFlyer Plugin initSdk should return Success"
detox[81343] TRACE: [ARTIFACTS_LIFECYCLE] artifactsManager.onTestStart({
  title: 'initSdk should return Success',
  fullName: 'React-Native AppsFlyer Plugin initSdk should return Success',
  status: 'running',
  invocations: 1
})
detox[81343] TRACE: [ARTIFACT_STOP] stopping ADBLogcatRecording
detox[81343] DEBUG: [EXEC_CMD, #27] "/Users/amitkremer/Library/Android/sdk/platform-tools/adb" -s emulator-5554 shell "date +\"%m-%d %T.000\""
detox[81343] TRACE: [GET_FROM, #app] {"messageId":-1000,"type":"ready","params":{}}
detox[81343] TRACE: [SEND_TO, #tester] {"messageId":-1000,"type":"ready","params":{}}
detox[81343] TRACE: [WS_MESSAGE] {"messageId":-1000,"type":"ready","params":{}}
 
detox[81343] TRACE: [EXEC_SUCCESS, #27] 04-13 11:53:42.000

detox[81343] TRACE: [SPAWN_KILL, #81385] sending SIGINT to: /Users/amitkremer/Library/Android/sdk/platform-tools/adb -s emulator-5554 shell logcat -T "04-13 11:53:40.000" --pid=24122 -f /sdcard/115336671_0.log
detox[81343] DEBUG: [SPAWN_END, #81385] /Users/amitkremer/Library/Android/sdk/platform-tools/adb -s emulator-5554 shell "logcat -T \"04-13 11:53:40.000\" --pid=24122 -f /sdcard/115336671_0.log" terminated with SIGINT
detox[81343] TRACE: [ARTIFACT_START] starting ADBLogcatRecording
detox[81343] DEBUG: [SPAWN_CMD, #81389] /Users/amitkremer/Library/Android/sdk/platform-tools/adb -s emulator-5554 shell "logcat -T \"04-13 11:53:42.000\" --pid=24122 -f /sdcard/115336671_1.log"
detox[81343] TRACE: [WS_SEND] {"type":"invoke","params":{"target":{"type":"Class","value":"com.wix.detox.espresso.DetoxAssertion"},"method":"assertMatcher","args":[{"type":"Invocation","value":{"target":{"type":"Class","value":"androidx.test.espresso.Espresso"},"method":"onView","args":[{"type":"Invocation","value":{"target":{"type":"Class","value":"com.wix.detox.espresso.DetoxMatcher"},"method":"matcherForTestId","args":["successInitButton"]}}]}},{"type":"Invocation","value":{"target":{"type":"Class","value":"com.wix.detox.espresso.DetoxMatcher"},"method":"matcherForSufficientlyVisible","args":[]}}]},"messageId":1}
detox[81343] TRACE: [GET_FROM, #tester] {"type":"invoke","params":{"target":{"type":"Class","value":"com.wix.detox.espresso.DetoxAssertion"},"method":"assertMatcher","args":[{"type":"Invocation","value":{"target":{"type":"Class","value":"androidx.test.espresso.Espresso"},"method":"onView","args":[{"type":"Invocation","value":{"target":{"type":"Class","value":"com.wix.detox.espresso.DetoxMatcher"},"method":"matcherForTestId","args":["successInitButton"]}}]}},{"type":"Invocation","value":{"target":{"type":"Class","value":"com.wix.detox.espresso.DetoxMatcher"},"method":"matcherForSufficientlyVisible","args":[]}}]},"messageId":1}
detox[81343] TRACE: [SEND_TO, #app] {"type":"invoke","params":{"target":{"type":"Class","value":"com.wix.detox.espresso.DetoxAssertion"},"method":"assertMatcher","args":[{"type":"Invocation","value":{"target":{"type":"Class","value":"androidx.test.espresso.Espresso"},"method":"onView","args":[{"type":"Invocation","value":{"target":{"type":"Class","value":"com.wix.detox.espresso.DetoxMatcher"},"method":"matcherForTestId","args":["successInitButton"]}}]}},{"type":"Invocation","value":{"target":{"type":"Class","value":"com.wix.detox.espresso.DetoxMatcher"},"method":"matcherForSufficientlyVisible","args":[]}}]},"messageId":1}
detox[81343] TRACE: [GET_FROM, #app] {"messageId":1,"type":"invokeResult","params":{"result":null}}
detox[81343] TRACE: [SEND_TO, #tester] {"messageId":1,"type":"invokeResult","params":{"result":null}}
detox[81343] TRACE: [WS_MESSAGE] {"messageId":1,"type":"invokeResult","params":{"result":null}}
 
detox[81343] TRACE: [WS_SEND] {"type":"invoke","params":{"target":{"type":"Class","value":"com.wix.detox.espresso.EspressoDetox"},"method":"perform","args":[{"type":"Invocation","value":{"target":{"type":"Class","value":"androidx.test.espresso.Espresso"},"method":"onView","args":[{"type":"Invocation","value":{"target":{"type":"Class","value":"com.wix.detox.espresso.DetoxMatcher"},"method":"matcherForTestId","args":["successInitButton"]}}]}},{"type":"Invocation","value":{"target":{"type":"Class","value":"com.wix.detox.espresso.DetoxViewActions"},"method":"click","args":[]}}]},"messageId":2}
detox[81343] TRACE: [GET_FROM, #tester] {"type":"invoke","params":{"target":{"type":"Class","value":"com.wix.detox.espresso.EspressoDetox"},"method":"perform","args":[{"type":"Invocation","value":{"target":{"type":"Class","value":"androidx.test.espresso.Espresso"},"method":"onView","args":[{"type":"Invocation","value":{"target":{"type":"Class","value":"com.wix.detox.espresso.DetoxMatcher"},"method":"matcherForTestId","args":["successInitButton"]}}]}},{"type":"Invocation","value":{"target":{"type":"Class","value":"com.wix.detox.espresso.DetoxViewActions"},"method":"click","args":[]}}]},"messageId":2}
detox[81343] TRACE: [SEND_TO, #app] {"type":"invoke","params":{"target":{"type":"Class","value":"com.wix.detox.espresso.EspressoDetox"},"method":"perform","args":[{"type":"Invocation","value":{"target":{"type":"Class","value":"androidx.test.espresso.Espresso"},"method":"onView","args":[{"type":"Invocation","value":{"target":{"type":"Class","value":"com.wix.detox.espresso.DetoxMatcher"},"method":"matcherForTestId","args":["successInitButton"]}}]}},{"type":"Invocation","value":{"target":{"type":"Class","value":"com.wix.detox.espresso.DetoxViewActions"},"method":"click","args":[]}}]},"messageId":2}
detox[81343] DEBUG: [EXEC_CMD, #28] "/Users/amitkremer/Library/Android/sdk/platform-tools/adb" -s emulator-5554 shell du /sdcard/115336671_1.log
detox[81343] TRACE: [EXEC_SUCCESS, #28] 4	/sdcard/115336671_1.log

detox[81343] TRACE: [GET_FROM, #app] {"messageId":2,"type":"invokeResult","params":{"result":null}}
detox[81343] TRACE: [SEND_TO, #tester] {"messageId":2,"type":"invokeResult","params":{"result":null}}
detox[81343] TRACE: [WS_MESSAGE] {"messageId":2,"type":"invokeResult","params":{"result":null}}
 
detox[81343] TRACE: [WS_SEND] {"type":"invoke","params":{"target":{"type":"Class","value":"com.wix.detox.espresso.DetoxAssertion"},"method":"assertMatcher","args":[{"type":"Invocation","value":{"target":{"type":"Class","value":"androidx.test.espresso.Espresso"},"method":"onView","args":[{"type":"Invocation","value":{"target":{"type":"Class","value":"com.wix.detox.espresso.DetoxMatcher"},"method":"matcherForTestId","args":["successInitResult"]}}]}},{"type":"Invocation","value":{"target":{"type":"Class","value":"com.wix.detox.espresso.DetoxMatcher"},"method":"matcherForText","args":["Success"]}}]},"messageId":3}
detox[81343] TRACE: [GET_FROM, #tester] {"type":"invoke","params":{"target":{"type":"Class","value":"com.wix.detox.espresso.DetoxAssertion"},"method":"assertMatcher","args":[{"type":"Invocation","value":{"target":{"type":"Class","value":"androidx.test.espresso.Espresso"},"method":"onView","args":[{"type":"Invocation","value":{"target":{"type":"Class","value":"com.wix.detox.espresso.DetoxMatcher"},"method":"matcherForTestId","args":["successInitResult"]}}]}},{"type":"Invocation","value":{"target":{"type":"Class","value":"com.wix.detox.espresso.DetoxMatcher"},"method":"matcherForText","args":["Success"]}}]},"messageId":3}
detox[81343] TRACE: [SEND_TO, #app] {"type":"invoke","params":{"target":{"type":"Class","value":"com.wix.detox.espresso.DetoxAssertion"},"method":"assertMatcher","args":[{"type":"Invocation","value":{"target":{"type":"Class","value":"androidx.test.espresso.Espresso"},"method":"onView","args":[{"type":"Invocation","value":{"target":{"type":"Class","value":"com.wix.detox.espresso.DetoxMatcher"},"method":"matcherForTestId","args":["successInitResult"]}}]}},{"type":"Invocation","value":{"target":{"type":"Class","value":"com.wix.detox.espresso.DetoxMatcher"},"method":"matcherForText","args":["Success"]}}]},"messageId":3}
detox[81343] TRACE: [GET_FROM, #app] {"messageId":3,"type":"invokeResult","params":{"result":null}}
detox[81343] TRACE: [SEND_TO, #tester] {"messageId":3,"type":"invokeResult","params":{"result":null}}
detox[81343] TRACE: [WS_MESSAGE] {"messageId":3,"type":"invokeResult","params":{"result":null}}
 
detox[81343] TRACE: [DETOX_AFTER_EACH] passed test: "React-Native AppsFlyer Plugin initSdk should return Success"
detox[81343] TRACE: [ARTIFACTS_LIFECYCLE] artifactsManager.onTestDone({
  title: 'initSdk should return Success',
  fullName: 'React-Native AppsFlyer Plugin initSdk should return Success',
  status: 'passed',
  invocations: 1,
  timedOut: false
})
detox[81343] TRACE: [ARTIFACT_STOP] stopping ADBLogcatRecording
detox[81343] DEBUG: [EXEC_CMD, #29] "/Users/amitkremer/Library/Android/sdk/platform-tools/adb" -s emulator-5554 shell "date +\"%m-%d %T.000\""
detox[81343] TRACE: [EXEC_SUCCESS, #29] 04-13 11:53:42.000

detox[81343] TRACE: [SPAWN_KILL, #81389] sending SIGINT to: /Users/amitkremer/Library/Android/sdk/platform-tools/adb -s emulator-5554 shell logcat -T "04-13 11:53:42.000" --pid=24122 -f /sdcard/115336671_1.log
detox[81343] DEBUG: [SPAWN_END, #81389] /Users/amitkremer/Library/Android/sdk/platform-tools/adb -s emulator-5554 shell "logcat -T \"04-13 11:53:42.000\" --pid=24122 -f /sdcard/115336671_1.log" terminated with SIGINT
detox[81343] INFO:  [1m[37mReact-Native AppsFlyer Plugin: [39m[22m[90minitSdk should return Success[39m[90m [[32mOK[90m][39m
detox[81343] INFO:  [1m[37mReact-Native AppsFlyer Plugin: [39m[22m[90minitSdk should return 'No 'devKey' found or its empty'[39m
detox[81343] TRACE: [DETOX_BEFORE_EACH] running test: "React-Native AppsFlyer Plugin initSdk should return 'No 'devKey' found or its empty'"
detox[81343] TRACE: [ARTIFACTS_LIFECYCLE] artifactsManager.onTestStart({
  title: "initSdk should return 'No 'devKey' found or its empty'",
  fullName: "React-Native AppsFlyer Plugin initSdk should return 'No 'devKey' found or its empty'",
  status: 'running',
  invocations: 1
})
detox[81343] TRACE: [ARTIFACT_START] starting ADBLogcatRecording
detox[81343] DEBUG: [SPAWN_CMD, #81394] /Users/amitkremer/Library/Android/sdk/platform-tools/adb -s emulator-5554 shell "logcat -T \"04-13 11:53:42.000\" --pid=24122 -f /sdcard/115336671_2.log"
detox[81343] TRACE: [WS_SEND] {"type":"invoke","params":{"target":{"type":"Class","value":"com.wix.detox.espresso.DetoxAssertion"},"method":"assertMatcher","args":[{"type":"Invocation","value":{"target":{"type":"Class","value":"androidx.test.espresso.Espresso"},"method":"onView","args":[{"type":"Invocation","value":{"target":{"type":"Class","value":"com.wix.detox.espresso.DetoxMatcher"},"method":"matcherForTestId","args":["noDevKeyButton"]}}]}},{"type":"Invocation","value":{"target":{"type":"Class","value":"com.wix.detox.espresso.DetoxMatcher"},"method":"matcherForSufficientlyVisible","args":[]}}]},"messageId":4}
detox[81343] TRACE: [GET_FROM, #tester] {"type":"invoke","params":{"target":{"type":"Class","value":"com.wix.detox.espresso.DetoxAssertion"},"method":"assertMatcher","args":[{"type":"Invocation","value":{"target":{"type":"Class","value":"androidx.test.espresso.Espresso"},"method":"onView","args":[{"type":"Invocation","value":{"target":{"type":"Class","value":"com.wix.detox.espresso.DetoxMatcher"},"method":"matcherForTestId","args":["noDevKeyButton"]}}]}},{"type":"Invocation","value":{"target":{"type":"Class","value":"com.wix.detox.espresso.DetoxMatcher"},"method":"matcherForSufficientlyVisible","args":[]}}]},"messageId":4}
detox[81343] TRACE: [SEND_TO, #app] {"type":"invoke","params":{"target":{"type":"Class","value":"com.wix.detox.espresso.DetoxAssertion"},"method":"assertMatcher","args":[{"type":"Invocation","value":{"target":{"type":"Class","value":"androidx.test.espresso.Espresso"},"method":"onView","args":[{"type":"Invocation","value":{"target":{"type":"Class","value":"com.wix.detox.espresso.DetoxMatcher"},"method":"matcherForTestId","args":["noDevKeyButton"]}}]}},{"type":"Invocation","value":{"target":{"type":"Class","value":"com.wix.detox.espresso.DetoxMatcher"},"method":"matcherForSufficientlyVisible","args":[]}}]},"messageId":4}
detox[81343] TRACE: [ARTIFACT_SAVE] saving ADBLogcatRecording to: artifacts/android.2021-04-13 08-53-35Z/✓ React-Native AppsFlyer Plugin initSdk should return Success/process.log
detox[81343] DEBUG: [EXEC_CMD, #30] "/Users/amitkremer/Library/Android/sdk/platform-tools/adb" -s emulator-5554 pull "/sdcard/115336671_1.log" "artifacts/android.2021-04-13 08-53-35Z/✓ React-Native AppsFlyer Plugin initSdk should return Success/process.log"
detox[81343] TRACE: [EXEC_SUCCESS, #30] /sdcard/115336671_1.log: 1 file pulled, 0 skipped. 1.3 MB/s (6898 bytes in 0.005s)

detox[81343] DEBUG: [EXEC_CMD, #31] "/Users/amitkremer/Library/Android/sdk/platform-tools/adb" -s emulator-5554 shell "rm  \"/sdcard/115336671_1.log\""
detox[81343] TRACE: [GET_FROM, #app] {"messageId":4,"type":"invokeResult","params":{"result":null}}
detox[81343] TRACE: [SEND_TO, #tester] {"messageId":4,"type":"invokeResult","params":{"result":null}}
detox[81343] TRACE: [WS_MESSAGE] {"messageId":4,"type":"invokeResult","params":{"result":null}}
 
detox[81343] TRACE: [WS_SEND] {"type":"invoke","params":{"target":{"type":"Class","value":"com.wix.detox.espresso.EspressoDetox"},"method":"perform","args":[{"type":"Invocation","value":{"target":{"type":"Class","value":"androidx.test.espresso.Espresso"},"method":"onView","args":[{"type":"Invocation","value":{"target":{"type":"Class","value":"com.wix.detox.espresso.DetoxMatcher"},"method":"matcherForTestId","args":["noDevKeyButton"]}}]}},{"type":"Invocation","value":{"target":{"type":"Class","value":"com.wix.detox.espresso.DetoxViewActions"},"method":"click","args":[]}}]},"messageId":5}
detox[81343] TRACE: [GET_FROM, #tester] {"type":"invoke","params":{"target":{"type":"Class","value":"com.wix.detox.espresso.EspressoDetox"},"method":"perform","args":[{"type":"Invocation","value":{"target":{"type":"Class","value":"androidx.test.espresso.Espresso"},"method":"onView","args":[{"type":"Invocation","value":{"target":{"type":"Class","value":"com.wix.detox.espresso.DetoxMatcher"},"method":"matcherForTestId","args":["noDevKeyButton"]}}]}},{"type":"Invocation","value":{"target":{"type":"Class","value":"com.wix.detox.espresso.DetoxViewActions"},"method":"click","args":[]}}]},"messageId":5}
detox[81343] TRACE: [SEND_TO, #app] {"type":"invoke","params":{"target":{"type":"Class","value":"com.wix.detox.espresso.EspressoDetox"},"method":"perform","args":[{"type":"Invocation","value":{"target":{"type":"Class","value":"androidx.test.espresso.Espresso"},"method":"onView","args":[{"type":"Invocation","value":{"target":{"type":"Class","value":"com.wix.detox.espresso.DetoxMatcher"},"method":"matcherForTestId","args":["noDevKeyButton"]}}]}},{"type":"Invocation","value":{"target":{"type":"Class","value":"com.wix.detox.espresso.DetoxViewActions"},"method":"click","args":[]}}]},"messageId":5}
detox[81343] TRACE: [EXEC_SUCCESS, #31] 
detox[81343] TRACE: [ARTIFACT_SAVE] saving ADBLogcatRecording to: artifacts/android.2021-04-13 08-53-35Z/emulator-5554 2021-04-13 08-53-44Z.startup.log
detox[81343] DEBUG: [EXEC_CMD, #32] "/Users/amitkremer/Library/Android/sdk/platform-tools/adb" -s emulator-5554 pull "/sdcard/115336671_0.log" "artifacts/android.2021-04-13 08-53-35Z/emulator-5554 2021-04-13 08-53-44Z.startup.log"
detox[81343] TRACE: [EXEC_SUCCESS, #32] /sdcard/115336671_0.log: 1 file pulled, 0 skipped. 3.8 MB/s (27777 bytes in 0.007s)

detox[81343] DEBUG: [EXEC_CMD, #33] "/Users/amitkremer/Library/Android/sdk/platform-tools/adb" -s emulator-5554 shell "rm  \"/sdcard/115336671_0.log\""
detox[81343] TRACE: [EXEC_SUCCESS, #33] 
detox[81343] DEBUG: [EXEC_CMD, #34] "/Users/amitkremer/Library/Android/sdk/platform-tools/adb" -s emulator-5554 shell du /sdcard/115336671_2.log
detox[81343] TRACE: [EXEC_SUCCESS, #34] 4	/sdcard/115336671_2.log

detox[81343] TRACE: [GET_FROM, #app] {"messageId":5,"type":"invokeResult","params":{"result":null}}
detox[81343] TRACE: [SEND_TO, #tester] {"messageId":5,"type":"invokeResult","params":{"result":null}}
detox[81343] TRACE: [WS_MESSAGE] {"messageId":5,"type":"invokeResult","params":{"result":null}}
 
detox[81343] TRACE: [WS_SEND] {"type":"invoke","params":{"target":{"type":"Class","value":"com.wix.detox.espresso.DetoxAssertion"},"method":"assertMatcher","args":[{"type":"Invocation","value":{"target":{"type":"Class","value":"androidx.test.espresso.Espresso"},"method":"onView","args":[{"type":"Invocation","value":{"target":{"type":"Class","value":"com.wix.detox.espresso.DetoxMatcher"},"method":"matcherForTestId","args":["noDevKeyInitResult"]}}]}},{"type":"Invocation","value":{"target":{"type":"Class","value":"com.wix.detox.espresso.DetoxMatcher"},"method":"matcherForText","args":["No 'devKey' found or its emty"]}}]},"messageId":6}
detox[81343] TRACE: [GET_FROM, #tester] {"type":"invoke","params":{"target":{"type":"Class","value":"com.wix.detox.espresso.DetoxAssertion"},"method":"assertMatcher","args":[{"type":"Invocation","value":{"target":{"type":"Class","value":"androidx.test.espresso.Espresso"},"method":"onView","args":[{"type":"Invocation","value":{"target":{"type":"Class","value":"com.wix.detox.espresso.DetoxMatcher"},"method":"matcherForTestId","args":["noDevKeyInitResult"]}}]}},{"type":"Invocation","value":{"target":{"type":"Class","value":"com.wix.detox.espresso.DetoxMatcher"},"method":"matcherForText","args":["No 'devKey' found or its emty"]}}]},"messageId":6}
detox[81343] TRACE: [SEND_TO, #app] {"type":"invoke","params":{"target":{"type":"Class","value":"com.wix.detox.espresso.DetoxAssertion"},"method":"assertMatcher","args":[{"type":"Invocation","value":{"target":{"type":"Class","value":"androidx.test.espresso.Espresso"},"method":"onView","args":[{"type":"Invocation","value":{"target":{"type":"Class","value":"com.wix.detox.espresso.DetoxMatcher"},"method":"matcherForTestId","args":["noDevKeyInitResult"]}}]}},{"type":"Invocation","value":{"target":{"type":"Class","value":"com.wix.detox.espresso.DetoxMatcher"},"method":"matcherForText","args":["No 'devKey' found or its emty"]}}]},"messageId":6}
detox[81343] TRACE: [GET_FROM, #app] {"messageId":6,"type":"testFailed","params":{"details":"'(with text: is \"No 'devKey' found or its emty\" and view has effective visibility=VISIBLE)' doesn't match the selected view.\nExpected: (with text: is \"No 'devKey' found or its emty\" and view has effective visibility=VISIBLE)\n     Got: \"ReactTextView{id=25, visibility=VISIBLE, width=1020, height=81, has-focus=false, has-focusable=false, has-window-focus=true, is-clickable=false, is-enabled=true, is-focused=false, is-focusable=false, is-layout-requested=true, is-selected=false, layout-params=android.view.ViewGroup$LayoutParams@62eebd0, tag=noDevKeyInitResult, root-is-layout-requested=false, has-input-connection=false, x=30.0, y=381.0, text=No 'devKey' found or its empty, input-type=0, ime-target=false, has-links=false}\"\n"}}
detox[81343] TRACE: [SEND_TO, #tester] {"messageId":6,"type":"testFailed","params":{"details":"'(with text: is \"No 'devKey' found or its emty\" and view has effective visibility=VISIBLE)' doesn't match the selected view.\nExpected: (with text: is \"No 'devKey' found or its emty\" and view has effective visibility=VISIBLE)\n     Got: \"ReactTextView{id=25, visibility=VISIBLE, width=1020, height=81, has-focus=false, has-focusable=false, has-window-focus=true, is-clickable=false, is-enabled=true, is-focused=false, is-focusable=false, is-layout-requested=true, is-selected=false, layout-params=android.view.ViewGroup$LayoutParams@62eebd0, tag=noDevKeyInitResult, root-is-layout-requested=false, has-input-connection=false, x=30.0, y=381.0, text=No 'devKey' found or its empty, input-type=0, ime-target=false, has-links=false}\"\n"}}
detox[81343] TRACE: [WS_MESSAGE] {"messageId":6,"type":"testFailed","params":{"details":"'(with text: is \"No 'devKey' found or its emty\" and view has effective visibility=VISIBLE)' doesn't match the selected view.\nExpected: (with text: is \"No 'devKey' found or its emty\" and view has effective visibility=VISIBLE)\n     Got: \"ReactTextView{id=25, visibility=VISIBLE, width=1020, height=81, has-focus=false, has-focusable=false, has-window-focus=true, is-clickable=false, is-enabled=true, is-focused=false, is-focusable=false, is-layout-requested=true, is-selected=false, layout-params=android.view.ViewGroup$LayoutParams@62eebd0, tag=noDevKeyInitResult, root-is-layout-requested=false, has-input-connection=false, x=30.0, y=381.0, text=No 'devKey' found or its empty, input-type=0, ime-target=false, has-links=false}\"\n"}}
 
detox[81343] TRACE: [ARTIFACTS_LIFECYCLE] artifactsManager.onTestFnFailure({
  error: Error: Test Failed: '(with text: is "No 'devKey' found or its emty" and view has effective visibility=VISIBLE)' doesn't match the selected view.
  Expected: (with text: is "No 'devKey' found or its emty" and view has effective visibility=VISIBLE)
       Got: "ReactTextView{id=25, visibility=VISIBLE, width=1020, height=81, has-focus=false, has-focusable=false, has-window-focus=true, is-clickable=false, is-enabled=true, is-focused=false, is-focusable=false, is-layout-requested=true, is-selected=false, layout-params=android.view.ViewGroup$LayoutParams@62eebd0, tag=noDevKeyInitResult, root-is-layout-requested=false, has-input-connection=false, x=30.0, y=381.0, text=No 'devKey' found or its empty, input-type=0, ime-target=false, has-links=false}"
      at _callee5$ (/Users/amitkremer/AppsFlyer/projects/REACT-NATIVE/detoxTest/e2e/firstTest.e2e.js:23:60)
      at tryCatch (/Users/amitkremer/AppsFlyer/projects/REACT-NATIVE/detoxTest/node_modules/regenerator-runtime/runtime.js:63:40)
      at Generator.invoke [as _invoke] (/Users/amitkremer/AppsFlyer/projects/REACT-NATIVE/detoxTest/node_modules/regenerator-runtime/runtime.js:293:22)
      at Generator.next (/Users/amitkremer/AppsFlyer/projects/REACT-NATIVE/detoxTest/node_modules/regenerator-runtime/runtime.js:118:21)
      at tryCatch (/Users/amitkremer/AppsFlyer/projects/REACT-NATIVE/detoxTest/node_modules/regenerator-runtime/runtime.js:63:40)
      at invoke (/Users/amitkremer/AppsFlyer/projects/REACT-NATIVE/detoxTest/node_modules/regenerator-runtime/runtime.js:154:20)
      at /Users/amitkremer/AppsFlyer/projects/REACT-NATIVE/detoxTest/node_modules/regenerator-runtime/runtime.js:164:13
      at processTicksAndRejections (node:internal/process/task_queues:94:5)
})
detox[81343] TRACE: [DETOX_AFTER_EACH] failed test: "React-Native AppsFlyer Plugin initSdk should return 'No 'devKey' found or its empty'"
detox[81343] TRACE: [ARTIFACTS_LIFECYCLE] artifactsManager.onTestDone({
  title: "initSdk should return 'No 'devKey' found or its empty'",
  fullName: "React-Native AppsFlyer Plugin initSdk should return 'No 'devKey' found or its empty'",
  status: 'failed',
  invocations: 1,
  timedOut: false
})
detox[81343] TRACE: [ARTIFACT_STOP] stopping ADBLogcatRecording
detox[81343] DEBUG: [EXEC_CMD, #35] "/Users/amitkremer/Library/Android/sdk/platform-tools/adb" -s emulator-5554 shell "date +\"%m-%d %T.000\""
detox[81343] TRACE: [EXEC_SUCCESS, #35] 04-13 11:53:43.000

detox[81343] TRACE: [SPAWN_KILL, #81394] sending SIGINT to: /Users/amitkremer/Library/Android/sdk/platform-tools/adb -s emulator-5554 shell logcat -T "04-13 11:53:42.000" --pid=24122 -f /sdcard/115336671_2.log
detox[81343] DEBUG: [SPAWN_END, #81394] /Users/amitkremer/Library/Android/sdk/platform-tools/adb -s emulator-5554 shell "logcat -T \"04-13 11:53:42.000\" --pid=24122 -f /sdcard/115336671_2.log" terminated with SIGINT
detox[81343] INFO:  [1m[37mReact-Native AppsFlyer Plugin: [39m[22m[90minitSdk should return 'No 'devKey' found or its empty'[39m[90m [[31mFAIL[90m][39m
React-Native AppsFlyer Plugin[81343] TRACE: [ARTIFACTS_LIFECYCLE] artifactsManager.onRunDescribeFinish({ name: 'React-Native AppsFlyer Plugin' })
ROOT_DESCRIBE_BLOCK[81343] TRACE: [ARTIFACTS_LIFECYCLE] artifactsManager.onRunDescribeFinish({ name: 'ROOT_DESCRIBE_BLOCK' })
detox[81343] TRACE: [ARTIFACTS_LIFECYCLE] artifactsManager.onBeforeCleanup()
detox[81343] TRACE: [ARTIFACT_SAVE] saving ADBLogcatRecording to: artifacts/android.2021-04-13 08-53-35Z/✗ React-Native AppsFlyer Plugin initSdk should return 'No 'devKey' found or its empty'/process.log
detox[81343] DEBUG: [EXEC_CMD, #36] "/Users/amitkremer/Library/Android/sdk/platform-tools/adb" -s emulator-5554 pull "/sdcard/115336671_2.log" "artifacts/android.2021-04-13 08-53-35Z/✗ React-Native AppsFlyer Plugin initSdk should return 'No 'devKey' found or its empty'/process.log"
detox[81343] TRACE: [EXEC_SUCCESS, #36] /sdcard/115336671_2.log: 1 file pulled, 0 skipped. 3.6 MB/s (19297 bytes in 0.005s)

detox[81343] DEBUG: [EXEC_CMD, #37] "/Users/amitkremer/Library/Android/sdk/platform-tools/adb" -s emulator-5554 shell "rm  \"/sdcard/115336671_2.log\""
detox[81343] TRACE: [EXEC_SUCCESS, #37] 
detox[81343] TRACE: [ARTIFACT_START] starting FileArtifact
detox[81343] TRACE: [ARTIFACT_STOP] stopping FileArtifact
detox[81343] TRACE: [ARTIFACT_SAVE] saving FileArtifact to: artifacts/android.2021-04-13 08-53-35Z/detox_pid_81343.json.log { append: true }
detox[81343] TRACE: [ARTIFACT_START] starting FileArtifact
detox[81343] TRACE: [ARTIFACT_STOP] stopping FileArtifact
detox[81343] TRACE: [ARTIFACT_SAVE] saving FileArtifact to: artifacts/android.2021-04-13 08-53-35Z/detox_pid_81343.log { append: true }
detox[81343] DEBUG: [MOVE_FILE] moving "/private/var/folders/hh/9zq41fns7kbbqgb6q6pqk0z80000gp/T/9b697763-2aa5-4946-9355-f7635b756d2e.detox.log" to artifacts/android.2021-04-13 08-53-35Z/detox_pid_81343.json.log
detox[81343] DEBUG: [MOVE_FILE] moving "/private/var/folders/hh/9zq41fns7kbbqgb6q6pqk0z80000gp/T/940de179-0bb7-4b0b-b998-da3ca538a3a5.detox.log" to artifacts/android.2021-04-13 08-53-35Z/detox_pid_81343.log
detox[81343] TRACE: [WS_SEND] {"type":"cleanup","params":{"stopRunner":false},"messageId":-49642}
detox[81343] TRACE: [GET_FROM, #tester] {"type":"cleanup","params":{"stopRunner":false},"messageId":-49642}
detox[81343] TRACE: [SEND_TO, #app] {"type":"cleanup","params":{"stopRunner":false},"messageId":-49642}
detox[81343] TRACE: [GET_FROM, #app] {"messageId":-49642,"type":"cleanupDone","params":{}}
detox[81343] TRACE: [SEND_TO, #tester] {"messageId":-49642,"type":"cleanupDone","params":{}}
detox[81343] TRACE: [WS_MESSAGE] {"messageId":-49642,"type":"cleanupDone","params":{}}
 
detox[81343] TRACE: [SESSION_TORN] tester exited session ab1c1ce2-9974-d925-36c5-a9ba13bc9a71
detox[81343] TRACE: [SEND_TO, #app] {"type":"testerDisconnected","messageId":-1}
detox[81343] TRACE: [SPAWN_KILL, #81383] sending SIGINT to: /Users/amitkremer/Library/Android/sdk/platform-tools/adb -s emulator-5554 shell am instrument -w -r -e detoxServer ws://localhost:63454 -e detoxSessionId ab1c1ce2-9974-d925-36c5-a9ba13bc9a71 -e debug false com.detoxtest.test/androidx.test.runner.AndroidJUnitRunner
detox[81343] DEBUG: [SPAWN_END, #81383] /Users/amitkremer/Library/Android/sdk/platform-tools/adb -s emulator-5554 shell am instrument -w -r -e detoxServer ws://localhost:63454 -e detoxSessionId ab1c1ce2-9974-d925-36c5-a9ba13bc9a71 -e debug false com.detoxtest.test/androidx.test.runner.AndroidJUnitRunner terminated with SIGINT
detox[81343] DEBUG: [EXEC_CMD, #38] "/Users/amitkremer/Library/Android/sdk/platform-tools/adb" -s emulator-5554 reverse --remove tcp:63454
detox[81343] DEBUG: [SERVER_CLOSE] Detox server has been closed gracefully
detox[81343] TRACE: [SESSION_TORN] app exited session ab1c1ce2-9974-d925-36c5-a9ba13bc9a71
detox[81343] TRACE: [EXEC_SUCCESS, #38] 
