--------- beginning of main
04-13 12:12:03.068 26325 26365 D libEGL  : loaded /vendor/lib/egl/libEGL_emulation.so
04-13 12:12:03.077 26325 26365 D libEGL  : loaded /vendor/lib/egl/libGLESv1_CM_emulation.so
04-13 12:12:03.081 26325 26365 D libEGL  : loaded /vendor/lib/egl/libGLESv2_emulation.so
04-13 12:12:03.085 26325 26325 D LifecycleMonitor: Lifecycle status change: com.detoxtest.MainActivity@d952f0b in: PRE_ON_CREATE
04-13 12:12:03.111 26325 26366 D SoLoader: About to load: libreactnativejni.so
04-13 12:12:03.116 26325 26366 D SoLoader: libreactnativejni.so not found on /data/user/0/com.detoxtest/lib-main
04-13 12:12:03.116 26325 26366 D SoLoader: libreactnativejni.so found on /data/app/~~QVE6A2A3C2SOTTK_TB6mPg==/com.detoxtest-M1Ry98mPo1jSJow0XcEynw==/lib/x86
04-13 12:12:03.116 26325 26366 D SoLoader: Not resolving dependencies for libreactnativejni.so
04-13 12:12:03.127 26325 26366 D SoLoader: Loaded: libreactnativejni.so
04-13 12:12:03.127 26325 26366 D SoLoader: About to load: libfbjni.so
04-13 12:12:03.128 26325 26366 D SoLoader: libfbjni.so not found on /data/user/0/com.detoxtest/lib-main
04-13 12:12:03.128 26325 26366 D SoLoader: libfbjni.so found on /data/app/~~QVE6A2A3C2SOTTK_TB6mPg==/com.detoxtest-M1Ry98mPo1jSJow0XcEynw==/lib/x86
04-13 12:12:03.128 26325 26366 D SoLoader: Not resolving dependencies for libfbjni.so
04-13 12:12:03.135 26325 26366 D SoLoader: Loaded: libfbjni.so
04-13 12:12:03.136 26325 26325 D LifecycleMonitor: Lifecycle status change: com.detoxtest.MainActivity@d952f0b in: CREATED
04-13 12:12:03.138 26325 26325 D LifecycleMonitor: Lifecycle status change: com.detoxtest.MainActivity@d952f0b in: STARTED
04-13 12:12:03.140 26325 26325 D LifecycleMonitor: Lifecycle status change: com.detoxtest.MainActivity@d952f0b in: RESUMED
04-13 12:12:03.161 26325 26366 E unknown:ReactNative: ReactInstanceManager.createReactContext: mJSIModulePackage null
04-13 12:12:03.161 26325 26368 E ReactNativeJNI: logMarker CREATE_REACT_CONTEXT_END
04-13 12:12:03.169 26325 26368 E ReactNativeJNI: logMarker RUN_JS_BUNDLE_START
04-13 12:12:03.173 26325 26369 E unknown:ReactNative: ReactInstanceManager.attachRootViewToInstance()
04-13 12:12:03.213 26325 26369 W unknown:ViewManagerPropertyUpdater: Could not find generated setter for class com.facebook.react.views.art.ARTGroupViewManager
04-13 12:12:03.213 26325 26369 W unknown:ViewManagerPropertyUpdater: Could not find generated setter for class com.facebook.react.views.art.ARTGroupShadowNode
04-13 12:12:03.215 26325 26369 W unknown:ViewManagerPropertyUpdater: Could not find generated setter for class com.facebook.react.views.art.ARTShapeViewManager
04-13 12:12:03.216 26325 26369 W unknown:ViewManagerPropertyUpdater: Could not find generated setter for class com.facebook.react.views.art.ARTShapeShadowNode
04-13 12:12:03.217 26325 26369 W unknown:ViewManagerPropertyUpdater: Could not find generated setter for class com.facebook.react.views.art.ARTTextViewManager
04-13 12:12:03.217 26325 26369 W unknown:ViewManagerPropertyUpdater: Could not find generated setter for class com.facebook.react.views.art.ARTTextShadowNode
04-13 12:12:03.223 26325 26369 W unknown:ViewManagerPropertyUpdater: Could not find generated setter for class com.facebook.react.views.checkbox.ReactCheckBoxManager
04-13 12:12:03.231 26325 26369 W unknown:ViewManagerPropertyUpdater: Could not find generated setter for class com.facebook.react.uimanager.LayoutShadowNode
04-13 12:12:03.235 26325 26369 W unknown:ViewManagerPropertyUpdater: Could not find generated setter for class com.facebook.react.views.picker.ReactDialogPickerManager
04-13 12:12:03.238 26325 26369 W unknown:ViewManagerPropertyUpdater: Could not find generated setter for class com.facebook.react.views.drawer.ReactDrawerLayoutManager
04-13 12:12:03.241 26325 26369 W unknown:ViewManagerPropertyUpdater: Could not find generated setter for class com.facebook.react.views.picker.ReactDropdownPickerManager
04-13 12:12:03.242 26325 26369 W unknown:ViewManagerPropertyUpdater: Could not find generated setter for class com.facebook.react.views.scroll.ReactHorizontalScrollViewManager
04-13 12:12:03.244 26325 26369 W unknown:ViewManagerPropertyUpdater: Could not find generated setter for class com.facebook.react.views.scroll.ReactHorizontalScrollContainerViewManager
04-13 12:12:03.245 26325 26369 W unknown:ViewManagerPropertyUpdater: Could not find generated setter for class com.facebook.react.views.progressbar.ReactProgressBarViewManager
04-13 12:12:03.247 26325 26369 W unknown:ViewManagerPropertyUpdater: Could not find generated setter for class com.facebook.react.views.progressbar.ProgressBarShadowNode
04-13 12:12:03.248 26325 26369 W unknown:ViewManagerPropertyUpdater: Could not find generated setter for class com.facebook.react.views.scroll.ReactScrollViewManager
04-13 12:12:03.250 26325 26369 W unknown:ViewManagerPropertyUpdater: Could not find generated setter for class com.facebook.react.views.slider.ReactSliderManager
04-13 12:12:03.251 26325 26369 W unknown:ViewManagerPropertyUpdater: Could not find generated setter for class com.facebook.react.views.slider.ReactSliderManager$ReactSliderShadowNode
04-13 12:12:03.252 26325 26369 W unknown:ViewManagerPropertyUpdater: Could not find generated setter for class com.facebook.react.views.switchview.ReactSwitchManager
04-13 12:12:03.253 26325 26369 W unknown:ViewManagerPropertyUpdater: Could not find generated setter for class com.facebook.react.views.switchview.ReactSwitchManager$ReactSwitchShadowNode
04-13 12:12:03.253 26325 26369 W unknown:ViewManagerPropertyUpdater: Could not find generated setter for class com.facebook.react.views.swiperefresh.SwipeRefreshLayoutManager
04-13 12:12:03.255 26325 26369 W unknown:ViewManagerPropertyUpdater: Could not find generated setter for class com.facebook.react.views.art.ARTSurfaceViewManager
04-13 12:12:03.255 26325 26369 W unknown:ViewManagerPropertyUpdater: Could not find generated setter for class com.facebook.react.views.art.ARTSurfaceViewShadowNode
04-13 12:12:03.256 26325 26369 W unknown:ViewManagerPropertyUpdater: Could not find generated setter for class com.facebook.react.views.text.frescosupport.FrescoBasedReactTextInlineImageViewManager
04-13 12:12:03.256 26325 26369 W unknown:ViewManagerPropertyUpdater: Could not find generated setter for class com.facebook.react.views.text.frescosupport.FrescoBasedReactTextInlineImageShadowNode
04-13 12:12:03.260 26325 26369 W unknown:ViewManagerPropertyUpdater: Could not find generated setter for class com.facebook.react.views.image.ReactImageManager
04-13 12:12:03.263 26325 26369 W unknown:ViewManagerPropertyUpdater: Could not find generated setter for class com.facebook.react.views.modal.ReactModalHostManager
04-13 12:12:03.264 26325 26369 W unknown:ViewManagerPropertyUpdater: Could not find generated setter for class com.facebook.react.views.modal.ModalHostShadowNode
04-13 12:12:03.264 26325 26369 W unknown:ViewManagerPropertyUpdater: Could not find generated setter for class com.facebook.react.views.text.ReactRawTextManager
04-13 12:12:03.265 26325 26369 W unknown:ViewManagerPropertyUpdater: Could not find generated setter for class com.facebook.react.views.text.ReactRawTextShadowNode
04-13 12:12:03.265 26325 26369 W unknown:ViewManagerPropertyUpdater: Could not find generated setter for class com.facebook.react.views.textinput.ReactTextInputManager
04-13 12:12:03.268 26325 26369 W unknown:ViewManagerPropertyUpdater: Could not find generated setter for class com.facebook.react.views.textinput.ReactTextInputShadowNode
04-13 12:12:03.270 26325 26369 W unknown:ViewManagerPropertyUpdater: Could not find generated setter for class com.facebook.react.views.text.ReactTextViewManager
04-13 12:12:03.272 26325 26369 W unknown:ViewManagerPropertyUpdater: Could not find generated setter for class com.facebook.react.views.text.ReactTextShadowNode
04-13 12:12:03.272 26325 26369 W unknown:ViewManagerPropertyUpdater: Could not find generated setter for class com.facebook.react.views.view.ReactViewManager
04-13 12:12:03.273 26325 26369 W unknown:ViewManagerPropertyUpdater: Could not find generated setter for class com.facebook.react.views.viewpager.ReactViewPagerManager
04-13 12:12:03.274 26325 26369 W unknown:ViewManagerPropertyUpdater: Could not find generated setter for class com.facebook.react.views.text.ReactVirtualTextViewManager
04-13 12:12:03.274 26325 26369 W unknown:ViewManagerPropertyUpdater: Could not find generated setter for class com.facebook.react.views.text.ReactVirtualTextShadowNode
04-13 12:12:03.276 26325 26369 D SoLoader: About to load: libyoga.so
04-13 12:12:03.277 26325 26369 D SoLoader: libyoga.so not found on /data/user/0/com.detoxtest/lib-main
04-13 12:12:03.277 26325 26369 D SoLoader: libyoga.so found on /data/app/~~QVE6A2A3C2SOTTK_TB6mPg==/com.detoxtest-M1Ry98mPo1jSJow0XcEynw==/lib/x86
04-13 12:12:03.277 26325 26369 D SoLoader: Not resolving dependencies for libyoga.so
04-13 12:12:03.282 26325 26369 D SoLoader: Loaded: libyoga.so
04-13 12:12:03.289 26325 26369 E unknown:ReactRootView: runApplication: call AppRegistry.runApplication
04-13 12:12:03.296 26325 26363 D HostConnection: HostConnection::get() New Host Connection established 0xe9917590, tid 26363
04-13 12:12:03.309 26325 26368 E ReactNativeJNI: logMarker RUN_JS_BUNDLE_END
04-13 12:12:03.310 26325 26368 I ReactNativeJS: Running "detoxTest" with {"rootTag":1}
04-13 12:12:03.311 26325 26363 D HostConnection: HostComposition ext ANDROID_EMU_CHECKSUM_HELPER_v1 ANDROID_EMU_native_sync_v2 ANDROID_EMU_native_sync_v3 ANDROID_EMU_native_sync_v4 ANDROID_EMU_dma_v1 ANDROID_EMU_direct_mem ANDROID_EMU_host_composition_v1 ANDROID_EMU_host_composition_v2 ANDROID_EMU_YUV_Cache ANDROID_EMU_async_unmap_buffer GL_OES_EGL_image_external_essl3 GL_OES_vertex_array_object GL_KHR_texture_compression_astc_ldr ANDROID_EMU_gles_max_version_3_0 
04-13 12:12:03.319 26325 26363 W OpenGLRenderer: Failed to choose config with EGL_SWAP_BEHAVIOR_PRESERVED, retrying without...
04-13 12:12:03.321 26325 26363 D EGL_emulation: eglCreateContext: 0xe97395f0: maj 3 min 0 rcv 3
04-13 12:12:03.351 26325 26363 D EGL_emulation: eglMakeCurrent: 0xe97395f0: ver 3 0 (tinfo 0xe9a7e190)
04-13 12:12:03.354 26325 26369 D SoLoader: init exiting
04-13 12:12:03.367 26325 26369 W unknown:ReactNative: Tried to update non-existent root tag: 0
04-13 12:12:03.371 26325 26363 I Gralloc4: mapper 4.x is not supported
04-13 12:12:03.373 26325 26363 D HostConnection: createUnique: call
04-13 12:12:03.374 26325 26363 D HostConnection: HostConnection::get() New Host Connection established 0xe99157f0, tid 26363
04-13 12:12:03.374 26325 26363 D eglCodecCommon: allocate: Ask for block of size 0x100
04-13 12:12:03.375 26325 26363 D eglCodecCommon: allocate: ioctl allocate returned offset 0x3fc0ff000 size 0x2000
04-13 12:12:03.399 26325 26363 D HostConnection: HostComposition ext ANDROID_EMU_CHECKSUM_HELPER_v1 ANDROID_EMU_native_sync_v2 ANDROID_EMU_native_sync_v3 ANDROID_EMU_native_sync_v4 ANDROID_EMU_dma_v1 ANDROID_EMU_direct_mem ANDROID_EMU_host_composition_v1 ANDROID_EMU_host_composition_v2 ANDROID_EMU_YUV_Cache ANDROID_EMU_async_unmap_buffer GL_OES_EGL_image_external_essl3 GL_OES_vertex_array_object GL_KHR_texture_compression_astc_ldr ANDROID_EMU_gles_max_version_3_0 
04-13 12:12:03.405 26325 26363 D EGL_emulation: eglMakeCurrent: 0xe97395f0: ver 3 0 (tinfo 0xe9a7e190)
04-13 12:12:03.434 26325 26325 E unknown:ReactNative: Unable to launch logbox because react was unable to create the root view
04-13 12:12:03.493 26325 26375 I Detox   : Detox thread starting (com.wix.detox.manager)
04-13 12:12:03.499 26325 26375 I DetoxManager: DetoxServerUrl: ws://localhost:64909
04-13 12:12:03.499 26325 26375 I DetoxManager: DetoxSessionId: 06694b1c-0c3d-bb92-80be-f5977d94a861
04-13 12:12:03.509 26325 26325 D DetoxRNLoading: Got new RN-context directly and immediately
04-13 12:12:03.512 26325 26375 I DetoxRNIdleRes: Setting up Espresso Idling Resources for React Native.
04-13 12:12:03.534 26325 26375 D AsyncStorageIR: Checking whether a custom IR for Async-Storage is required... (legacy=false)
04-13 12:12:03.536 26325 26375 D DetoxRNHelpers: Native module not resolved: no such class
04-13 12:12:03.536 26325 26375 D AsyncStorageIR: Checking whether a custom IR for Async-Storage is required... (legacy=true)
04-13 12:12:03.541 26325 26375 D AsyncStorageIR: IR for Async-Storage is required! (legacy=true)
04-13 12:12:03.559 26325 26325 D AsyncStorageIRLegacy: Async-storage is busy!
04-13 12:12:03.565 26325 26375 I WebSocketClient: At connectToServer
04-13 12:12:03.602 26325 26378 I WebSocketClient: At onOpen
04-13 12:12:03.603 26325 26378 I WebSocketClient: At sendAction
04-13 12:12:03.603 26325 26378 D WebSocketClient: Detox Action Sent: login
04-13 12:12:03.731 26325 26325 I Detox   : Wait is over: app is now idle!
04-13 12:12:03.740 26325 26378 I WebSocketClient: At sendAction
04-13 12:12:03.742 26325 26378 D WebSocketClient: Detox Action Sent: ready
04-13 12:12:03.747 26325 26378 I WebSocketClient: At onMessage
04-13 12:12:03.747 26325 26378 I WebSocketClient: At receiveAction
04-13 12:12:03.747 26325 26378 D WebSocketClient: Detox Action Received: loginSuccess
04-13 12:12:03.747 26325 26378 I DetoxManager: onAction: type: loginSuccess params: {"testerConnected":true,"appConnected":true}
04-13 12:12:03.809 26325 26378 I WebSocketClient: At onMessage
04-13 12:12:03.809 26325 26378 I WebSocketClient: At receiveAction
04-13 12:12:03.809 26325 26378 D WebSocketClient: Detox Action Received: invoke
04-13 12:12:03.809 26325 26378 I DetoxManager: onAction: type: invoke params: {"target":{"type":"Class","value":"com.wix.detox.espresso.DetoxAssertion"},"method":"assertMatcher","args":[{"type":"Invocation","value":{"target":{"type":"Class","value":"androidx.test.espresso.Espresso"},"method":"onView","args":[{"type":"Invocation","value":{"target":{"type":"Class","value":"com.wix.detox.espresso.DetoxMatcher"},"method":"matcherForTestId","args":["successInitButton"]}}]}},{"type":"Invocation","value":{"target":{"type":"Class","value":"com.wix.detox.espresso.DetoxMatcher"},"method":"matcherForSufficientlyVisible","args":[]}}]}
04-13 12:12:03.831 26325 26375 D Detox   : class com.wix.detox.espresso.DetoxMatcher, matcherForTestId, [successInitButton]
04-13 12:12:03.857 26325 26375 D Detox   : class androidx.test.espresso.Espresso, onView, [(with tag value: is "successInitButton" and view has effective visibility=VISIBLE)]
04-13 12:12:03.859 26325 26375 D Detox   : class com.wix.detox.espresso.DetoxMatcher, matcherForSufficientlyVisible, []
04-13 12:12:03.860 26325 26375 D Detox   : class com.wix.detox.espresso.DetoxAssertion, assertMatcher, [androidx.test.espresso.ViewInteraction@a74700a, at least 75 percent of the view's area is displayed to the user.]
04-13 12:12:03.886 26325 26325 I ViewInteraction: Checking 'MatchesViewAssertion(Detox){viewMatcher=at least 75 percent of the view's area is displayed to the user.}' assertion on view (with tag value: is "successInitButton" and view has effective visibility=VISIBLE)
04-13 12:12:03.888 26325 26375 I WebSocketClient: At sendAction
04-13 12:12:03.889 26325 26375 D WebSocketClient: Detox Action Sent: invokeResult
04-13 12:12:03.895 26325 26378 I WebSocketClient: At onMessage
04-13 12:12:03.895 26325 26378 I WebSocketClient: At receiveAction
04-13 12:12:03.895 26325 26378 D WebSocketClient: Detox Action Received: invoke
04-13 12:12:03.895 26325 26378 I DetoxManager: onAction: type: invoke params: {"target":{"type":"Class","value":"com.wix.detox.espresso.EspressoDetox"},"method":"perform","args":[{"type":"Invocation","value":{"target":{"type":"Class","value":"androidx.test.espresso.Espresso"},"method":"onView","args":[{"type":"Invocation","value":{"target":{"type":"Class","value":"com.wix.detox.espresso.DetoxMatcher"},"method":"matcherForTestId","args":["successInitButton"]}}]}},{"type":"Invocation","value":{"target":{"type":"Class","value":"com.wix.detox.espresso.DetoxViewActions"},"method":"click","args":[]}}]}
04-13 12:12:03.896 26325 26375 D Detox   : class com.wix.detox.espresso.DetoxMatcher, matcherForTestId, [successInitButton]
04-13 12:12:03.896 26325 26375 D Detox   : class androidx.test.espresso.Espresso, onView, [(with tag value: is "successInitButton" and view has effective visibility=VISIBLE)]
04-13 12:12:03.897 26325 26375 D Detox   : class com.wix.detox.espresso.DetoxViewActions, click, []
04-13 12:12:03.908 26325 26375 D Detox   : class com.wix.detox.espresso.EspressoDetox, perform, [androidx.test.espresso.ViewInteraction@3580e98, com.wix.detox.espresso.action.RNClickAction@280b6f1]
04-13 12:12:03.912 26325 26325 I ViewInteraction: Performing 'com.wix.detox.espresso.action.detoxsingletap@7f182d6 click' action on view (with tag value: is "successInitButton" and view has effective visibility=VISIBLE)
04-13 12:12:03.967 26325 26325 I Detox   : UIManagerModule is busy
04-13 12:12:04.013 26325 26369 D AppsFlyer_6.2.0: Initializing AppsFlyer SDK: (v6.2.0.91)
04-13 12:12:04.240 26325 26397 I TetheringManager: registerTetheringEventCallback:com.detoxtest
04-13 12:12:04.317 26325 26397 I com.detoxtest: Waiting for a blocking GC ClassLinker
04-13 12:12:04.320 26325 26397 I com.detoxtest: Waiting for a blocking GC ClassLinker
04-13 12:12:04.445 26325 26375 I WebSocketClient: At sendAction
04-13 12:12:04.445 26325 26375 D WebSocketClient: Detox Action Sent: invokeResult
04-13 12:12:04.449 26325 26378 I WebSocketClient: At onMessage
04-13 12:12:04.449 26325 26378 I WebSocketClient: At receiveAction
04-13 12:12:04.449 26325 26378 D WebSocketClient: Detox Action Received: invoke
04-13 12:12:04.449 26325 26378 I DetoxManager: onAction: type: invoke params: {"target":{"type":"Class","value":"com.wix.detox.espresso.DetoxAssertion"},"method":"assertMatcher","args":[{"type":"Invocation","value":{"target":{"type":"Class","value":"androidx.test.espresso.Espresso"},"method":"onView","args":[{"type":"Invocation","value":{"target":{"type":"Class","value":"com.wix.detox.espresso.DetoxMatcher"},"method":"matcherForTestId","args":["successInitResult"]}}]}},{"type":"Invocation","value":{"target":{"type":"Class","value":"com.wix.detox.espresso.DetoxMatcher"},"method":"matcherForText","args":["Success"]}}]}
04-13 12:12:04.450 26325 26375 D Detox   : class com.wix.detox.espresso.DetoxMatcher, matcherForTestId, [successInitResult]
04-13 12:12:04.450 26325 26375 D Detox   : class androidx.test.espresso.Espresso, onView, [(with tag value: is "successInitResult" and view has effective visibility=VISIBLE)]
04-13 12:12:04.450 26325 26375 D Detox   : class com.wix.detox.espresso.DetoxMatcher, matcherForText, [Success]
04-13 12:12:04.452 26325 26375 D Detox   : class com.wix.detox.espresso.DetoxAssertion, assertMatcher, [androidx.test.espresso.ViewInteraction@5e26ca4, (with text: is "Success" and view has effective visibility=VISIBLE)]
04-13 12:12:04.457 26325 26325 I ViewInteraction: Checking 'MatchesViewAssertion(Detox){viewMatcher=(with text: is "Success" and view has effective visibility=VISIBLE)}' assertion on view (with tag value: is "successInitResult" and view has effective visibility=VISIBLE)
04-13 12:12:04.457 26325 26375 I WebSocketClient: At sendAction
04-13 12:12:04.459 26325 26375 D WebSocketClient: Detox Action Sent: invokeResult
