detox[76621] TRACE: [DETOX_CREATE] created a Detox instance with config:
{"artifactsConfig":{"rootDir":"artifacts/android.2021-04-13 08-29-19Z","plugins":{"log":{"enabled":true,"keepOnlyFailedTestsArtifacts":false},"screenshot":{"enabled":true,"shouldTakeAutomaticSnapshots":false,"keepOnlyFailedTestsArtifacts":false},"video":{"enabled":false,"keepOnlyFailedTestsArtifacts":false},"instruments":{"enabled":false,"keepOnlyFailedTestsArtifacts":false},"timeline":{"enabled":false},"uiHierarchy":{"enabled":false,"keepOnlyFailedTestsArtifacts":false}},"pathBuilder":{"_rootDir":"artifacts/android.2021-04-13 08-29-19Z"}},"appsConfig":{"default":{"type":"android.apk","binaryPath":"android/app/build/outputs/apk/release/app-release.apk","build":"cd android ; ./gradlew assembleRelease assembleAndroidTest -DtestBuildType=release ; cd .."}},"behaviorConfig":{"init":{"reinstallApp":true,"exposeGlobals":true},"cleanup":{"shutdownDevice":false},"launchApp":"auto"},"cliConfig":{"recordLogs":"all","configuration":"android","forceAdbInstall":"false","useCustomLogger":"true"},"deviceConfig":{"type":"android.emulator","device":{"avdName":"Nexus_5"}},"runnerConfig":{"testRunner":"jest","runnerConfig":"e2e/config.json","specs":"e2e"},"sessionConfig":{"autoStart":true,"server":"ws://localhost:61157","sessionId":"64ea9297-84d3-342a-21d1-0dce9b78d69a","debugSynchronization":10000},"errorComposer":{"configurationName":"android","filepath":"/Users/amitkremer/AppsFlyer/projects/REACT-NATIVE/detoxTest/.detoxrc.json","contents":{"testRunner":"jest","runnerConfig":"e2e/config.json","apps":{"ios":{"type":"ios.app","binaryPath":"SPECIFY_PATH_TO_YOUR_APP_BINARY"},"android":{"type":"android.apk","binaryPath":"android/app/build/outputs/apk/release/app-release.apk","build":"cd android ; ./gradlew assembleRelease assembleAndroidTest -DtestBuildType=release ; cd .."}},"devices":{"simulator":{"type":"ios.simulator","device":{"type":"iPhone 11"}},"amit-device":{"type":"android.emulator","device":{"avdName":"Nexus_5"}}},"configurations":{"ios":{"device":"simulator","app":"ios"},"android":{"device":"amit-device","app":"android"}}},"_extends":false}}
detox[76621] DEBUG: [DetoxServer.js] Detox server listening on localhost:61157...
detox[76621] TRACE: [WS_OPEN] opened web socket to: ws://localhost:61157
detox[76621] TRACE: [WS_SEND] {"type":"login","params":{"sessionId":"64ea9297-84d3-342a-21d1-0dce9b78d69a","role":"tester"},"messageId":0}
detox[76621] TRACE: [GET_FROM, #61158] {"type":"login","params":{"sessionId":"64ea9297-84d3-342a-21d1-0dce9b78d69a","role":"tester"},"messageId":0}
detox[76621] TRACE: [SESSION_CREATED] created session 64ea9297-84d3-342a-21d1-0dce9b78d69a
detox[76621] TRACE: [SEND_TO, #tester] {"type":"loginSuccess","params":{"testerConnected":true,"appConnected":false},"messageId":0}
detox[76621] TRACE: [SESSION_JOINED] tester joined session 64ea9297-84d3-342a-21d1-0dce9b78d69a
detox[76621] TRACE: [WS_MESSAGE] {"type":"loginSuccess","params":{"testerConnected":true,"appConnected":false},"messageId":0}
 
detox[76621] DEBUG: [EXEC_CMD, #0] "/Users/amitkremer/Library/Android/sdk/emulator/emulator" -list-avds --verbose
detox[76621] TRACE: [EXEC_SUCCESS, #0] Nexus_5

detox[76621] DEBUG: [EXEC_CMD, #1] "/Users/amitkremer/Library/Android/sdk/emulator/emulator" -version 
detox[76621] TRACE: [EXEC_SUCCESS, #1] Android emulator version 30.1.5.0 (build_id 6855416) (CL:N/A)
Copyright (C) 2006-2017 The Android Open Source Project and many others.
This program is a derivative of the QEMU CPU emulator (www.qemu.org).

  This software is licensed under the terms of the GNU General Public
  License version 2, as published by the Free Software Foundation, and
  may be copied, distributed, and modified under those terms.

  This program is distributed in the hope that it will be useful,
  but WITHOUT ANY WARRANTY; without even the implied warranty of
  MERCHANTABILITY or FITNESS FOR A PARTICULAR PURPOSE.  See the
  GNU General Public License for more details.


detox[76621] DEBUG: [EMU_BIN_VERSION_DETECT] Detected emulator binary version { major: 30, minor: 1, patch: 5, toString: [Function: toString] }
detox[76621] DEBUG: [ALLOCATE_DEVICE] Trying to allocate a device based on "Nexus_5"
detox[76621] DEBUG: [EXEC_CMD, #2] "/Users/amitkremer/Library/Android/sdk/platform-tools/adb"  devices
detox[76621] DEBUG: [EXEC_SUCCESS, #2] List of devices attached
emulator-5554	device


detox[76621] TRACE: [TELNET_CONNECTING] port: 5554, host: localhost
detox[76621] DEBUG: [DEVICE_LOOKUP] Found a matching & free device emulator-5554
detox[76621] DEBUG: [ALLOCATE_DEVICE] Settled on emulator-5554
detox[76621] DEBUG: [EXEC_CMD, #3] "/Users/amitkremer/Library/Android/sdk/platform-tools/adb" -s emulator-5554 shell "getprop dev.bootcomplete"
detox[76621] TRACE: [EXEC_SUCCESS, #3] 1

detox[76621] TRACE: [ARTIFACTS_LIFECYCLE] artifactsManager.onBootDevice({ coldBoot: false, deviceId: 'emulator-5554', type: 'Nexus_5' })
detox[76621] DEBUG: [EXEC_CMD, #4] "/Users/amitkremer/Library/Android/sdk/platform-tools/adb" -s emulator-5554 shell "getprop ro.build.version.sdk"
detox[76621] TRACE: [EXEC_SUCCESS, #4] 29

detox[76621] DEBUG: [EXEC_CMD, #5] "/Users/amitkremer/Library/Android/sdk/platform-tools/adb" -s emulator-5554 shell "settings put global animator_duration_scale 0"
detox[76621] TRACE: [EXEC_SUCCESS, #5] 
detox[76621] DEBUG: [EXEC_CMD, #6] "/Users/amitkremer/Library/Android/sdk/platform-tools/adb" -s emulator-5554 shell "settings put global window_animation_scale 0"
detox[76621] TRACE: [EXEC_SUCCESS, #6] 
detox[76621] DEBUG: [EXEC_CMD, #7] "/Users/amitkremer/Library/Android/sdk/platform-tools/adb" -s emulator-5554 shell "settings put global transition_animation_scale 0"
detox[76621] TRACE: [EXEC_SUCCESS, #7] 
detox[76621] DEBUG: [EXEC_CMD, #8] "/Users/amitkremer/Library/Android/sdk/platform-tools/adb" -s emulator-5554 shell "dumpsys power | grep \"^[ ]*m[UW].*=\""
detox[76621] TRACE: [EXEC_SUCCESS, #8]   mWakefulness=Awake
  mWakefulnessChanging=false
  mWakeLockSummary=0x1
  mUserActivitySummary=0x1
  mWakeUpWhenPluggedOrUnpluggedConfig=false
  mWakeUpWhenPluggedOrUnpluggedInTheaterModeConfig=false
  mUserActivityTimeoutOverrideFromWindowManager=-1
  mUserInactiveOverrideFromWindowManager=false
  mUserId=0

detox[76621] DEBUG: [EXEC_CMD, #9] "/Users/amitkremer/Library/Android/sdk/build-tools/30.0.3/aapt" dump badging "/Users/amitkremer/AppsFlyer/projects/REACT-NATIVE/detoxTest/android/app/build/outputs/apk/release/app-release.apk" | grep -e "package: name="
detox[76621] TRACE: [EXEC_SUCCESS, #9] package: name='com.detoxtest' versionCode='1' versionName='1.0' compileSdkVersion='29' compileSdkVersionCodename='10'

detox[76621] TRACE: [ARTIFACTS_LIFECYCLE] artifactsManager.onBeforeTerminateApp({ deviceId: 'emulator-5554', bundleId: 'com.detoxtest' })
detox[76621] DEBUG: [EXEC_CMD, #10] "/Users/amitkremer/Library/Android/sdk/platform-tools/adb" -s emulator-5554 shell "am force-stop com.detoxtest"
detox[76621] TRACE: [EXEC_SUCCESS, #10] 
detox[76621] TRACE: [ARTIFACTS_LIFECYCLE] artifactsManager.onTerminateApp({ deviceId: 'emulator-5554', bundleId: 'com.detoxtest' })
detox[76621] TRACE: [ARTIFACTS_LIFECYCLE] artifactsManager.onBeforeUninstallApp({ deviceId: 'emulator-5554', bundleId: 'com.detoxtest' })
detox[76621] DEBUG: [EXEC_CMD, #11] "/Users/amitkremer/Library/Android/sdk/platform-tools/adb" -s emulator-5554 shell "pm list packages com.detoxtest"
detox[76621] TRACE: [EXEC_SUCCESS, #11] package:com.detoxtest
package:com.detoxtest.test

detox[76621] DEBUG: [EXEC_CMD, #12] "/Users/amitkremer/Library/Android/sdk/platform-tools/adb" -s emulator-5554 uninstall com.detoxtest
detox[76621] TRACE: [EXEC_SUCCESS, #12] Success

detox[76621] DEBUG: [EXEC_CMD, #13] "/Users/amitkremer/Library/Android/sdk/platform-tools/adb" -s emulator-5554 shell "pm list packages com.detoxtest.test"
detox[76621] TRACE: [EXEC_SUCCESS, #13] package:com.detoxtest.test

detox[76621] DEBUG: [EXEC_CMD, #14] "/Users/amitkremer/Library/Android/sdk/platform-tools/adb" -s emulator-5554 uninstall com.detoxtest.test
detox[76621] TRACE: [EXEC_SUCCESS, #14] Success

detox[76621] DEBUG: [EXEC_CMD, #15] "/Users/amitkremer/Library/Android/sdk/platform-tools/adb" -s emulator-5554 shell "rm -fr /data/local/tmp/detox"
detox[76621] TRACE: [EXEC_SUCCESS, #15] 
detox[76621] DEBUG: [EXEC_CMD, #16] "/Users/amitkremer/Library/Android/sdk/platform-tools/adb" -s emulator-5554 shell "mkdir -p /data/local/tmp/detox"
detox[76621] TRACE: [EXEC_SUCCESS, #16] 
detox[76621] DEBUG: [EXEC_CMD, #17] "/Users/amitkremer/Library/Android/sdk/platform-tools/adb" -s emulator-5554 push "/Users/amitkremer/AppsFlyer/projects/REACT-NATIVE/detoxTest/android/app/build/outputs/apk/release/app-release.apk" "/data/local/tmp/detox/Application.apk"
detox[76621] TRACE: [EXEC_SUCCESS, #17] /Users/amitkremer/AppsFlyer/projects/REACT-NATIVE/detoxTest/android/app/build/outputs/apk/release/app-release.apk: 1 file pushed, 0 skipped. 116.2 MB/s (26409698 bytes in 0.217s)

detox[76621] DEBUG: [EXEC_CMD, #18] "/Users/amitkremer/Library/Android/sdk/platform-tools/adb" -s emulator-5554 shell "pm install -r -g -t /data/local/tmp/detox/Application.apk"
detox[76621] TRACE: [EXEC_SUCCESS, #18] Success

detox[76621] DEBUG: [EXEC_CMD, #19] "/Users/amitkremer/Library/Android/sdk/platform-tools/adb" -s emulator-5554 push "/Users/amitkremer/AppsFlyer/projects/REACT-NATIVE/detoxTest/android/app/build/outputs/apk/androidTest/release/app-release-androidTest.apk" "/data/local/tmp/detox/Test.apk"
detox[76621] TRACE: [EXEC_SUCCESS, #19] /Users/amitkremer/AppsFlyer/projects/REACT-NATIVE/detoxTest/android/app/build/outputs/apk/androidTest/release/app-release-androidTest.apk: 1 file pushed, 0 skipped. 281.5 MB/s (1330433 bytes in 0.005s)

detox[76621] DEBUG: [EXEC_CMD, #20] "/Users/amitkremer/Library/Android/sdk/platform-tools/adb" -s emulator-5554 shell "pm install -r -g -t /data/local/tmp/detox/Test.apk"
detox[76621] TRACE: [EXEC_SUCCESS, #20] Success

ROOT_DESCRIBE_BLOCK[76621] TRACE: [ARTIFACTS_LIFECYCLE] artifactsManager.onRunDescribeStart({ name: 'ROOT_DESCRIBE_BLOCK' })
Example[76621] TRACE: [ARTIFACTS_LIFECYCLE] artifactsManager.onRunDescribeStart({ name: 'Example' })
detox[76621] INFO:  [97mExample[39m is assigned to [94memulator-5554 (Nexus_5)[39m
detox[76621] TRACE: [ARTIFACTS_LIFECYCLE] artifactsManager.onBeforeTerminateApp({ deviceId: 'emulator-5554', bundleId: 'com.detoxtest' })
detox[76621] DEBUG: [EXEC_CMD, #21] "/Users/amitkremer/Library/Android/sdk/platform-tools/adb" -s emulator-5554 shell "am force-stop com.detoxtest"
detox[76621] TRACE: [EXEC_SUCCESS, #21] 
detox[76621] TRACE: [ARTIFACTS_LIFECYCLE] artifactsManager.onTerminateApp({ deviceId: 'emulator-5554', bundleId: 'com.detoxtest' })
detox[76621] TRACE: [ARTIFACTS_LIFECYCLE] artifactsManager.onBeforeLaunchApp({
  deviceId: 'emulator-5554',
  bundleId: 'com.detoxtest',
  launchArgs: {
    detoxServer: 'ws://localhost:61157',
    detoxSessionId: '64ea9297-84d3-342a-21d1-0dce9b78d69a'
  }
})
detox[76621] DEBUG: [EXEC_CMD, #22] "/Users/amitkremer/Library/Android/sdk/platform-tools/adb" -s emulator-5554 shell "date +\"%m-%d %T.000\""
detox[76621] TRACE: [EXEC_SUCCESS, #22] 04-13 11:29:24.000

detox[76621] DEBUG: [EXEC_CMD, #23] "/Users/amitkremer/Library/Android/sdk/platform-tools/adb" -s emulator-5554 reverse tcp:61157 tcp:61157
detox[76621] TRACE: [EXEC_SUCCESS, #23] 61157

detox[76621] DEBUG: [EXEC_CMD, #24] "/Users/amitkremer/Library/Android/sdk/platform-tools/adb" -s emulator-5554 shell "pm list instrumentation"
detox[76621] TRACE: [EXEC_SUCCESS, #24] instrumentation:com.appsflyer.reactnative.test/android.test.InstrumentationTestRunner (target=com.appsflyer.reactnative.test)
instrumentation:com.detoxtest.test/androidx.test.runner.AndroidJUnitRunner (target=com.detoxtest)

detox[76621] DEBUG: [SPAWN_CMD, #76661] /Users/amitkremer/Library/Android/sdk/platform-tools/adb -s emulator-5554 shell am instrument -w -r -e detoxServer ws://localhost:61157 -e detoxSessionId 64ea9297-84d3-342a-21d1-0dce9b78d69a -e debug false com.detoxtest.test/androidx.test.runner.AndroidJUnitRunner
detox[76621] DEBUG: [EXEC_CMD, #25] "/Users/amitkremer/Library/Android/sdk/platform-tools/adb" -s emulator-5554 shell "ps | grep \"com\.detoxtest$\""
detox[76621] TRACE: [SPAWN_STDOUT, #76661] INSTRUMENTATION_STATUS: class=com.detoxtest.DetoxTest
INSTRUMENTATION_STATUS: current=1
INSTRUMENTATION_STATUS: id=AndroidJUnitRunner
INSTRUMENTATION_STATUS: numtests=1
INSTRUMENTATION_STATUS: stream=
com.detoxtest.DetoxTest:

detox[76621] TRACE: [SPAWN_STDOUT, #76661] INSTRUMENTATION_STATUS: test=runDetoxTests
INSTRUMENTATION_STATUS_CODE: 1

detox[76621] TRACE: [EXEC_SUCCESS, #25] u0_a252       20499    359 1332180 142584 0                   0 S com.detoxtest

detox[20499] TRACE: [ARTIFACTS_LIFECYCLE] artifactsManager.onLaunchApp({
  deviceId: 'emulator-5554',
  bundleId: 'com.detoxtest',
  launchArgs: {
    detoxServer: 'ws://localhost:61157',
    detoxSessionId: '64ea9297-84d3-342a-21d1-0dce9b78d69a'
  },
  pid: 20499
})
detox[76621] TRACE: [ARTIFACT_START] starting ADBLogcatRecording
detox[76621] DEBUG: [SPAWN_CMD, #76667] /Users/amitkremer/Library/Android/sdk/platform-tools/adb -s emulator-5554 shell "logcat -T \"04-13 11:29:24.000\" --pid=20499 -f /sdcard/112920359_0.log"
detox[76621] DEBUG: [EXEC_CMD, #26] "/Users/amitkremer/Library/Android/sdk/platform-tools/adb" -s emulator-5554 shell du /sdcard/112920359_0.log
detox[76621] TRACE: [EXEC_SUCCESS, #26] 4	/sdcard/112920359_0.log

detox[76621] TRACE: [GET_FROM, #61243] {"messageId":0,"type":"login","params":{"role":"app","sessionId":"64ea9297-84d3-342a-21d1-0dce9b78d69a"}}
detox[76621] TRACE: [SEND_TO, #app] {"messageId":0,"type":"loginSuccess","params":{"testerConnected":true,"appConnected":true}}
detox[76621] TRACE: [SESSION_JOINED] app joined session 64ea9297-84d3-342a-21d1-0dce9b78d69a
detox[76621] TRACE: [SEND_TO, #tester] {"type":"appConnected"}
detox[76621] TRACE: [GET_FROM, #app] {"messageId":-1000,"type":"ready","params":{}}
detox[76621] TRACE: [SEND_TO, #tester] {"messageId":-1000,"type":"ready","params":{}}
detox[76621] TRACE: [WS_MESSAGE] {"type":"appConnected"}
 
detox[76621] TRACE: [WS_MESSAGE] {"messageId":-1000,"type":"ready","params":{}}
 
detox[20499] TRACE: [ARTIFACTS_LIFECYCLE] artifactsManager.onAppReady({ deviceId: 'emulator-5554', bundleId: 'com.detoxtest', pid: 20499 })
detox[76621] INFO:  [1m[37mExample: [39m[22m[90minitSdk should return  success[39m
detox[76621] TRACE: [DETOX_BEFORE_EACH] running test: "Example initSdk should return  success"
detox[76621] TRACE: [ARTIFACTS_LIFECYCLE] artifactsManager.onTestStart({
  title: 'initSdk should return  success',
  fullName: 'Example initSdk should return  success',
  status: 'running',
  invocations: 1
})
detox[76621] TRACE: [ARTIFACT_STOP] stopping ADBLogcatRecording
detox[76621] DEBUG: [EXEC_CMD, #27] "/Users/amitkremer/Library/Android/sdk/platform-tools/adb" -s emulator-5554 shell "date +\"%m-%d %T.000\""
detox[76621] TRACE: [EXEC_SUCCESS, #27] 04-13 11:29:27.000

detox[76621] TRACE: [SPAWN_KILL, #76667] sending SIGINT to: /Users/amitkremer/Library/Android/sdk/platform-tools/adb -s emulator-5554 shell logcat -T "04-13 11:29:24.000" --pid=20499 -f /sdcard/112920359_0.log
detox[76621] DEBUG: [SPAWN_END, #76667] /Users/amitkremer/Library/Android/sdk/platform-tools/adb -s emulator-5554 shell "logcat -T \"04-13 11:29:24.000\" --pid=20499 -f /sdcard/112920359_0.log" terminated with SIGINT
detox[76621] TRACE: [ARTIFACT_START] starting ADBLogcatRecording
detox[76621] DEBUG: [SPAWN_CMD, #76670] /Users/amitkremer/Library/Android/sdk/platform-tools/adb -s emulator-5554 shell "logcat -T \"04-13 11:29:27.000\" --pid=20499 -f /sdcard/112920359_1.log"
detox[76621] TRACE: [WS_SEND] {"type":"reactNativeReload","params":{},"messageId":-1000}
detox[76621] TRACE: [GET_FROM, #tester] {"type":"reactNativeReload","params":{},"messageId":-1000}
detox[76621] TRACE: [SEND_TO, #app] {"type":"reactNativeReload","params":{},"messageId":-1000}
detox[76621] TRACE: [GET_FROM, #app] {"messageId":-1000,"type":"ready","params":{}}
detox[76621] TRACE: [SEND_TO, #tester] {"messageId":-1000,"type":"ready","params":{}}
detox[76621] TRACE: [WS_MESSAGE] {"messageId":-1000,"type":"ready","params":{}}
 
detox[76621] TRACE: [WS_SEND] {"type":"invoke","params":{"target":{"type":"Class","value":"com.wix.detox.espresso.DetoxAssertion"},"method":"assertMatcher","args":[{"type":"Invocation","value":{"target":{"type":"Class","value":"androidx.test.espresso.Espresso"},"method":"onView","args":[{"type":"Invocation","value":{"target":{"type":"Class","value":"com.wix.detox.espresso.DetoxMatcher"},"method":"matcherForTestId","args":["initButton"]}}]}},{"type":"Invocation","value":{"target":{"type":"Class","value":"com.wix.detox.espresso.DetoxMatcher"},"method":"matcherForSufficientlyVisible","args":[]}}]},"messageId":1}
detox[76621] TRACE: [GET_FROM, #tester] {"type":"invoke","params":{"target":{"type":"Class","value":"com.wix.detox.espresso.DetoxAssertion"},"method":"assertMatcher","args":[{"type":"Invocation","value":{"target":{"type":"Class","value":"androidx.test.espresso.Espresso"},"method":"onView","args":[{"type":"Invocation","value":{"target":{"type":"Class","value":"com.wix.detox.espresso.DetoxMatcher"},"method":"matcherForTestId","args":["initButton"]}}]}},{"type":"Invocation","value":{"target":{"type":"Class","value":"com.wix.detox.espresso.DetoxMatcher"},"method":"matcherForSufficientlyVisible","args":[]}}]},"messageId":1}
detox[76621] TRACE: [SEND_TO, #app] {"type":"invoke","params":{"target":{"type":"Class","value":"com.wix.detox.espresso.DetoxAssertion"},"method":"assertMatcher","args":[{"type":"Invocation","value":{"target":{"type":"Class","value":"androidx.test.espresso.Espresso"},"method":"onView","args":[{"type":"Invocation","value":{"target":{"type":"Class","value":"com.wix.detox.espresso.DetoxMatcher"},"method":"matcherForTestId","args":["initButton"]}}]}},{"type":"Invocation","value":{"target":{"type":"Class","value":"com.wix.detox.espresso.DetoxMatcher"},"method":"matcherForSufficientlyVisible","args":[]}}]},"messageId":1}
detox[76621] DEBUG: [EXEC_CMD, #28] "/Users/amitkremer/Library/Android/sdk/platform-tools/adb" -s emulator-5554 shell du /sdcard/112920359_1.log
detox[76621] TRACE: [EXEC_SUCCESS, #28] 4	/sdcard/112920359_1.log

detox[76621] TRACE: [GET_FROM, #app] {"messageId":1,"type":"invokeResult","params":{"result":null}}
detox[76621] TRACE: [SEND_TO, #tester] {"messageId":1,"type":"invokeResult","params":{"result":null}}
detox[76621] TRACE: [WS_MESSAGE] {"messageId":1,"type":"invokeResult","params":{"result":null}}
 
detox[76621] TRACE: [WS_SEND] {"type":"invoke","params":{"target":{"type":"Class","value":"com.wix.detox.espresso.EspressoDetox"},"method":"perform","args":[{"type":"Invocation","value":{"target":{"type":"Class","value":"androidx.test.espresso.Espresso"},"method":"onView","args":[{"type":"Invocation","value":{"target":{"type":"Class","value":"com.wix.detox.espresso.DetoxMatcher"},"method":"matcherForTestId","args":["initButton"]}}]}},{"type":"Invocation","value":{"target":{"type":"Class","value":"com.wix.detox.espresso.DetoxViewActions"},"method":"click","args":[]}}]},"messageId":2}
detox[76621] TRACE: [GET_FROM, #tester] {"type":"invoke","params":{"target":{"type":"Class","value":"com.wix.detox.espresso.EspressoDetox"},"method":"perform","args":[{"type":"Invocation","value":{"target":{"type":"Class","value":"androidx.test.espresso.Espresso"},"method":"onView","args":[{"type":"Invocation","value":{"target":{"type":"Class","value":"com.wix.detox.espresso.DetoxMatcher"},"method":"matcherForTestId","args":["initButton"]}}]}},{"type":"Invocation","value":{"target":{"type":"Class","value":"com.wix.detox.espresso.DetoxViewActions"},"method":"click","args":[]}}]},"messageId":2}
detox[76621] TRACE: [SEND_TO, #app] {"type":"invoke","params":{"target":{"type":"Class","value":"com.wix.detox.espresso.EspressoDetox"},"method":"perform","args":[{"type":"Invocation","value":{"target":{"type":"Class","value":"androidx.test.espresso.Espresso"},"method":"onView","args":[{"type":"Invocation","value":{"target":{"type":"Class","value":"com.wix.detox.espresso.DetoxMatcher"},"method":"matcherForTestId","args":["initButton"]}}]}},{"type":"Invocation","value":{"target":{"type":"Class","value":"com.wix.detox.espresso.DetoxViewActions"},"method":"click","args":[]}}]},"messageId":2}
detox[76621] TRACE: [GET_FROM, #app] {"messageId":2,"type":"invokeResult","params":{"result":null}}
detox[76621] TRACE: [SEND_TO, #tester] {"messageId":2,"type":"invokeResult","params":{"result":null}}
detox[76621] TRACE: [WS_MESSAGE] {"messageId":2,"type":"invokeResult","params":{"result":null}}
 
detox[76621] TRACE: [WS_SEND] {"type":"invoke","params":{"target":{"type":"Class","value":"com.wix.detox.espresso.DetoxAssertion"},"method":"assertMatcher","args":[{"type":"Invocation","value":{"target":{"type":"Class","value":"androidx.test.espresso.Espresso"},"method":"onView","args":[{"type":"Invocation","value":{"target":{"type":"Class","value":"com.wix.detox.espresso.DetoxMatcher"},"method":"matcherForTestId","args":["successInitResult"]}}]}},{"type":"Invocation","value":{"target":{"type":"Class","value":"com.wix.detox.espresso.DetoxMatcher"},"method":"matcherForText","args":["Success"]}}]},"messageId":3}
detox[76621] TRACE: [GET_FROM, #tester] {"type":"invoke","params":{"target":{"type":"Class","value":"com.wix.detox.espresso.DetoxAssertion"},"method":"assertMatcher","args":[{"type":"Invocation","value":{"target":{"type":"Class","value":"androidx.test.espresso.Espresso"},"method":"onView","args":[{"type":"Invocation","value":{"target":{"type":"Class","value":"com.wix.detox.espresso.DetoxMatcher"},"method":"matcherForTestId","args":["successInitResult"]}}]}},{"type":"Invocation","value":{"target":{"type":"Class","value":"com.wix.detox.espresso.DetoxMatcher"},"method":"matcherForText","args":["Success"]}}]},"messageId":3}
detox[76621] TRACE: [SEND_TO, #app] {"type":"invoke","params":{"target":{"type":"Class","value":"com.wix.detox.espresso.DetoxAssertion"},"method":"assertMatcher","args":[{"type":"Invocation","value":{"target":{"type":"Class","value":"androidx.test.espresso.Espresso"},"method":"onView","args":[{"type":"Invocation","value":{"target":{"type":"Class","value":"com.wix.detox.espresso.DetoxMatcher"},"method":"matcherForTestId","args":["successInitResult"]}}]}},{"type":"Invocation","value":{"target":{"type":"Class","value":"com.wix.detox.espresso.DetoxMatcher"},"method":"matcherForText","args":["Success"]}}]},"messageId":3}
detox[76621] TRACE: [GET_FROM, #app] {"messageId":3,"type":"testFailed","params":{"details":"'(with text: is \"Success\" and view has effective visibility=VISIBLE)' doesn't match the selected view.\nExpected: (with text: is \"Success\" and view has effective visibility=VISIBLE)\n     Got: null\n"}}
detox[76621] TRACE: [SEND_TO, #tester] {"messageId":3,"type":"testFailed","params":{"details":"'(with text: is \"Success\" and view has effective visibility=VISIBLE)' doesn't match the selected view.\nExpected: (with text: is \"Success\" and view has effective visibility=VISIBLE)\n     Got: null\n"}}
detox[76621] TRACE: [WS_MESSAGE] {"messageId":3,"type":"testFailed","params":{"details":"'(with text: is \"Success\" and view has effective visibility=VISIBLE)' doesn't match the selected view.\nExpected: (with text: is \"Success\" and view has effective visibility=VISIBLE)\n     Got: null\n"}}
 
detox[76621] TRACE: [ARTIFACTS_LIFECYCLE] artifactsManager.onTestFnFailure({
  error: Error: Test Failed: '(with text: is "Success" and view has effective visibility=VISIBLE)' doesn't match the selected view.
  Expected: (with text: is "Success" and view has effective visibility=VISIBLE)
       Got: null
      at _callee4$ (/Users/amitkremer/AppsFlyer/projects/REACT-NATIVE/detoxTest/e2e/firstTest.e2e.js:17:59)
      at tryCatch (/Users/amitkremer/AppsFlyer/projects/REACT-NATIVE/detoxTest/node_modules/regenerator-runtime/runtime.js:63:40)
      at Generator.invoke [as _invoke] (/Users/amitkremer/AppsFlyer/projects/REACT-NATIVE/detoxTest/node_modules/regenerator-runtime/runtime.js:293:22)
      at Generator.next (/Users/amitkremer/AppsFlyer/projects/REACT-NATIVE/detoxTest/node_modules/regenerator-runtime/runtime.js:118:21)
      at tryCatch (/Users/amitkremer/AppsFlyer/projects/REACT-NATIVE/detoxTest/node_modules/regenerator-runtime/runtime.js:63:40)
      at invoke (/Users/amitkremer/AppsFlyer/projects/REACT-NATIVE/detoxTest/node_modules/regenerator-runtime/runtime.js:154:20)
      at /Users/amitkremer/AppsFlyer/projects/REACT-NATIVE/detoxTest/node_modules/regenerator-runtime/runtime.js:164:13
      at processTicksAndRejections (node:internal/process/task_queues:94:5)
})
detox[76621] TRACE: [DETOX_AFTER_EACH] failed test: "Example initSdk should return  success"
detox[76621] TRACE: [ARTIFACTS_LIFECYCLE] artifactsManager.onTestDone({
  title: 'initSdk should return  success',
  fullName: 'Example initSdk should return  success',
  status: 'failed',
  invocations: 1,
  timedOut: false
})
detox[76621] TRACE: [ARTIFACT_STOP] stopping ADBLogcatRecording
detox[76621] DEBUG: [EXEC_CMD, #29] "/Users/amitkremer/Library/Android/sdk/platform-tools/adb" -s emulator-5554 shell "date +\"%m-%d %T.000\""
detox[76621] TRACE: [EXEC_SUCCESS, #29] 04-13 11:29:28.000

detox[76621] TRACE: [SPAWN_KILL, #76670] sending SIGINT to: /Users/amitkremer/Library/Android/sdk/platform-tools/adb -s emulator-5554 shell logcat -T "04-13 11:29:27.000" --pid=20499 -f /sdcard/112920359_1.log
detox[76621] DEBUG: [SPAWN_END, #76670] /Users/amitkremer/Library/Android/sdk/platform-tools/adb -s emulator-5554 shell "logcat -T \"04-13 11:29:27.000\" --pid=20499 -f /sdcard/112920359_1.log" terminated with SIGINT
detox[76621] INFO:  [1m[37mExample: [39m[22m[90minitSdk should return  success[39m[90m [[31mFAIL[90m][39m
detox[76621] INFO:  [1m[37mExample: [39m[22m[90minitSdk should return 'No 'devKey' found or its empty'[39m
detox[76621] TRACE: [DETOX_BEFORE_EACH] running test: "Example initSdk should return 'No 'devKey' found or its empty'"
detox[76621] TRACE: [ARTIFACTS_LIFECYCLE] artifactsManager.onTestStart({
  title: "initSdk should return 'No 'devKey' found or its empty'",
  fullName: "Example initSdk should return 'No 'devKey' found or its empty'",
  status: 'running',
  invocations: 1
})
detox[76621] TRACE: [ARTIFACT_START] starting ADBLogcatRecording
detox[76621] DEBUG: [SPAWN_CMD, #76677] /Users/amitkremer/Library/Android/sdk/platform-tools/adb -s emulator-5554 shell "logcat -T \"04-13 11:29:28.000\" --pid=20499 -f /sdcard/112920359_2.log"
detox[76621] TRACE: [WS_SEND] {"type":"reactNativeReload","params":{},"messageId":-1000}
detox[76621] TRACE: [GET_FROM, #tester] {"type":"reactNativeReload","params":{},"messageId":-1000}
detox[76621] TRACE: [SEND_TO, #app] {"type":"reactNativeReload","params":{},"messageId":-1000}
detox[76621] TRACE: [ARTIFACT_SAVE] saving ADBLogcatRecording to: artifacts/android.2021-04-13 08-29-19Z/✗ Example initSdk should return  success/process.log
detox[76621] DEBUG: [EXEC_CMD, #30] "/Users/amitkremer/Library/Android/sdk/platform-tools/adb" -s emulator-5554 pull "/sdcard/112920359_1.log" "artifacts/android.2021-04-13 08-29-19Z/✗ Example initSdk should return  success/process.log"
detox[76621] TRACE: [EXEC_SUCCESS, #30] /sdcard/112920359_1.log: 1 file pulled, 0 skipped. 2.1 MB/s (20991 bytes in 0.010s)

detox[76621] DEBUG: [EXEC_CMD, #31] "/Users/amitkremer/Library/Android/sdk/platform-tools/adb" -s emulator-5554 shell "rm  \"/sdcard/112920359_1.log\""
detox[76621] TRACE: [EXEC_SUCCESS, #31] 
detox[76621] TRACE: [ARTIFACT_SAVE] saving ADBLogcatRecording to: artifacts/android.2021-04-13 08-29-19Z/emulator-5554 2021-04-13 08-29-29Z.startup.log
detox[76621] DEBUG: [EXEC_CMD, #32] "/Users/amitkremer/Library/Android/sdk/platform-tools/adb" -s emulator-5554 pull "/sdcard/112920359_0.log" "artifacts/android.2021-04-13 08-29-19Z/emulator-5554 2021-04-13 08-29-29Z.startup.log"
detox[76621] TRACE: [GET_FROM, #app] {"messageId":-1000,"type":"ready","params":{}}
detox[76621] TRACE: [SEND_TO, #tester] {"messageId":-1000,"type":"ready","params":{}}
detox[76621] TRACE: [WS_MESSAGE] {"messageId":-1000,"type":"ready","params":{}}
 
detox[76621] TRACE: [WS_SEND] {"type":"invoke","params":{"target":{"type":"Class","value":"com.wix.detox.espresso.DetoxAssertion"},"method":"assertMatcher","args":[{"type":"Invocation","value":{"target":{"type":"Class","value":"androidx.test.espresso.Espresso"},"method":"onView","args":[{"type":"Invocation","value":{"target":{"type":"Class","value":"com.wix.detox.espresso.DetoxMatcher"},"method":"matcherForTestId","args":["noDevKey"]}}]}},{"type":"Invocation","value":{"target":{"type":"Class","value":"com.wix.detox.espresso.DetoxMatcher"},"method":"matcherForSufficientlyVisible","args":[]}}]},"messageId":4}
detox[76621] TRACE: [GET_FROM, #tester] {"type":"invoke","params":{"target":{"type":"Class","value":"com.wix.detox.espresso.DetoxAssertion"},"method":"assertMatcher","args":[{"type":"Invocation","value":{"target":{"type":"Class","value":"androidx.test.espresso.Espresso"},"method":"onView","args":[{"type":"Invocation","value":{"target":{"type":"Class","value":"com.wix.detox.espresso.DetoxMatcher"},"method":"matcherForTestId","args":["noDevKey"]}}]}},{"type":"Invocation","value":{"target":{"type":"Class","value":"com.wix.detox.espresso.DetoxMatcher"},"method":"matcherForSufficientlyVisible","args":[]}}]},"messageId":4}
detox[76621] TRACE: [SEND_TO, #app] {"type":"invoke","params":{"target":{"type":"Class","value":"com.wix.detox.espresso.DetoxAssertion"},"method":"assertMatcher","args":[{"type":"Invocation","value":{"target":{"type":"Class","value":"androidx.test.espresso.Espresso"},"method":"onView","args":[{"type":"Invocation","value":{"target":{"type":"Class","value":"com.wix.detox.espresso.DetoxMatcher"},"method":"matcherForTestId","args":["noDevKey"]}}]}},{"type":"Invocation","value":{"target":{"type":"Class","value":"com.wix.detox.espresso.DetoxMatcher"},"method":"matcherForSufficientlyVisible","args":[]}}]},"messageId":4}
detox[76621] TRACE: [EXEC_SUCCESS, #32] /sdcard/112920359_0.log: 1 file pulled, 0 skipped. 2.8 MB/s (27176 bytes in 0.009s)

detox[76621] DEBUG: [EXEC_CMD, #33] "/Users/amitkremer/Library/Android/sdk/platform-tools/adb" -s emulator-5554 shell "rm  \"/sdcard/112920359_0.log\""
detox[76621] TRACE: [EXEC_SUCCESS, #33] 
detox[76621] DEBUG: [EXEC_CMD, #34] "/Users/amitkremer/Library/Android/sdk/platform-tools/adb" -s emulator-5554 shell du /sdcard/112920359_2.log
detox[76621] TRACE: [EXEC_SUCCESS, #34] 4	/sdcard/112920359_2.log

detox[76621] TRACE: [GET_FROM, #app] {"messageId":4,"type":"testFailed","params":{"details":"'at least 75 percent of the view's area is displayed to the user.' doesn't match the selected view.\nExpected: at least 75 percent of the view's area is displayed to the user.\n     Got: null\n"}}
detox[76621] TRACE: [SEND_TO, #tester] {"messageId":4,"type":"testFailed","params":{"details":"'at least 75 percent of the view's area is displayed to the user.' doesn't match the selected view.\nExpected: at least 75 percent of the view's area is displayed to the user.\n     Got: null\n"}}
detox[76621] TRACE: [WS_MESSAGE] {"messageId":4,"type":"testFailed","params":{"details":"'at least 75 percent of the view's area is displayed to the user.' doesn't match the selected view.\nExpected: at least 75 percent of the view's area is displayed to the user.\n     Got: null\n"}}
 
detox[76621] TRACE: [ARTIFACTS_LIFECYCLE] artifactsManager.onTestFnFailure({
  error: Error: Test Failed: 'at least 75 percent of the view's area is displayed to the user.' doesn't match the selected view.
  Expected: at least 75 percent of the view's area is displayed to the user.
       Got: null
      at _callee5$ (/Users/amitkremer/AppsFlyer/projects/REACT-NATIVE/detoxTest/e2e/firstTest.e2e.js:21:50)
      at tryCatch (/Users/amitkremer/AppsFlyer/projects/REACT-NATIVE/detoxTest/node_modules/regenerator-runtime/runtime.js:63:40)
      at Generator.invoke [as _invoke] (/Users/amitkremer/AppsFlyer/projects/REACT-NATIVE/detoxTest/node_modules/regenerator-runtime/runtime.js:293:22)
      at Generator.next (/Users/amitkremer/AppsFlyer/projects/REACT-NATIVE/detoxTest/node_modules/regenerator-runtime/runtime.js:118:21)
      at tryCatch (/Users/amitkremer/AppsFlyer/projects/REACT-NATIVE/detoxTest/node_modules/regenerator-runtime/runtime.js:63:40)
      at invoke (/Users/amitkremer/AppsFlyer/projects/REACT-NATIVE/detoxTest/node_modules/regenerator-runtime/runtime.js:154:20)
      at /Users/amitkremer/AppsFlyer/projects/REACT-NATIVE/detoxTest/node_modules/regenerator-runtime/runtime.js:189:11
      at new Promise (<anonymous>)
})
detox[76621] TRACE: [DETOX_AFTER_EACH] failed test: "Example initSdk should return 'No 'devKey' found or its empty'"
detox[76621] TRACE: [ARTIFACTS_LIFECYCLE] artifactsManager.onTestDone({
  title: "initSdk should return 'No 'devKey' found or its empty'",
  fullName: "Example initSdk should return 'No 'devKey' found or its empty'",
  status: 'failed',
  invocations: 1,
  timedOut: false
})
detox[76621] TRACE: [ARTIFACT_STOP] stopping ADBLogcatRecording
detox[76621] DEBUG: [EXEC_CMD, #35] "/Users/amitkremer/Library/Android/sdk/platform-tools/adb" -s emulator-5554 shell "date +\"%m-%d %T.000\""
detox[76621] TRACE: [EXEC_SUCCESS, #35] 04-13 11:29:28.000

detox[76621] TRACE: [SPAWN_KILL, #76677] sending SIGINT to: /Users/amitkremer/Library/Android/sdk/platform-tools/adb -s emulator-5554 shell logcat -T "04-13 11:29:28.000" --pid=20499 -f /sdcard/112920359_2.log
detox[76621] DEBUG: [SPAWN_END, #76677] /Users/amitkremer/Library/Android/sdk/platform-tools/adb -s emulator-5554 shell "logcat -T \"04-13 11:29:28.000\" --pid=20499 -f /sdcard/112920359_2.log" terminated with SIGINT
detox[76621] INFO:  [1m[37mExample: [39m[22m[90minitSdk should return 'No 'devKey' found or its empty'[39m[90m [[31mFAIL[90m][39m
Example[76621] TRACE: [ARTIFACTS_LIFECYCLE] artifactsManager.onRunDescribeFinish({ name: 'Example' })
ROOT_DESCRIBE_BLOCK[76621] TRACE: [ARTIFACTS_LIFECYCLE] artifactsManager.onRunDescribeFinish({ name: 'ROOT_DESCRIBE_BLOCK' })
detox[76621] TRACE: [ARTIFACTS_LIFECYCLE] artifactsManager.onBeforeCleanup()
detox[76621] TRACE: [ARTIFACT_SAVE] saving ADBLogcatRecording to: artifacts/android.2021-04-13 08-29-19Z/✗ Example initSdk should return 'No 'devKey' found or its empty'/process.log
detox[76621] DEBUG: [EXEC_CMD, #36] "/Users/amitkremer/Library/Android/sdk/platform-tools/adb" -s emulator-5554 pull "/sdcard/112920359_2.log" "artifacts/android.2021-04-13 08-29-19Z/✗ Example initSdk should return 'No 'devKey' found or its empty'/process.log"
detox[76621] TRACE: [EXEC_SUCCESS, #36] /sdcard/112920359_2.log: 1 file pulled, 0 skipped. 4.8 MB/s (23634 bytes in 0.005s)

detox[76621] DEBUG: [EXEC_CMD, #37] "/Users/amitkremer/Library/Android/sdk/platform-tools/adb" -s emulator-5554 shell "rm  \"/sdcard/112920359_2.log\""
detox[76621] TRACE: [EXEC_SUCCESS, #37] 
detox[76621] TRACE: [ARTIFACT_START] starting FileArtifact
detox[76621] TRACE: [ARTIFACT_STOP] stopping FileArtifact
detox[76621] TRACE: [ARTIFACT_SAVE] saving FileArtifact to: artifacts/android.2021-04-13 08-29-19Z/detox_pid_76621.json.log { append: true }
detox[76621] TRACE: [ARTIFACT_START] starting FileArtifact
detox[76621] TRACE: [ARTIFACT_STOP] stopping FileArtifact
detox[76621] TRACE: [ARTIFACT_SAVE] saving FileArtifact to: artifacts/android.2021-04-13 08-29-19Z/detox_pid_76621.log { append: true }
detox[76621] DEBUG: [MOVE_FILE] moving "/private/var/folders/hh/9zq41fns7kbbqgb6q6pqk0z80000gp/T/4d4cbb89-5994-46b6-8e53-1155904a440c.detox.log" to artifacts/android.2021-04-13 08-29-19Z/detox_pid_76621.json.log
detox[76621] DEBUG: [MOVE_FILE] moving "/private/var/folders/hh/9zq41fns7kbbqgb6q6pqk0z80000gp/T/7c290ded-9a4a-4721-828e-cd0e8a138d4c.detox.log" to artifacts/android.2021-04-13 08-29-19Z/detox_pid_76621.log
detox[76621] TRACE: [WS_SEND] {"type":"cleanup","params":{"stopRunner":false},"messageId":-49642}
detox[76621] TRACE: [GET_FROM, #tester] {"type":"cleanup","params":{"stopRunner":false},"messageId":-49642}
detox[76621] TRACE: [SEND_TO, #app] {"type":"cleanup","params":{"stopRunner":false},"messageId":-49642}
detox[76621] TRACE: [GET_FROM, #app] {"messageId":-49642,"type":"cleanupDone","params":{}}
detox[76621] TRACE: [SEND_TO, #tester] {"messageId":-49642,"type":"cleanupDone","params":{}}
detox[76621] TRACE: [WS_MESSAGE] {"messageId":-49642,"type":"cleanupDone","params":{}}
 
detox[76621] TRACE: [SESSION_TORN] tester exited session 64ea9297-84d3-342a-21d1-0dce9b78d69a
detox[76621] TRACE: [SEND_TO, #app] {"type":"testerDisconnected","messageId":-1}
detox[76621] TRACE: [SPAWN_KILL, #76661] sending SIGINT to: /Users/amitkremer/Library/Android/sdk/platform-tools/adb -s emulator-5554 shell am instrument -w -r -e detoxServer ws://localhost:61157 -e detoxSessionId 64ea9297-84d3-342a-21d1-0dce9b78d69a -e debug false com.detoxtest.test/androidx.test.runner.AndroidJUnitRunner
detox[76621] DEBUG: [SPAWN_END, #76661] /Users/amitkremer/Library/Android/sdk/platform-tools/adb -s emulator-5554 shell am instrument -w -r -e detoxServer ws://localhost:61157 -e detoxSessionId 64ea9297-84d3-342a-21d1-0dce9b78d69a -e debug false com.detoxtest.test/androidx.test.runner.AndroidJUnitRunner terminated with SIGINT
detox[76621] DEBUG: [EXEC_CMD, #38] "/Users/amitkremer/Library/Android/sdk/platform-tools/adb" -s emulator-5554 reverse --remove tcp:61157
detox[76621] DEBUG: [SERVER_CLOSE] Detox server has been closed gracefully
detox[76621] TRACE: [SESSION_TORN] app exited session 64ea9297-84d3-342a-21d1-0dce9b78d69a
detox[76621] TRACE: [EXEC_SUCCESS, #38] 
