detox[75528] TRACE: [DETOX_CREATE] created a Detox instance with config:
{"artifactsConfig":{"rootDir":"artifacts/android.2021-04-13 08-19-51Z","plugins":{"log":{"enabled":true,"keepOnlyFailedTestsArtifacts":false},"screenshot":{"enabled":true,"shouldTakeAutomaticSnapshots":false,"keepOnlyFailedTestsArtifacts":false},"video":{"enabled":false,"keepOnlyFailedTestsArtifacts":false},"instruments":{"enabled":false,"keepOnlyFailedTestsArtifacts":false},"timeline":{"enabled":false},"uiHierarchy":{"enabled":false,"keepOnlyFailedTestsArtifacts":false}},"pathBuilder":{"_rootDir":"artifacts/android.2021-04-13 08-19-51Z"}},"appsConfig":{"default":{"type":"android.apk","binaryPath":"android/app/build/outputs/apk/release/app-release.apk","build":"cd android ; ./gradlew assembleRelease assembleAndroidTest -DtestBuildType=release ; cd .."}},"behaviorConfig":{"init":{"reinstallApp":true,"exposeGlobals":true},"cleanup":{"shutdownDevice":false},"launchApp":"auto"},"cliConfig":{"recordLogs":"all","configuration":"android","forceAdbInstall":"false","useCustomLogger":"true"},"deviceConfig":{"type":"android.emulator","device":{"avdName":"Nexus_5"}},"runnerConfig":{"testRunner":"jest","runnerConfig":"e2e/config.json","specs":"e2e"},"sessionConfig":{"autoStart":true,"server":"ws://localhost:60450","sessionId":"7d89f164-af6b-c9dc-64c4-8893db044759","debugSynchronization":10000},"errorComposer":{"configurationName":"android","filepath":"/Users/amitkremer/AppsFlyer/projects/REACT-NATIVE/detoxTest/.detoxrc.json","contents":{"testRunner":"jest","runnerConfig":"e2e/config.json","apps":{"ios":{"type":"ios.app","binaryPath":"SPECIFY_PATH_TO_YOUR_APP_BINARY"},"android":{"type":"android.apk","binaryPath":"android/app/build/outputs/apk/release/app-release.apk","build":"cd android ; ./gradlew assembleRelease assembleAndroidTest -DtestBuildType=release ; cd .."}},"devices":{"simulator":{"type":"ios.simulator","device":{"type":"iPhone 11"}},"amit-device":{"type":"android.emulator","device":{"avdName":"Nexus_5"}}},"configurations":{"ios":{"device":"simulator","app":"ios"},"android":{"device":"amit-device","app":"android"}}},"_extends":false}}
detox[75528] DEBUG: [DetoxServer.js] Detox server listening on localhost:60450...
detox[75528] TRACE: [WS_OPEN] opened web socket to: ws://localhost:60450
detox[75528] TRACE: [WS_SEND] {"type":"login","params":{"sessionId":"7d89f164-af6b-c9dc-64c4-8893db044759","role":"tester"},"messageId":0}
detox[75528] TRACE: [GET_FROM, #60451] {"type":"login","params":{"sessionId":"7d89f164-af6b-c9dc-64c4-8893db044759","role":"tester"},"messageId":0}
detox[75528] TRACE: [SESSION_CREATED] created session 7d89f164-af6b-c9dc-64c4-8893db044759
detox[75528] TRACE: [SEND_TO, #tester] {"type":"loginSuccess","params":{"testerConnected":true,"appConnected":false},"messageId":0}
detox[75528] TRACE: [SESSION_JOINED] tester joined session 7d89f164-af6b-c9dc-64c4-8893db044759
detox[75528] TRACE: [WS_MESSAGE] {"type":"loginSuccess","params":{"testerConnected":true,"appConnected":false},"messageId":0}
 
detox[75528] DEBUG: [EXEC_CMD, #0] "/Users/amitkremer/Library/Android/sdk/emulator/emulator" -list-avds --verbose
detox[75528] TRACE: [EXEC_SUCCESS, #0] Nexus_5

detox[75528] DEBUG: [EXEC_CMD, #1] "/Users/amitkremer/Library/Android/sdk/emulator/emulator" -version 
detox[75528] TRACE: [EXEC_SUCCESS, #1] Android emulator version 30.1.5.0 (build_id 6855416) (CL:N/A)
Copyright (C) 2006-2017 The Android Open Source Project and many others.
This program is a derivative of the QEMU CPU emulator (www.qemu.org).

  This software is licensed under the terms of the GNU General Public
  License version 2, as published by the Free Software Foundation, and
  may be copied, distributed, and modified under those terms.

  This program is distributed in the hope that it will be useful,
  but WITHOUT ANY WARRANTY; without even the implied warranty of
  MERCHANTABILITY or FITNESS FOR A PARTICULAR PURPOSE.  See the
  GNU General Public License for more details.


detox[75528] DEBUG: [EMU_BIN_VERSION_DETECT] Detected emulator binary version { major: 30, minor: 1, patch: 5, toString: [Function: toString] }
detox[75528] DEBUG: [ALLOCATE_DEVICE] Trying to allocate a device based on "Nexus_5"
detox[75528] DEBUG: [EXEC_CMD, #2] "/Users/amitkremer/Library/Android/sdk/platform-tools/adb"  devices
detox[75528] DEBUG: [EXEC_SUCCESS, #2] List of devices attached
emulator-5554	device


detox[75528] TRACE: [TELNET_CONNECTING] port: 5554, host: localhost
detox[75528] DEBUG: [DEVICE_LOOKUP] Found a matching & free device emulator-5554
detox[75528] DEBUG: [ALLOCATE_DEVICE] Settled on emulator-5554
detox[75528] DEBUG: [EXEC_CMD, #3] "/Users/amitkremer/Library/Android/sdk/platform-tools/adb" -s emulator-5554 shell "getprop dev.bootcomplete"
detox[75528] TRACE: [EXEC_SUCCESS, #3] 1

detox[75528] TRACE: [ARTIFACTS_LIFECYCLE] artifactsManager.onBootDevice({ coldBoot: false, deviceId: 'emulator-5554', type: 'Nexus_5' })
detox[75528] DEBUG: [EXEC_CMD, #4] "/Users/amitkremer/Library/Android/sdk/platform-tools/adb" -s emulator-5554 shell "getprop ro.build.version.sdk"
detox[75528] TRACE: [EXEC_SUCCESS, #4] 29

detox[75528] DEBUG: [EXEC_CMD, #5] "/Users/amitkremer/Library/Android/sdk/platform-tools/adb" -s emulator-5554 shell "settings put global animator_duration_scale 0"
detox[75528] TRACE: [EXEC_SUCCESS, #5] 
detox[75528] DEBUG: [EXEC_CMD, #6] "/Users/amitkremer/Library/Android/sdk/platform-tools/adb" -s emulator-5554 shell "settings put global window_animation_scale 0"
detox[75528] TRACE: [EXEC_SUCCESS, #6] 
detox[75528] DEBUG: [EXEC_CMD, #7] "/Users/amitkremer/Library/Android/sdk/platform-tools/adb" -s emulator-5554 shell "settings put global transition_animation_scale 0"
detox[75528] TRACE: [EXEC_SUCCESS, #7] 
detox[75528] DEBUG: [EXEC_CMD, #8] "/Users/amitkremer/Library/Android/sdk/platform-tools/adb" -s emulator-5554 shell "dumpsys power | grep \"^[ ]*m[UW].*=\""
detox[75528] TRACE: [EXEC_SUCCESS, #8]   mWakefulness=Awake
  mWakefulnessChanging=false
  mWakeLockSummary=0x1
  mUserActivitySummary=0x1
  mWakeUpWhenPluggedOrUnpluggedConfig=false
  mWakeUpWhenPluggedOrUnpluggedInTheaterModeConfig=false
  mUserActivityTimeoutOverrideFromWindowManager=-1
  mUserInactiveOverrideFromWindowManager=false
  mUserId=0

detox[75528] DEBUG: [EXEC_CMD, #9] "/Users/amitkremer/Library/Android/sdk/build-tools/30.0.3/aapt" dump badging "/Users/amitkremer/AppsFlyer/projects/REACT-NATIVE/detoxTest/android/app/build/outputs/apk/release/app-release.apk" | grep -e "package: name="
detox[75528] TRACE: [EXEC_SUCCESS, #9] package: name='com.detoxtest' versionCode='1' versionName='1.0' compileSdkVersion='29' compileSdkVersionCodename='10'

detox[75528] TRACE: [ARTIFACTS_LIFECYCLE] artifactsManager.onBeforeTerminateApp({ deviceId: 'emulator-5554', bundleId: 'com.detoxtest' })
detox[75528] DEBUG: [EXEC_CMD, #10] "/Users/amitkremer/Library/Android/sdk/platform-tools/adb" -s emulator-5554 shell "am force-stop com.detoxtest"
detox[75528] TRACE: [EXEC_SUCCESS, #10] 
detox[75528] TRACE: [ARTIFACTS_LIFECYCLE] artifactsManager.onTerminateApp({ deviceId: 'emulator-5554', bundleId: 'com.detoxtest' })
detox[75528] TRACE: [ARTIFACTS_LIFECYCLE] artifactsManager.onBeforeUninstallApp({ deviceId: 'emulator-5554', bundleId: 'com.detoxtest' })
detox[75528] DEBUG: [EXEC_CMD, #11] "/Users/amitkremer/Library/Android/sdk/platform-tools/adb" -s emulator-5554 shell "pm list packages com.detoxtest"
detox[75528] TRACE: [EXEC_SUCCESS, #11] package:com.detoxtest
package:com.detoxtest.test

detox[75528] DEBUG: [EXEC_CMD, #12] "/Users/amitkremer/Library/Android/sdk/platform-tools/adb" -s emulator-5554 uninstall com.detoxtest
detox[75528] TRACE: [EXEC_SUCCESS, #12] Success

detox[75528] DEBUG: [EXEC_CMD, #13] "/Users/amitkremer/Library/Android/sdk/platform-tools/adb" -s emulator-5554 shell "pm list packages com.detoxtest.test"
detox[75528] TRACE: [EXEC_SUCCESS, #13] package:com.detoxtest.test

detox[75528] DEBUG: [EXEC_CMD, #14] "/Users/amitkremer/Library/Android/sdk/platform-tools/adb" -s emulator-5554 uninstall com.detoxtest.test
detox[75528] TRACE: [EXEC_SUCCESS, #14] Success

detox[75528] DEBUG: [EXEC_CMD, #15] "/Users/amitkremer/Library/Android/sdk/platform-tools/adb" -s emulator-5554 shell "rm -fr /data/local/tmp/detox"
detox[75528] TRACE: [EXEC_SUCCESS, #15] 
detox[75528] DEBUG: [EXEC_CMD, #16] "/Users/amitkremer/Library/Android/sdk/platform-tools/adb" -s emulator-5554 shell "mkdir -p /data/local/tmp/detox"
detox[75528] TRACE: [EXEC_SUCCESS, #16] 
detox[75528] DEBUG: [EXEC_CMD, #17] "/Users/amitkremer/Library/Android/sdk/platform-tools/adb" -s emulator-5554 push "/Users/amitkremer/AppsFlyer/projects/REACT-NATIVE/detoxTest/android/app/build/outputs/apk/release/app-release.apk" "/data/local/tmp/detox/Application.apk"
detox[75528] TRACE: [EXEC_SUCCESS, #17] /Users/amitkremer/AppsFlyer/projects/REACT-NATIVE/detoxTest/android/app/build/outputs/apk/release/app-release.apk: 1 file pushed, 0 skipped. 124.1 MB/s (26409698 bytes in 0.203s)

detox[75528] DEBUG: [EXEC_CMD, #18] "/Users/amitkremer/Library/Android/sdk/platform-tools/adb" -s emulator-5554 shell "pm install -r -g -t /data/local/tmp/detox/Application.apk"
detox[75528] TRACE: [EXEC_SUCCESS, #18] Success

detox[75528] DEBUG: [EXEC_CMD, #19] "/Users/amitkremer/Library/Android/sdk/platform-tools/adb" -s emulator-5554 push "/Users/amitkremer/AppsFlyer/projects/REACT-NATIVE/detoxTest/android/app/build/outputs/apk/androidTest/release/app-release-androidTest.apk" "/data/local/tmp/detox/Test.apk"
detox[75528] TRACE: [EXEC_SUCCESS, #19] /Users/amitkremer/AppsFlyer/projects/REACT-NATIVE/detoxTest/android/app/build/outputs/apk/androidTest/release/app-release-androidTest.apk: 1 file pushed, 0 skipped. 133.6 MB/s (1330433 bytes in 0.009s)

detox[75528] DEBUG: [EXEC_CMD, #20] "/Users/amitkremer/Library/Android/sdk/platform-tools/adb" -s emulator-5554 shell "pm install -r -g -t /data/local/tmp/detox/Test.apk"
detox[75528] TRACE: [EXEC_SUCCESS, #20] Success

ROOT_DESCRIBE_BLOCK[75528] TRACE: [ARTIFACTS_LIFECYCLE] artifactsManager.onRunDescribeStart({ name: 'ROOT_DESCRIBE_BLOCK' })
Example[75528] TRACE: [ARTIFACTS_LIFECYCLE] artifactsManager.onRunDescribeStart({ name: 'Example' })
detox[75528] INFO:  [97mExample[39m is assigned to [94memulator-5554 (Nexus_5)[39m
detox[75528] TRACE: [ARTIFACTS_LIFECYCLE] artifactsManager.onBeforeTerminateApp({ deviceId: 'emulator-5554', bundleId: 'com.detoxtest' })
detox[75528] DEBUG: [EXEC_CMD, #21] "/Users/amitkremer/Library/Android/sdk/platform-tools/adb" -s emulator-5554 shell "am force-stop com.detoxtest"
detox[75528] TRACE: [EXEC_SUCCESS, #21] 
detox[75528] TRACE: [ARTIFACTS_LIFECYCLE] artifactsManager.onTerminateApp({ deviceId: 'emulator-5554', bundleId: 'com.detoxtest' })
detox[75528] TRACE: [ARTIFACTS_LIFECYCLE] artifactsManager.onBeforeLaunchApp({
  deviceId: 'emulator-5554',
  bundleId: 'com.detoxtest',
  launchArgs: {
    detoxServer: 'ws://localhost:60450',
    detoxSessionId: '7d89f164-af6b-c9dc-64c4-8893db044759'
  }
})
detox[75528] DEBUG: [EXEC_CMD, #22] "/Users/amitkremer/Library/Android/sdk/platform-tools/adb" -s emulator-5554 shell "date +\"%m-%d %T.000\""
detox[75528] TRACE: [EXEC_SUCCESS, #22] 04-13 11:19:57.000

detox[75528] DEBUG: [EXEC_CMD, #23] "/Users/amitkremer/Library/Android/sdk/platform-tools/adb" -s emulator-5554 reverse tcp:60450 tcp:60450
detox[75528] TRACE: [EXEC_SUCCESS, #23] 60450

detox[75528] DEBUG: [EXEC_CMD, #24] "/Users/amitkremer/Library/Android/sdk/platform-tools/adb" -s emulator-5554 shell "pm list instrumentation"
detox[75528] TRACE: [EXEC_SUCCESS, #24] instrumentation:com.appsflyer.reactnative.test/android.test.InstrumentationTestRunner (target=com.appsflyer.reactnative.test)
instrumentation:com.detoxtest.test/androidx.test.runner.AndroidJUnitRunner (target=com.detoxtest)

detox[75528] DEBUG: [SPAWN_CMD, #75572] /Users/amitkremer/Library/Android/sdk/platform-tools/adb -s emulator-5554 shell am instrument -w -r -e detoxServer ws://localhost:60450 -e detoxSessionId 7d89f164-af6b-c9dc-64c4-8893db044759 -e debug false com.detoxtest.test/androidx.test.runner.AndroidJUnitRunner
detox[75528] DEBUG: [EXEC_CMD, #25] "/Users/amitkremer/Library/Android/sdk/platform-tools/adb" -s emulator-5554 shell "ps | grep \"com\.detoxtest$\""
detox[75528] TRACE: [EXEC_SUCCESS, #25] u0_a244       19396    359 1288304 101716 0                   0 R com.detoxtest

detox[19396] TRACE: [ARTIFACTS_LIFECYCLE] artifactsManager.onLaunchApp({
  deviceId: 'emulator-5554',
  bundleId: 'com.detoxtest',
  launchArgs: {
    detoxServer: 'ws://localhost:60450',
    detoxSessionId: '7d89f164-af6b-c9dc-64c4-8893db044759'
  },
  pid: 19396
})
detox[75528] TRACE: [ARTIFACT_START] starting ADBLogcatRecording
detox[75528] DEBUG: [SPAWN_CMD, #75574] /Users/amitkremer/Library/Android/sdk/platform-tools/adb -s emulator-5554 shell "logcat -T \"04-13 11:19:57.000\" --pid=19396 -f /sdcard/111952718_0.log"
detox[75528] TRACE: [SPAWN_STDOUT, #75572] INSTRUMENTATION_STATUS: class=com.detoxtest.DetoxTest
INSTRUMENTATION_STATUS: current=1
INSTRUMENTATION_STATUS: id=AndroidJUnitRunner
INSTRUMENTATION_STATUS: numtests=1
INSTRUMENTATION_STATUS: stream=
com.detoxtest.DetoxTest:
INSTRUMENTATION_STATUS: test=runDetoxTests

detox[75528] TRACE: [SPAWN_STDOUT, #75572] INSTRUMENTATION_STATUS_CODE: 1

detox[75528] DEBUG: [EXEC_CMD, #26] "/Users/amitkremer/Library/Android/sdk/platform-tools/adb" -s emulator-5554 shell du /sdcard/111952718_0.log
detox[75528] TRACE: [EXEC_SUCCESS, #26] 4	/sdcard/111952718_0.log

detox[75528] TRACE: [GET_FROM, #60532] {"messageId":0,"type":"login","params":{"role":"app","sessionId":"7d89f164-af6b-c9dc-64c4-8893db044759"}}
detox[75528] TRACE: [SEND_TO, #app] {"messageId":0,"type":"loginSuccess","params":{"testerConnected":true,"appConnected":true}}
detox[75528] TRACE: [SESSION_JOINED] app joined session 7d89f164-af6b-c9dc-64c4-8893db044759
detox[75528] TRACE: [SEND_TO, #tester] {"type":"appConnected"}
detox[75528] TRACE: [WS_MESSAGE] {"type":"appConnected"}
 
detox[75528] TRACE: [WS_SEND] {"type":"isReady","params":{},"messageId":-1000}
detox[75528] TRACE: [GET_FROM, #app] {"messageId":-1000,"type":"ready","params":{}}
detox[75528] TRACE: [SEND_TO, #tester] {"messageId":-1000,"type":"ready","params":{}}
detox[75528] TRACE: [GET_FROM, #tester] {"type":"isReady","params":{},"messageId":-1000}
detox[75528] TRACE: [SEND_TO, #app] {"type":"isReady","params":{},"messageId":-1000}
detox[75528] TRACE: [WS_MESSAGE] {"messageId":-1000,"type":"ready","params":{}}
 
detox[19396] TRACE: [ARTIFACTS_LIFECYCLE] artifactsManager.onAppReady({ deviceId: 'emulator-5554', bundleId: 'com.detoxtest', pid: 19396 })
detox[75528] INFO:  [1m[37mExample: [39m[22m[90minitSdk button should return  success[39m
detox[75528] TRACE: [DETOX_BEFORE_EACH] running test: "Example initSdk button should return  success"
detox[75528] TRACE: [ARTIFACTS_LIFECYCLE] artifactsManager.onTestStart({
  title: 'initSdk button should return  success',
  fullName: 'Example initSdk button should return  success',
  status: 'running',
  invocations: 1
})
detox[75528] TRACE: [ARTIFACT_STOP] stopping ADBLogcatRecording
detox[75528] DEBUG: [EXEC_CMD, #27] "/Users/amitkremer/Library/Android/sdk/platform-tools/adb" -s emulator-5554 shell "date +\"%m-%d %T.000\""
detox[75528] TRACE: [GET_FROM, #app] {"messageId":-1000,"type":"ready","params":{}}
detox[75528] TRACE: [SEND_TO, #tester] {"messageId":-1000,"type":"ready","params":{}}
detox[75528] TRACE: [WS_MESSAGE] {"messageId":-1000,"type":"ready","params":{}}
 
detox[75528] TRACE: [EXEC_SUCCESS, #27] 04-13 11:19:59.000

detox[75528] TRACE: [SPAWN_KILL, #75574] sending SIGINT to: /Users/amitkremer/Library/Android/sdk/platform-tools/adb -s emulator-5554 shell logcat -T "04-13 11:19:57.000" --pid=19396 -f /sdcard/111952718_0.log
detox[75528] DEBUG: [SPAWN_END, #75574] /Users/amitkremer/Library/Android/sdk/platform-tools/adb -s emulator-5554 shell "logcat -T \"04-13 11:19:57.000\" --pid=19396 -f /sdcard/111952718_0.log" terminated with SIGINT
detox[75528] TRACE: [ARTIFACT_START] starting ADBLogcatRecording
detox[75528] DEBUG: [SPAWN_CMD, #75577] /Users/amitkremer/Library/Android/sdk/platform-tools/adb -s emulator-5554 shell "logcat -T \"04-13 11:19:59.000\" --pid=19396 -f /sdcard/111952718_1.log"
detox[75528] TRACE: [WS_SEND] {"type":"reactNativeReload","params":{},"messageId":-1000}
detox[75528] TRACE: [GET_FROM, #tester] {"type":"reactNativeReload","params":{},"messageId":-1000}
detox[75528] TRACE: [SEND_TO, #app] {"type":"reactNativeReload","params":{},"messageId":-1000}
detox[75528] TRACE: [GET_FROM, #app] {"messageId":-1000,"type":"ready","params":{}}
detox[75528] TRACE: [SEND_TO, #tester] {"messageId":-1000,"type":"ready","params":{}}
detox[75528] TRACE: [WS_MESSAGE] {"messageId":-1000,"type":"ready","params":{}}
 
detox[75528] TRACE: [WS_SEND] {"type":"invoke","params":{"target":{"type":"Class","value":"com.wix.detox.espresso.DetoxAssertion"},"method":"assertMatcher","args":[{"type":"Invocation","value":{"target":{"type":"Class","value":"androidx.test.espresso.Espresso"},"method":"onView","args":[{"type":"Invocation","value":{"target":{"type":"Class","value":"com.wix.detox.espresso.DetoxMatcher"},"method":"matcherForTestId","args":["initButton"]}}]}},{"type":"Invocation","value":{"target":{"type":"Class","value":"com.wix.detox.espresso.DetoxMatcher"},"method":"matcherForSufficientlyVisible","args":[]}}]},"messageId":1}
detox[75528] TRACE: [GET_FROM, #tester] {"type":"invoke","params":{"target":{"type":"Class","value":"com.wix.detox.espresso.DetoxAssertion"},"method":"assertMatcher","args":[{"type":"Invocation","value":{"target":{"type":"Class","value":"androidx.test.espresso.Espresso"},"method":"onView","args":[{"type":"Invocation","value":{"target":{"type":"Class","value":"com.wix.detox.espresso.DetoxMatcher"},"method":"matcherForTestId","args":["initButton"]}}]}},{"type":"Invocation","value":{"target":{"type":"Class","value":"com.wix.detox.espresso.DetoxMatcher"},"method":"matcherForSufficientlyVisible","args":[]}}]},"messageId":1}
detox[75528] TRACE: [SEND_TO, #app] {"type":"invoke","params":{"target":{"type":"Class","value":"com.wix.detox.espresso.DetoxAssertion"},"method":"assertMatcher","args":[{"type":"Invocation","value":{"target":{"type":"Class","value":"androidx.test.espresso.Espresso"},"method":"onView","args":[{"type":"Invocation","value":{"target":{"type":"Class","value":"com.wix.detox.espresso.DetoxMatcher"},"method":"matcherForTestId","args":["initButton"]}}]}},{"type":"Invocation","value":{"target":{"type":"Class","value":"com.wix.detox.espresso.DetoxMatcher"},"method":"matcherForSufficientlyVisible","args":[]}}]},"messageId":1}
detox[75528] DEBUG: [EXEC_CMD, #28] "/Users/amitkremer/Library/Android/sdk/platform-tools/adb" -s emulator-5554 shell du /sdcard/111952718_1.log
detox[75528] TRACE: [EXEC_SUCCESS, #28] 4	/sdcard/111952718_1.log

detox[75528] TRACE: [GET_FROM, #app] {"messageId":1,"type":"invokeResult","params":{"result":null}}
detox[75528] TRACE: [SEND_TO, #tester] {"messageId":1,"type":"invokeResult","params":{"result":null}}
detox[75528] TRACE: [WS_MESSAGE] {"messageId":1,"type":"invokeResult","params":{"result":null}}
 
detox[75528] TRACE: [DETOX_AFTER_EACH] passed test: "Example initSdk button should return  success"
detox[75528] TRACE: [ARTIFACTS_LIFECYCLE] artifactsManager.onTestDone({
  title: 'initSdk button should return  success',
  fullName: 'Example initSdk button should return  success',
  status: 'passed',
  invocations: 1,
  timedOut: false
})
detox[75528] TRACE: [ARTIFACT_STOP] stopping ADBLogcatRecording
detox[75528] DEBUG: [EXEC_CMD, #29] "/Users/amitkremer/Library/Android/sdk/platform-tools/adb" -s emulator-5554 shell "date +\"%m-%d %T.000\""
detox[75528] TRACE: [EXEC_SUCCESS, #29] 04-13 11:19:59.000

detox[75528] TRACE: [SPAWN_KILL, #75577] sending SIGINT to: /Users/amitkremer/Library/Android/sdk/platform-tools/adb -s emulator-5554 shell logcat -T "04-13 11:19:59.000" --pid=19396 -f /sdcard/111952718_1.log
detox[75528] DEBUG: [SPAWN_END, #75577] /Users/amitkremer/Library/Android/sdk/platform-tools/adb -s emulator-5554 shell "logcat -T \"04-13 11:19:59.000\" --pid=19396 -f /sdcard/111952718_1.log" terminated with SIGINT
detox[75528] INFO:  [1m[37mExample: [39m[22m[90minitSdk button should return  success[39m[90m [[32mOK[90m][39m
detox[75528] INFO:  [1m[37mExample: [39m[22m[90minitSdk should return  success[39m
detox[75528] TRACE: [DETOX_BEFORE_EACH] running test: "Example initSdk should return  success"
detox[75528] TRACE: [ARTIFACTS_LIFECYCLE] artifactsManager.onTestStart({
  title: 'initSdk should return  success',
  fullName: 'Example initSdk should return  success',
  status: 'running',
  invocations: 1
})
detox[75528] TRACE: [ARTIFACT_START] starting ADBLogcatRecording
detox[75528] DEBUG: [SPAWN_CMD, #75582] /Users/amitkremer/Library/Android/sdk/platform-tools/adb -s emulator-5554 shell "logcat -T \"04-13 11:19:59.000\" --pid=19396 -f /sdcard/111952718_2.log"
detox[75528] TRACE: [WS_SEND] {"type":"reactNativeReload","params":{},"messageId":-1000}
detox[75528] TRACE: [GET_FROM, #tester] {"type":"reactNativeReload","params":{},"messageId":-1000}
detox[75528] TRACE: [SEND_TO, #app] {"type":"reactNativeReload","params":{},"messageId":-1000}
detox[75528] TRACE: [ARTIFACT_SAVE] saving ADBLogcatRecording to: artifacts/android.2021-04-13 08-19-51Z/✓ Example initSdk button should return  success/process.log
detox[75528] DEBUG: [EXEC_CMD, #30] "/Users/amitkremer/Library/Android/sdk/platform-tools/adb" -s emulator-5554 pull "/sdcard/111952718_1.log" "artifacts/android.2021-04-13 08-19-51Z/✓ Example initSdk button should return  success/process.log"
detox[75528] TRACE: [EXEC_SUCCESS, #30] /sdcard/111952718_1.log: 1 file pulled, 0 skipped. 2.1 MB/s (11360 bytes in 0.005s)

detox[75528] DEBUG: [EXEC_CMD, #31] "/Users/amitkremer/Library/Android/sdk/platform-tools/adb" -s emulator-5554 shell "rm  \"/sdcard/111952718_1.log\""
detox[75528] TRACE: [EXEC_SUCCESS, #31] 
detox[75528] TRACE: [ARTIFACT_SAVE] saving ADBLogcatRecording to: artifacts/android.2021-04-13 08-19-51Z/emulator-5554 2021-04-13 08-20-01Z.startup.log
detox[75528] DEBUG: [EXEC_CMD, #32] "/Users/amitkremer/Library/Android/sdk/platform-tools/adb" -s emulator-5554 pull "/sdcard/111952718_0.log" "artifacts/android.2021-04-13 08-19-51Z/emulator-5554 2021-04-13 08-20-01Z.startup.log"
detox[75528] TRACE: [GET_FROM, #app] {"messageId":-1000,"type":"ready","params":{}}
detox[75528] TRACE: [SEND_TO, #tester] {"messageId":-1000,"type":"ready","params":{}}
detox[75528] TRACE: [WS_MESSAGE] {"messageId":-1000,"type":"ready","params":{}}
 
detox[75528] TRACE: [WS_SEND] {"type":"invoke","params":{"target":{"type":"Class","value":"com.wix.detox.espresso.EspressoDetox"},"method":"perform","args":[{"type":"Invocation","value":{"target":{"type":"Class","value":"androidx.test.espresso.Espresso"},"method":"onView","args":[{"type":"Invocation","value":{"target":{"type":"Class","value":"com.wix.detox.espresso.DetoxMatcher"},"method":"matcherForTestId","args":["initButton"]}}]}},{"type":"Invocation","value":{"target":{"type":"Class","value":"com.wix.detox.espresso.DetoxViewActions"},"method":"click","args":[]}}]},"messageId":2}
detox[75528] TRACE: [ARTIFACTS_LIFECYCLE] artifactsManager.onTestFnFailure({
  error: DetoxRuntimeError: expect() argument is invalid, expected a native or web matcher, but got object
      at AndroidExpect.expect (/Users/amitkremer/AppsFlyer/projects/REACT-NATIVE/detoxTest/node_modules/detox/src/android/AndroidExpect.js:49:11)
      at _callee5$ (/Users/amitkremer/AppsFlyer/projects/REACT-NATIVE/detoxTest/e2e/firstTest.e2e.js:18:15)
      at tryCatch (/Users/amitkremer/AppsFlyer/projects/REACT-NATIVE/detoxTest/node_modules/regenerator-runtime/runtime.js:63:40)
      at Generator.invoke [as _invoke] (/Users/amitkremer/AppsFlyer/projects/REACT-NATIVE/detoxTest/node_modules/regenerator-runtime/runtime.js:293:22)
      at Generator.next (/Users/amitkremer/AppsFlyer/projects/REACT-NATIVE/detoxTest/node_modules/regenerator-runtime/runtime.js:118:21)
      at tryCatch (/Users/amitkremer/AppsFlyer/projects/REACT-NATIVE/detoxTest/node_modules/regenerator-runtime/runtime.js:63:40)
      at invoke (/Users/amitkremer/AppsFlyer/projects/REACT-NATIVE/detoxTest/node_modules/regenerator-runtime/runtime.js:154:20)
      at /Users/amitkremer/AppsFlyer/projects/REACT-NATIVE/detoxTest/node_modules/regenerator-runtime/runtime.js:189:11
      at new Promise (<anonymous>)
      at callInvokeWithMethodAndArg (/Users/amitkremer/AppsFlyer/projects/REACT-NATIVE/detoxTest/node_modules/regenerator-runtime/runtime.js:188:16)
      at AsyncIterator.enqueue (/Users/amitkremer/AppsFlyer/projects/REACT-NATIVE/detoxTest/node_modules/regenerator-runtime/runtime.js:211:13)
      at AsyncIterator.next (/Users/amitkremer/AppsFlyer/projects/REACT-NATIVE/detoxTest/node_modules/regenerator-runtime/runtime.js:118:21)
      at Object.<anonymous>.exports.async (/Users/amitkremer/AppsFlyer/projects/REACT-NATIVE/detoxTest/node_modules/regenerator-runtime/runtime.js:238:14)
      at Object._callee5 (/Users/amitkremer/AppsFlyer/projects/REACT-NATIVE/detoxTest/e2e/firstTest.e2e.js:17:42)
      at Promise.then.completed (/Users/amitkremer/AppsFlyer/projects/REACT-NATIVE/detoxTest/node_modules/jest-circus/build/utils.js:276:28)
      at new Promise (<anonymous>)
})
detox[75528] TRACE: [DETOX_AFTER_EACH] failed test: "Example initSdk should return  success"
detox[75528] TRACE: [ARTIFACTS_LIFECYCLE] artifactsManager.onTestDone({
  title: 'initSdk should return  success',
  fullName: 'Example initSdk should return  success',
  status: 'failed',
  invocations: 1,
  timedOut: false
})
detox[75528] TRACE: [ARTIFACT_STOP] stopping ADBLogcatRecording
detox[75528] TRACE: [GET_FROM, #tester] {"type":"invoke","params":{"target":{"type":"Class","value":"com.wix.detox.espresso.EspressoDetox"},"method":"perform","args":[{"type":"Invocation","value":{"target":{"type":"Class","value":"androidx.test.espresso.Espresso"},"method":"onView","args":[{"type":"Invocation","value":{"target":{"type":"Class","value":"com.wix.detox.espresso.DetoxMatcher"},"method":"matcherForTestId","args":["initButton"]}}]}},{"type":"Invocation","value":{"target":{"type":"Class","value":"com.wix.detox.espresso.DetoxViewActions"},"method":"click","args":[]}}]},"messageId":2}
detox[75528] TRACE: [SEND_TO, #app] {"type":"invoke","params":{"target":{"type":"Class","value":"com.wix.detox.espresso.EspressoDetox"},"method":"perform","args":[{"type":"Invocation","value":{"target":{"type":"Class","value":"androidx.test.espresso.Espresso"},"method":"onView","args":[{"type":"Invocation","value":{"target":{"type":"Class","value":"com.wix.detox.espresso.DetoxMatcher"},"method":"matcherForTestId","args":["initButton"]}}]}},{"type":"Invocation","value":{"target":{"type":"Class","value":"com.wix.detox.espresso.DetoxViewActions"},"method":"click","args":[]}}]},"messageId":2}
detox[75528] TRACE: [EXEC_SUCCESS, #32] /sdcard/111952718_0.log: 1 file pulled, 0 skipped. 5.8 MB/s (27682 bytes in 0.005s)

detox[75528] DEBUG: [EXEC_CMD, #33] "/Users/amitkremer/Library/Android/sdk/platform-tools/adb" -s emulator-5554 shell "rm  \"/sdcard/111952718_0.log\""
detox[75528] TRACE: [EXEC_SUCCESS, #33] 
detox[75528] DEBUG: [EXEC_CMD, #34] "/Users/amitkremer/Library/Android/sdk/platform-tools/adb" -s emulator-5554 shell du /sdcard/111952718_2.log
detox[75528] TRACE: [EXEC_SUCCESS, #34] 4	/sdcard/111952718_2.log

detox[75528] DEBUG: [EXEC_CMD, #35] "/Users/amitkremer/Library/Android/sdk/platform-tools/adb" -s emulator-5554 shell "date +\"%m-%d %T.000\""
detox[75528] TRACE: [EXEC_SUCCESS, #35] 04-13 11:19:59.000

detox[75528] TRACE: [SPAWN_KILL, #75582] sending SIGINT to: /Users/amitkremer/Library/Android/sdk/platform-tools/adb -s emulator-5554 shell logcat -T "04-13 11:19:59.000" --pid=19396 -f /sdcard/111952718_2.log
detox[75528] DEBUG: [SPAWN_END, #75582] /Users/amitkremer/Library/Android/sdk/platform-tools/adb -s emulator-5554 shell "logcat -T \"04-13 11:19:59.000\" --pid=19396 -f /sdcard/111952718_2.log" terminated with SIGINT
detox[75528] INFO:  [1m[37mExample: [39m[22m[90minitSdk should return  success[39m[90m [[31mFAIL[90m][39m
detox[75528] INFO:  [1m[37mExample: [39m[22m[90minitSdk should return  success[39m
detox[75528] TRACE: [DETOX_BEFORE_EACH] running test: "Example initSdk should return  success"
detox[75528] TRACE: [ARTIFACTS_LIFECYCLE] artifactsManager.onTestStart({
  title: 'initSdk should return  success',
  fullName: 'Example initSdk should return  success',
  status: 'running',
  invocations: 1
})
detox[75528] TRACE: [ARTIFACT_START] starting ADBLogcatRecording
detox[75528] DEBUG: [SPAWN_CMD, #75590] /Users/amitkremer/Library/Android/sdk/platform-tools/adb -s emulator-5554 shell "logcat -T \"04-13 11:19:59.000\" --pid=19396 -f /sdcard/111952718_3.log"
detox[75528] TRACE: [WS_SEND] {"type":"reactNativeReload","params":{},"messageId":-1000}
detox[75528] TRACE: [ARTIFACT_SAVE] saving ADBLogcatRecording to: artifacts/android.2021-04-13 08-19-51Z/✗ Example initSdk should return  success/process.log
detox[75528] DEBUG: [EXEC_CMD, #36] "/Users/amitkremer/Library/Android/sdk/platform-tools/adb" -s emulator-5554 pull "/sdcard/111952718_2.log" "artifacts/android.2021-04-13 08-19-51Z/✗ Example initSdk should return  success/process.log"
detox[75528] TRACE: [GET_FROM, #tester] {"type":"reactNativeReload","params":{},"messageId":-1000}
detox[75528] TRACE: [SEND_TO, #app] {"type":"reactNativeReload","params":{},"messageId":-1000}
detox[75528] TRACE: [EXEC_SUCCESS, #36] /sdcard/111952718_2.log: 1 file pulled, 0 skipped. 5.3 MB/s (21154 bytes in 0.004s)

detox[75528] DEBUG: [EXEC_CMD, #37] "/Users/amitkremer/Library/Android/sdk/platform-tools/adb" -s emulator-5554 shell "rm  \"/sdcard/111952718_2.log\""
detox[75528] TRACE: [EXEC_SUCCESS, #37] 
detox[75528] DEBUG: [EXEC_CMD, #38] "/Users/amitkremer/Library/Android/sdk/platform-tools/adb" -s emulator-5554 shell du /sdcard/111952718_3.log
detox[75528] TRACE: [EXEC_SUCCESS, #38] 4	/sdcard/111952718_3.log

detox[75528] TRACE: [GET_FROM, #app] {"messageId":2,"type":"invokeResult","params":{"result":null}}
detox[75528] TRACE: [SEND_TO, #tester] {"messageId":2,"type":"invokeResult","params":{"result":null}}
detox[75528] TRACE: [WS_MESSAGE] {"messageId":2,"type":"invokeResult","params":{"result":null}}
 
detox[75528] TRACE: [GET_FROM, #app] {"messageId":-1000,"type":"ready","params":{}}
detox[75528] TRACE: [SEND_TO, #tester] {"messageId":-1000,"type":"ready","params":{}}
detox[75528] TRACE: [WS_MESSAGE] {"messageId":-1000,"type":"ready","params":{}}
 
detox[75528] TRACE: [WS_SEND] {"type":"invoke","params":{"target":{"type":"Class","value":"com.wix.detox.espresso.DetoxAssertion"},"method":"assertMatcher","args":[{"type":"Invocation","value":{"target":{"type":"Class","value":"androidx.test.espresso.Espresso"},"method":"onView","args":[{"type":"Invocation","value":{"target":{"type":"Class","value":"com.wix.detox.espresso.DetoxMatcher"},"method":"matcherForTestId","args":["initResult"]}}]}},{"type":"Invocation","value":{"target":{"type":"Class","value":"com.wix.detox.espresso.DetoxMatcher"},"method":"matcherForText","args":["Success"]}}]},"messageId":3}
detox[75528] TRACE: [GET_FROM, #tester] {"type":"invoke","params":{"target":{"type":"Class","value":"com.wix.detox.espresso.DetoxAssertion"},"method":"assertMatcher","args":[{"type":"Invocation","value":{"target":{"type":"Class","value":"androidx.test.espresso.Espresso"},"method":"onView","args":[{"type":"Invocation","value":{"target":{"type":"Class","value":"com.wix.detox.espresso.DetoxMatcher"},"method":"matcherForTestId","args":["initResult"]}}]}},{"type":"Invocation","value":{"target":{"type":"Class","value":"com.wix.detox.espresso.DetoxMatcher"},"method":"matcherForText","args":["Success"]}}]},"messageId":3}
detox[75528] TRACE: [SEND_TO, #app] {"type":"invoke","params":{"target":{"type":"Class","value":"com.wix.detox.espresso.DetoxAssertion"},"method":"assertMatcher","args":[{"type":"Invocation","value":{"target":{"type":"Class","value":"androidx.test.espresso.Espresso"},"method":"onView","args":[{"type":"Invocation","value":{"target":{"type":"Class","value":"com.wix.detox.espresso.DetoxMatcher"},"method":"matcherForTestId","args":["initResult"]}}]}},{"type":"Invocation","value":{"target":{"type":"Class","value":"com.wix.detox.espresso.DetoxMatcher"},"method":"matcherForText","args":["Success"]}}]},"messageId":3}
detox[75528] TRACE: [GET_FROM, #app] {"messageId":3,"type":"testFailed","params":{"details":"'(with text: is \"Success\" and view has effective visibility=VISIBLE)' doesn't match the selected view.\nExpected: (with text: is \"Success\" and view has effective visibility=VISIBLE)\n     Got: \"ReactTextView{id=15, visibility=VISIBLE, width=1020, height=81, has-focus=false, has-focusable=false, has-window-focus=true, is-clickable=false, is-enabled=true, is-focused=false, is-focusable=false, is-layout-requested=false, is-selected=false, layout-params=android.view.ViewGroup$LayoutParams@4c55dc4, tag=initResult, root-is-layout-requested=false, has-input-connection=false, x=30.0, y=135.0, text=Not clicked yet, input-type=0, ime-target=false, has-links=false}\"\n"}}
detox[75528] TRACE: [SEND_TO, #tester] {"messageId":3,"type":"testFailed","params":{"details":"'(with text: is \"Success\" and view has effective visibility=VISIBLE)' doesn't match the selected view.\nExpected: (with text: is \"Success\" and view has effective visibility=VISIBLE)\n     Got: \"ReactTextView{id=15, visibility=VISIBLE, width=1020, height=81, has-focus=false, has-focusable=false, has-window-focus=true, is-clickable=false, is-enabled=true, is-focused=false, is-focusable=false, is-layout-requested=false, is-selected=false, layout-params=android.view.ViewGroup$LayoutParams@4c55dc4, tag=initResult, root-is-layout-requested=false, has-input-connection=false, x=30.0, y=135.0, text=Not clicked yet, input-type=0, ime-target=false, has-links=false}\"\n"}}
detox[75528] TRACE: [WS_MESSAGE] {"messageId":3,"type":"testFailed","params":{"details":"'(with text: is \"Success\" and view has effective visibility=VISIBLE)' doesn't match the selected view.\nExpected: (with text: is \"Success\" and view has effective visibility=VISIBLE)\n     Got: \"ReactTextView{id=15, visibility=VISIBLE, width=1020, height=81, has-focus=false, has-focusable=false, has-window-focus=true, is-clickable=false, is-enabled=true, is-focused=false, is-focusable=false, is-layout-requested=false, is-selected=false, layout-params=android.view.ViewGroup$LayoutParams@4c55dc4, tag=initResult, root-is-layout-requested=false, has-input-connection=false, x=30.0, y=135.0, text=Not clicked yet, input-type=0, ime-target=false, has-links=false}\"\n"}}
 
detox[75528] TRACE: [ARTIFACTS_LIFECYCLE] artifactsManager.onTestFnFailure({
  error: Error: Test Failed: '(with text: is "Success" and view has effective visibility=VISIBLE)' doesn't match the selected view.
  Expected: (with text: is "Success" and view has effective visibility=VISIBLE)
       Got: "ReactTextView{id=15, visibility=VISIBLE, width=1020, height=81, has-focus=false, has-focusable=false, has-window-focus=true, is-clickable=false, is-enabled=true, is-focused=false, is-focusable=false, is-layout-requested=false, is-selected=false, layout-params=android.view.ViewGroup$LayoutParams@4c55dc4, tag=initResult, root-is-layout-requested=false, has-input-connection=false, x=30.0, y=135.0, text=Not clicked yet, input-type=0, ime-target=false, has-links=false}"
      at _callee6$ (/Users/amitkremer/AppsFlyer/projects/REACT-NATIVE/detoxTest/e2e/firstTest.e2e.js:21:52)
      at tryCatch (/Users/amitkremer/AppsFlyer/projects/REACT-NATIVE/detoxTest/node_modules/regenerator-runtime/runtime.js:63:40)
      at Generator.invoke [as _invoke] (/Users/amitkremer/AppsFlyer/projects/REACT-NATIVE/detoxTest/node_modules/regenerator-runtime/runtime.js:293:22)
      at Generator.next (/Users/amitkremer/AppsFlyer/projects/REACT-NATIVE/detoxTest/node_modules/regenerator-runtime/runtime.js:118:21)
      at tryCatch (/Users/amitkremer/AppsFlyer/projects/REACT-NATIVE/detoxTest/node_modules/regenerator-runtime/runtime.js:63:40)
      at invoke (/Users/amitkremer/AppsFlyer/projects/REACT-NATIVE/detoxTest/node_modules/regenerator-runtime/runtime.js:154:20)
      at /Users/amitkremer/AppsFlyer/projects/REACT-NATIVE/detoxTest/node_modules/regenerator-runtime/runtime.js:189:11
      at new Promise (<anonymous>)
})
detox[75528] TRACE: [DETOX_AFTER_EACH] failed test: "Example initSdk should return  success"
detox[75528] TRACE: [ARTIFACTS_LIFECYCLE] artifactsManager.onTestDone({
  title: 'initSdk should return  success',
  fullName: 'Example initSdk should return  success',
  status: 'failed',
  invocations: 1,
  timedOut: false
})
detox[75528] TRACE: [ARTIFACT_STOP] stopping ADBLogcatRecording
detox[75528] DEBUG: [EXEC_CMD, #39] "/Users/amitkremer/Library/Android/sdk/platform-tools/adb" -s emulator-5554 shell "date +\"%m-%d %T.000\""
detox[75528] TRACE: [EXEC_SUCCESS, #39] 04-13 11:20:00.000

detox[75528] TRACE: [SPAWN_KILL, #75590] sending SIGINT to: /Users/amitkremer/Library/Android/sdk/platform-tools/adb -s emulator-5554 shell logcat -T "04-13 11:19:59.000" --pid=19396 -f /sdcard/111952718_3.log
detox[75528] DEBUG: [SPAWN_END, #75590] /Users/amitkremer/Library/Android/sdk/platform-tools/adb -s emulator-5554 shell "logcat -T \"04-13 11:19:59.000\" --pid=19396 -f /sdcard/111952718_3.log" terminated with SIGINT
detox[75528] INFO:  [1m[37mExample: [39m[22m[90minitSdk should return  success[39m[90m [[31mFAIL[90m][39m
Example[75528] TRACE: [ARTIFACTS_LIFECYCLE] artifactsManager.onRunDescribeFinish({ name: 'Example' })
ROOT_DESCRIBE_BLOCK[75528] TRACE: [ARTIFACTS_LIFECYCLE] artifactsManager.onRunDescribeFinish({ name: 'ROOT_DESCRIBE_BLOCK' })
detox[75528] TRACE: [ARTIFACTS_LIFECYCLE] artifactsManager.onBeforeCleanup()
detox[75528] TRACE: [ARTIFACT_SAVE] saving ADBLogcatRecording to: artifacts/android.2021-04-13 08-19-51Z/✗ Example initSdk should return  success/process.log
detox[75528] DEBUG: [EXEC_CMD, #40] "/Users/amitkremer/Library/Android/sdk/platform-tools/adb" -s emulator-5554 pull "/sdcard/111952718_3.log" "artifacts/android.2021-04-13 08-19-51Z/✗ Example initSdk should return  success/process.log"
detox[75528] TRACE: [EXEC_SUCCESS, #40] /sdcard/111952718_3.log: 1 file pulled, 0 skipped. 9.6 MB/s (38908 bytes in 0.004s)

detox[75528] DEBUG: [EXEC_CMD, #41] "/Users/amitkremer/Library/Android/sdk/platform-tools/adb" -s emulator-5554 shell "rm  \"/sdcard/111952718_3.log\""
detox[75528] TRACE: [EXEC_SUCCESS, #41] 
detox[75528] TRACE: [ARTIFACT_START] starting FileArtifact
detox[75528] TRACE: [ARTIFACT_STOP] stopping FileArtifact
detox[75528] TRACE: [ARTIFACT_SAVE] saving FileArtifact to: artifacts/android.2021-04-13 08-19-51Z/detox_pid_75528.json.log { append: true }
detox[75528] TRACE: [ARTIFACT_START] starting FileArtifact
detox[75528] TRACE: [ARTIFACT_STOP] stopping FileArtifact
detox[75528] TRACE: [ARTIFACT_SAVE] saving FileArtifact to: artifacts/android.2021-04-13 08-19-51Z/detox_pid_75528.log { append: true }
detox[75528] DEBUG: [MOVE_FILE] moving "/private/var/folders/hh/9zq41fns7kbbqgb6q6pqk0z80000gp/T/b47809d0-0e11-4183-adc2-807d8ae2ba7f.detox.log" to artifacts/android.2021-04-13 08-19-51Z/detox_pid_75528.log
detox[75528] DEBUG: [MOVE_FILE] moving "/private/var/folders/hh/9zq41fns7kbbqgb6q6pqk0z80000gp/T/dbb40676-bc55-4648-af79-ea1b73588ac0.detox.log" to artifacts/android.2021-04-13 08-19-51Z/detox_pid_75528.json.log
detox[75528] TRACE: [WS_SEND] {"type":"cleanup","params":{"stopRunner":false},"messageId":-49642}
detox[75528] TRACE: [GET_FROM, #tester] {"type":"cleanup","params":{"stopRunner":false},"messageId":-49642}
detox[75528] TRACE: [SEND_TO, #app] {"type":"cleanup","params":{"stopRunner":false},"messageId":-49642}
detox[75528] TRACE: [GET_FROM, #app] {"messageId":-49642,"type":"cleanupDone","params":{}}
detox[75528] TRACE: [SEND_TO, #tester] {"messageId":-49642,"type":"cleanupDone","params":{}}
detox[75528] TRACE: [WS_MESSAGE] {"messageId":-49642,"type":"cleanupDone","params":{}}
 
detox[75528] TRACE: [SESSION_TORN] tester exited session 7d89f164-af6b-c9dc-64c4-8893db044759
detox[75528] TRACE: [SEND_TO, #app] {"type":"testerDisconnected","messageId":-1}
detox[75528] TRACE: [SPAWN_KILL, #75572] sending SIGINT to: /Users/amitkremer/Library/Android/sdk/platform-tools/adb -s emulator-5554 shell am instrument -w -r -e detoxServer ws://localhost:60450 -e detoxSessionId 7d89f164-af6b-c9dc-64c4-8893db044759 -e debug false com.detoxtest.test/androidx.test.runner.AndroidJUnitRunner
detox[75528] DEBUG: [SPAWN_END, #75572] /Users/amitkremer/Library/Android/sdk/platform-tools/adb -s emulator-5554 shell am instrument -w -r -e detoxServer ws://localhost:60450 -e detoxSessionId 7d89f164-af6b-c9dc-64c4-8893db044759 -e debug false com.detoxtest.test/androidx.test.runner.AndroidJUnitRunner terminated with SIGINT
detox[75528] DEBUG: [EXEC_CMD, #42] "/Users/amitkremer/Library/Android/sdk/platform-tools/adb" -s emulator-5554 reverse --remove tcp:60450
detox[75528] DEBUG: [SERVER_CLOSE] Detox server has been closed gracefully
detox[75528] TRACE: [SESSION_TORN] app exited session 7d89f164-af6b-c9dc-64c4-8893db044759
detox[75528] TRACE: [EXEC_SUCCESS, #42] 
detox[75528] WARN:  at node_modules/jest/node_modules/jest-cli/build/cli/index.js:261:15 
 [33m[1mJest did not exit one second after the test run has completed.[22m[39m
[33m[1m[22m[39m
[33m[1m[22m[39m[33mThis usually means that there are asynchronous operations that weren't stopped in your tests. Consider running Jest with `--detectOpenHandles` to troubleshoot this issue.[39m
detox[75528] DEBUG: [APP_STATUS] Failed to execute the current status query.
